{"/home/sarun/Desktop/Capstone_Pawan_Completed/frontend/src/App.js": {"path":"/home/sarun/Desktop/Capstone_Pawan_Completed/frontend/src/App.js","statementMap":{"0":{"start":{"line":20,"column":20},"end":{"line":20,"column":28}},"1":{"start":{"line":21,"column":2},"end":{"line":21,"column":40}},"2":{"start":{"line":21,"column":21},"end":{"line":21,"column":40}},"3":{"start":{"line":22,"column":2},"end":{"line":22,"column":70}},"4":{"start":{"line":22,"column":30},"end":{"line":22,"column":70}},"5":{"start":{"line":23,"column":2},"end":{"line":23,"column":18}},"6":{"start":{"line":27,"column":20},"end":{"line":27,"column":28}},"7":{"start":{"line":28,"column":2},"end":{"line":28,"column":40}},"8":{"start":{"line":28,"column":21},"end":{"line":28,"column":40}},"9":{"start":{"line":29,"column":2},"end":{"line":29,"column":70}},"10":{"start":{"line":29,"column":30},"end":{"line":29,"column":70}},"11":{"start":{"line":30,"column":2},"end":{"line":30,"column":81}},"12":{"start":{"line":30,"column":37},"end":{"line":30,"column":81}},"13":{"start":{"line":31,"column":2},"end":{"line":31,"column":18}},"14":{"start":{"line":35,"column":20},"end":{"line":35,"column":28}},"15":{"start":{"line":36,"column":22},"end":{"line":36,"column":65}},"16":{"start":{"line":37,"column":2},"end":{"line":37,"column":40}},"17":{"start":{"line":37,"column":21},"end":{"line":37,"column":40}},"18":{"start":{"line":38,"column":2},"end":{"line":38,"column":70}},"19":{"start":{"line":38,"column":30},"end":{"line":38,"column":70}},"20":{"start":{"line":39,"column":2},"end":{"line":39,"column":107}},"21":{"start":{"line":39,"column":36},"end":{"line":39,"column":107}},"22":{"start":{"line":40,"column":2},"end":{"line":40,"column":18}},"23":{"start":{"line":44,"column":20},"end":{"line":44,"column":28}},"24":{"start":{"line":45,"column":22},"end":{"line":45,"column":65}},"25":{"start":{"line":47,"column":2},"end":{"line":56,"column":3}},"26":{"start":{"line":48,"column":4},"end":{"line":55,"column":6}},"27":{"start":{"line":58,"column":2},"end":{"line":107,"column":4}},"28":{"start":{"line":111,"column":2},"end":{"line":115,"column":4}}},"fnMap":{"0":{"name":"ProtectedRoute","decl":{"start":{"line":19,"column":9},"end":{"line":19,"column":23}},"loc":{"start":{"line":19,"column":38},"end":{"line":24,"column":1}},"line":19},"1":{"name":"ClientRoute","decl":{"start":{"line":26,"column":9},"end":{"line":26,"column":20}},"loc":{"start":{"line":26,"column":35},"end":{"line":32,"column":1}},"line":26},"2":{"name":"AdminRoute","decl":{"start":{"line":34,"column":9},"end":{"line":34,"column":19}},"loc":{"start":{"line":34,"column":34},"end":{"line":41,"column":1}},"line":34},"3":{"name":"AppRoutes","decl":{"start":{"line":43,"column":9},"end":{"line":43,"column":18}},"loc":{"start":{"line":43,"column":21},"end":{"line":108,"column":1}},"line":43},"4":{"name":"App","decl":{"start":{"line":110,"column":24},"end":{"line":110,"column":27}},"loc":{"start":{"line":110,"column":30},"end":{"line":116,"column":1}},"line":110}},"branchMap":{"0":{"loc":{"start":{"line":21,"column":2},"end":{"line":21,"column":40}},"type":"if","locations":[{"start":{"line":21,"column":2},"end":{"line":21,"column":40}},{"start":{},"end":{}}],"line":21},"1":{"loc":{"start":{"line":22,"column":2},"end":{"line":22,"column":70}},"type":"if","locations":[{"start":{"line":22,"column":2},"end":{"line":22,"column":70}},{"start":{},"end":{}}],"line":22},"2":{"loc":{"start":{"line":28,"column":2},"end":{"line":28,"column":40}},"type":"if","locations":[{"start":{"line":28,"column":2},"end":{"line":28,"column":40}},{"start":{},"end":{}}],"line":28},"3":{"loc":{"start":{"line":29,"column":2},"end":{"line":29,"column":70}},"type":"if","locations":[{"start":{"line":29,"column":2},"end":{"line":29,"column":70}},{"start":{},"end":{}}],"line":29},"4":{"loc":{"start":{"line":30,"column":2},"end":{"line":30,"column":81}},"type":"if","locations":[{"start":{"line":30,"column":2},"end":{"line":30,"column":81}},{"start":{},"end":{}}],"line":30},"5":{"loc":{"start":{"line":37,"column":2},"end":{"line":37,"column":40}},"type":"if","locations":[{"start":{"line":37,"column":2},"end":{"line":37,"column":40}},{"start":{},"end":{}}],"line":37},"6":{"loc":{"start":{"line":38,"column":2},"end":{"line":38,"column":70}},"type":"if","locations":[{"start":{"line":38,"column":2},"end":{"line":38,"column":70}},{"start":{},"end":{}}],"line":38},"7":{"loc":{"start":{"line":39,"column":2},"end":{"line":39,"column":107}},"type":"if","locations":[{"start":{"line":39,"column":2},"end":{"line":39,"column":107}},{"start":{},"end":{}}],"line":39},"8":{"loc":{"start":{"line":39,"column":57},"end":{"line":39,"column":94}},"type":"cond-expr","locations":[{"start":{"line":39,"column":71},"end":{"line":39,"column":79}},{"start":{"line":39,"column":82},"end":{"line":39,"column":94}}],"line":39},"9":{"loc":{"start":{"line":47,"column":2},"end":{"line":56,"column":3}},"type":"if","locations":[{"start":{"line":47,"column":2},"end":{"line":56,"column":3}},{"start":{},"end":{}}],"line":47},"10":{"loc":{"start":{"line":50,"column":38},"end":{"line":50,"column":138}},"type":"cond-expr","locations":[{"start":{"line":50,"column":94},"end":{"line":50,"column":126}},{"start":{"line":50,"column":129},"end":{"line":50,"column":138}}],"line":50},"11":{"loc":{"start":{"line":50,"column":38},"end":{"line":50,"column":91}},"type":"binary-expr","locations":[{"start":{"line":50,"column":38},"end":{"line":50,"column":59}},{"start":{"line":50,"column":63},"end":{"line":50,"column":91}}],"line":50},"12":{"loc":{"start":{"line":63,"column":17},"end":{"line":63,"column":89}},"type":"cond-expr","locations":[{"start":{"line":63,"column":41},"end":{"line":63,"column":77}},{"start":{"line":63,"column":80},"end":{"line":63,"column":89}}],"line":63}},"s":{"0":0,"1":0,"2":0,"3":0,"4":0,"5":0,"6":0,"7":0,"8":0,"9":0,"10":0,"11":0,"12":0,"13":0,"14":0,"15":0,"16":0,"17":0,"18":0,"19":0,"20":0,"21":0,"22":0,"23":0,"24":0,"25":0,"26":0,"27":0,"28":0},"f":{"0":0,"1":0,"2":0,"3":0,"4":0},"b":{"0":[0,0],"1":[0,0],"2":[0,0],"3":[0,0],"4":[0,0],"5":[0,0],"6":[0,0],"7":[0,0],"8":[0,0],"9":[0,0],"10":[0,0],"11":[0,0],"12":[0,0]}}
,"/home/sarun/Desktop/Capstone_Pawan_Completed/frontend/src/index.js": {"path":"/home/sarun/Desktop/Capstone_Pawan_Completed/frontend/src/index.js","statementMap":{"0":{"start":{"line":6,"column":13},"end":{"line":6,"column":65}},"1":{"start":{"line":7,"column":0},"end":{"line":13,"column":2}}},"fnMap":{},"branchMap":{},"s":{"0":0,"1":0},"f":{},"b":{}}
,"/home/sarun/Desktop/Capstone_Pawan_Completed/frontend/src/setupProxy.js": {"path":"/home/sarun/Desktop/Capstone_Pawan_Completed/frontend/src/setupProxy.js","statementMap":{"0":{"start":{"line":1,"column":34},"end":{"line":1,"column":66}},"1":{"start":{"line":3,"column":0},"end":{"line":11,"column":2}},"2":{"start":{"line":4,"column":2},"end":{"line":10,"column":4}}},"fnMap":{"0":{"name":"(anonymous_0)","decl":{"start":{"line":3,"column":17},"end":{"line":3,"column":18}},"loc":{"start":{"line":3,"column":31},"end":{"line":11,"column":1}},"line":3}},"branchMap":{},"s":{"0":0,"1":0,"2":0},"f":{"0":0},"b":{}}
,"/home/sarun/Desktop/Capstone_Pawan_Completed/frontend/src/test-utils.js": {"path":"/home/sarun/Desktop/Capstone_Pawan_Completed/frontend/src/test-utils.js","statementMap":{"0":{"start":{"line":5,"column":2},"end":{"line":5,"column":76}}},"fnMap":{"0":{"name":"renderWithRouter","decl":{"start":{"line":4,"column":16},"end":{"line":4,"column":32}},"loc":{"start":{"line":4,"column":59},"end":{"line":6,"column":1}},"line":4}},"branchMap":{"0":{"loc":{"start":{"line":4,"column":37},"end":{"line":4,"column":57}},"type":"default-arg","locations":[{"start":{"line":4,"column":55},"end":{"line":4,"column":57}}],"line":4},"1":{"loc":{"start":{"line":4,"column":39},"end":{"line":4,"column":50}},"type":"default-arg","locations":[{"start":{"line":4,"column":47},"end":{"line":4,"column":50}}],"line":4}},"s":{"0":47},"f":{"0":47},"b":{"0":[19],"1":[19]},"_coverageSchema":"1a1c01bbd47fc00a2c39e90264f33305004495a9","hash":"b17ba8444cab2edee1f560a9abb1afc4a1b88eef"}
,"/home/sarun/Desktop/Capstone_Pawan_Completed/frontend/src/components/auth/Login.js": {"path":"/home/sarun/Desktop/Capstone_Pawan_Completed/frontend/src/components/auth/Login.js","statementMap":{"0":{"start":{"line":5,"column":15},"end":{"line":26,"column":1}},"1":{"start":{"line":29,"column":22},"end":{"line":29,"column":65}},"2":{"start":{"line":30,"column":70},"end":{"line":30,"column":79}},"3":{"start":{"line":31,"column":19},"end":{"line":31,"column":32}},"4":{"start":{"line":32,"column":24},"end":{"line":32,"column":67}},"5":{"start":{"line":33,"column":28},"end":{"line":33,"column":40}},"6":{"start":{"line":34,"column":34},"end":{"line":34,"column":46}},"7":{"start":{"line":35,"column":36},"end":{"line":35,"column":48}},"8":{"start":{"line":36,"column":34},"end":{"line":36,"column":46}},"9":{"start":{"line":37,"column":26},"end":{"line":37,"column":48}},"10":{"start":{"line":39,"column":16},"end":{"line":39,"column":27}},"11":{"start":{"line":41,"column":23},"end":{"line":45,"column":3}},"12":{"start":{"line":42,"column":4},"end":{"line":42,"column":23}},"13":{"start":{"line":43,"column":4},"end":{"line":43,"column":36}},"14":{"start":{"line":43,"column":29},"end":{"line":43,"column":36}},"15":{"start":{"line":44,"column":4},"end":{"line":44,"column":38}},"16":{"start":{"line":47,"column":25},"end":{"line":51,"column":3}},"17":{"start":{"line":48,"column":4},"end":{"line":48,"column":23}},"18":{"start":{"line":49,"column":21},"end":{"line":49,"column":68}},"19":{"start":{"line":50,"column":4},"end":{"line":50,"column":57}},"20":{"start":{"line":53,"column":25},"end":{"line":55,"column":3}},"21":{"start":{"line":54,"column":4},"end":{"line":54,"column":29}},"22":{"start":{"line":57,"column":2},"end":{"line":229,"column":4}},"23":{"start":{"line":74,"column":16},"end":{"line":76,"column":22}},"24":{"start":{"line":99,"column":93},"end":{"line":99,"column":109}},"25":{"start":{"line":100,"column":95},"end":{"line":100,"column":113}},"26":{"start":{"line":106,"column":96},"end":{"line":106,"column":114}},"27":{"start":{"line":110,"column":122},"end":{"line":110,"column":146}},"28":{"start":{"line":115,"column":129},"end":{"line":115,"column":147}},"29":{"start":{"line":117,"column":121},"end":{"line":117,"column":148}},"30":{"start":{"line":133,"column":126},"end":{"line":133,"column":147}},"31":{"start":{"line":141,"column":118},"end":{"line":141,"column":135}},"32":{"start":{"line":163,"column":98},"end":{"line":163,"column":114}},"33":{"start":{"line":168,"column":116},"end":{"line":168,"column":144}},"34":{"start":{"line":172,"column":114},"end":{"line":172,"column":141}},"35":{"start":{"line":177,"column":122},"end":{"line":177,"column":146}},"36":{"start":{"line":181,"column":130},"end":{"line":181,"column":157}},"37":{"start":{"line":188,"column":125},"end":{"line":188,"column":146}},"38":{"start":{"line":196,"column":117},"end":{"line":196,"column":134}}},"fnMap":{"0":{"name":"Login","decl":{"start":{"line":28,"column":24},"end":{"line":28,"column":29}},"loc":{"start":{"line":28,"column":32},"end":{"line":230,"column":1}},"line":28},"1":{"name":"(anonymous_1)","decl":{"start":{"line":41,"column":23},"end":{"line":41,"column":24}},"loc":{"start":{"line":41,"column":36},"end":{"line":45,"column":3}},"line":41},"2":{"name":"(anonymous_2)","decl":{"start":{"line":47,"column":25},"end":{"line":47,"column":26}},"loc":{"start":{"line":47,"column":38},"end":{"line":51,"column":3}},"line":47},"3":{"name":"(anonymous_3)","decl":{"start":{"line":53,"column":25},"end":{"line":53,"column":26}},"loc":{"start":{"line":53,"column":37},"end":{"line":55,"column":3}},"line":53},"4":{"name":"(anonymous_4)","decl":{"start":{"line":73,"column":34},"end":{"line":73,"column":35}},"loc":{"start":{"line":74,"column":16},"end":{"line":76,"column":22}},"line":74},"5":{"name":"(anonymous_5)","decl":{"start":{"line":99,"column":87},"end":{"line":99,"column":88}},"loc":{"start":{"line":99,"column":93},"end":{"line":99,"column":109}},"line":99},"6":{"name":"(anonymous_6)","decl":{"start":{"line":100,"column":89},"end":{"line":100,"column":90}},"loc":{"start":{"line":100,"column":95},"end":{"line":100,"column":113}},"line":100},"7":{"name":"(anonymous_7)","decl":{"start":{"line":106,"column":90},"end":{"line":106,"column":91}},"loc":{"start":{"line":106,"column":96},"end":{"line":106,"column":114}},"line":106},"8":{"name":"(anonymous_8)","decl":{"start":{"line":110,"column":115},"end":{"line":110,"column":116}},"loc":{"start":{"line":110,"column":122},"end":{"line":110,"column":146}},"line":110},"9":{"name":"(anonymous_9)","decl":{"start":{"line":115,"column":122},"end":{"line":115,"column":123}},"loc":{"start":{"line":115,"column":129},"end":{"line":115,"column":147}},"line":115},"10":{"name":"(anonymous_10)","decl":{"start":{"line":117,"column":114},"end":{"line":117,"column":115}},"loc":{"start":{"line":117,"column":121},"end":{"line":117,"column":148}},"line":117},"11":{"name":"(anonymous_11)","decl":{"start":{"line":133,"column":120},"end":{"line":133,"column":121}},"loc":{"start":{"line":133,"column":126},"end":{"line":133,"column":147}},"line":133},"12":{"name":"(anonymous_12)","decl":{"start":{"line":141,"column":112},"end":{"line":141,"column":113}},"loc":{"start":{"line":141,"column":118},"end":{"line":141,"column":135}},"line":141},"13":{"name":"(anonymous_13)","decl":{"start":{"line":163,"column":92},"end":{"line":163,"column":93}},"loc":{"start":{"line":163,"column":98},"end":{"line":163,"column":114}},"line":163},"14":{"name":"(anonymous_14)","decl":{"start":{"line":168,"column":109},"end":{"line":168,"column":110}},"loc":{"start":{"line":168,"column":116},"end":{"line":168,"column":144}},"line":168},"15":{"name":"(anonymous_15)","decl":{"start":{"line":172,"column":107},"end":{"line":172,"column":108}},"loc":{"start":{"line":172,"column":114},"end":{"line":172,"column":141}},"line":172},"16":{"name":"(anonymous_16)","decl":{"start":{"line":177,"column":115},"end":{"line":177,"column":116}},"loc":{"start":{"line":177,"column":122},"end":{"line":177,"column":146}},"line":177},"17":{"name":"(anonymous_17)","decl":{"start":{"line":181,"column":123},"end":{"line":181,"column":124}},"loc":{"start":{"line":181,"column":130},"end":{"line":181,"column":157}},"line":181},"18":{"name":"(anonymous_18)","decl":{"start":{"line":188,"column":119},"end":{"line":188,"column":120}},"loc":{"start":{"line":188,"column":125},"end":{"line":188,"column":146}},"line":188},"19":{"name":"(anonymous_19)","decl":{"start":{"line":196,"column":111},"end":{"line":196,"column":112}},"loc":{"start":{"line":196,"column":117},"end":{"line":196,"column":134}},"line":196}},"branchMap":{"0":{"loc":{"start":{"line":32,"column":33},"end":{"line":32,"column":66}},"type":"cond-expr","locations":[{"start":{"line":32,"column":47},"end":{"line":32,"column":55}},{"start":{"line":32,"column":58},"end":{"line":32,"column":66}}],"line":32},"1":{"loc":{"start":{"line":43,"column":4},"end":{"line":43,"column":36}},"type":"if","locations":[{"start":{"line":43,"column":4},"end":{"line":43,"column":36}},{"start":{},"end":{}}],"line":43},"2":{"loc":{"start":{"line":43,"column":8},"end":{"line":43,"column":27}},"type":"binary-expr","locations":[{"start":{"line":43,"column":8},"end":{"line":43,"column":14}},{"start":{"line":43,"column":18},"end":{"line":43,"column":27}}],"line":43},"3":{"loc":{"start":{"line":88,"column":11},"end":{"line":95,"column":11}},"type":"binary-expr","locations":[{"start":{"line":88,"column":11},"end":{"line":88,"column":23}},{"start":{"line":89,"column":10},"end":{"line":94,"column":17}}],"line":88},"4":{"loc":{"start":{"line":97,"column":11},"end":{"line":102,"column":11}},"type":"binary-expr","locations":[{"start":{"line":97,"column":11},"end":{"line":97,"column":23}},{"start":{"line":98,"column":10},"end":{"line":101,"column":16}}],"line":97},"5":{"loc":{"start":{"line":99,"column":42},"end":{"line":99,"column":74}},"type":"cond-expr","locations":[{"start":{"line":99,"column":61},"end":{"line":99,"column":69}},{"start":{"line":99,"column":72},"end":{"line":99,"column":74}}],"line":99},"6":{"loc":{"start":{"line":100,"column":42},"end":{"line":100,"column":76}},"type":"cond-expr","locations":[{"start":{"line":100,"column":63},"end":{"line":100,"column":71}},{"start":{"line":100,"column":74},"end":{"line":100,"column":76}}],"line":100},"7":{"loc":{"start":{"line":104,"column":11},"end":{"line":225,"column":11}},"type":"cond-expr","locations":[{"start":{"line":105,"column":12},"end":{"line":160,"column":18}},{"start":{"line":162,"column":12},"end":{"line":224,"column":18}}],"line":104},"8":{"loc":{"start":{"line":105,"column":54},"end":{"line":105,"column":91}},"type":"cond-expr","locations":[{"start":{"line":105,"column":68},"end":{"line":105,"column":86}},{"start":{"line":105,"column":89},"end":{"line":105,"column":91}}],"line":105},"9":{"loc":{"start":{"line":106,"column":15},"end":{"line":106,"column":136}},"type":"binary-expr","locations":[{"start":{"line":106,"column":15},"end":{"line":106,"column":27}},{"start":{"line":106,"column":31},"end":{"line":106,"column":136}}],"line":106},"10":{"loc":{"start":{"line":115,"column":21},"end":{"line":115,"column":160}},"type":"binary-expr","locations":[{"start":{"line":115,"column":21},"end":{"line":115,"column":33}},{"start":{"line":115,"column":37},"end":{"line":115,"column":160}}],"line":115},"11":{"loc":{"start":{"line":119,"column":17},"end":{"line":119,"column":70}},"type":"binary-expr","locations":[{"start":{"line":119,"column":17},"end":{"line":119,"column":22}},{"start":{"line":119,"column":26},"end":{"line":119,"column":70}}],"line":119},"12":{"loc":{"start":{"line":121,"column":19},"end":{"line":121,"column":56}},"type":"cond-expr","locations":[{"start":{"line":121,"column":29},"end":{"line":121,"column":44}},{"start":{"line":121,"column":47},"end":{"line":121,"column":56}}],"line":121},"13":{"loc":{"start":{"line":125,"column":15},"end":{"line":158,"column":18}},"type":"binary-expr","locations":[{"start":{"line":125,"column":15},"end":{"line":125,"column":27}},{"start":{"line":126,"column":16},"end":{"line":158,"column":17}}],"line":125},"14":{"loc":{"start":{"line":159,"column":15},"end":{"line":159,"column":155}},"type":"binary-expr","locations":[{"start":{"line":159,"column":15},"end":{"line":159,"column":27}},{"start":{"line":159,"column":31},"end":{"line":159,"column":155}}],"line":159},"15":{"loc":{"start":{"line":163,"column":15},"end":{"line":163,"column":133}},"type":"binary-expr","locations":[{"start":{"line":163,"column":15},"end":{"line":163,"column":27}},{"start":{"line":163,"column":31},"end":{"line":163,"column":133}}],"line":163},"16":{"loc":{"start":{"line":205,"column":17},"end":{"line":205,"column":70}},"type":"binary-expr","locations":[{"start":{"line":205,"column":17},"end":{"line":205,"column":22}},{"start":{"line":205,"column":26},"end":{"line":205,"column":70}}],"line":205},"17":{"loc":{"start":{"line":207,"column":19},"end":{"line":207,"column":69}},"type":"cond-expr","locations":[{"start":{"line":207,"column":29},"end":{"line":207,"column":50}},{"start":{"line":207,"column":53},"end":{"line":207,"column":69}}],"line":207},"18":{"loc":{"start":{"line":211,"column":15},"end":{"line":213,"column":15}},"type":"binary-expr","locations":[{"start":{"line":211,"column":15},"end":{"line":211,"column":27}},{"start":{"line":212,"column":14},"end":{"line":212,"column":65}}],"line":211},"19":{"loc":{"start":{"line":214,"column":15},"end":{"line":222,"column":15}},"type":"binary-expr","locations":[{"start":{"line":214,"column":15},"end":{"line":214,"column":27}},{"start":{"line":215,"column":14},"end":{"line":221,"column":23}}],"line":214},"20":{"loc":{"start":{"line":223,"column":15},"end":{"line":223,"column":164}},"type":"binary-expr","locations":[{"start":{"line":223,"column":15},"end":{"line":223,"column":27}},{"start":{"line":223,"column":31},"end":{"line":223,"column":164}}],"line":223}},"s":{"0":1,"1":35,"2":35,"3":35,"4":35,"5":35,"6":35,"7":35,"8":35,"9":35,"10":35,"11":35,"12":3,"13":3,"14":2,"15":1,"16":35,"17":1,"18":1,"19":1,"20":35,"21":2,"22":35,"23":140,"24":0,"25":6,"26":0,"27":2,"28":0,"29":2,"30":0,"31":1,"32":1,"33":1,"34":1,"35":1,"36":1,"37":0,"38":0},"f":{"0":35,"1":3,"2":1,"3":2,"4":140,"5":0,"6":6,"7":0,"8":2,"9":0,"10":2,"11":0,"12":1,"13":1,"14":1,"15":1,"16":1,"17":1,"18":0,"19":0},"b":{"0":[1,34],"1":[2,1],"2":[3,2],"3":[35,34],"4":[35,34],"5":[24,10],"6":[10,24],"7":[25,10],"8":[1,24],"9":[25,24],"10":[25,24],"11":[25,1],"12":[3,22],"13":[25,24],"14":[25,24],"15":[10,10],"16":[10,0],"17":[1,9],"18":[10,10],"19":[10,10],"20":[10,10]},"_coverageSchema":"1a1c01bbd47fc00a2c39e90264f33305004495a9","hash":"85b97a5d9b98fec757d262df606a5af7809f8e9f"}
,"/home/sarun/Desktop/Capstone_Pawan_Completed/frontend/src/components/client/Dashboard.js": {"path":"/home/sarun/Desktop/Capstone_Pawan_Completed/frontend/src/components/client/Dashboard.js","statementMap":{"0":{"start":{"line":7,"column":19},"end":{"line":10,"column":1}},"1":{"start":{"line":13,"column":19},"end":{"line":13,"column":32}},"2":{"start":{"line":14,"column":20},"end":{"line":14,"column":28}},"3":{"start":{"line":15,"column":36},"end":{"line":15,"column":48}},"4":{"start":{"line":16,"column":30},"end":{"line":16,"column":42}},"5":{"start":{"line":17,"column":36},"end":{"line":17,"column":48}},"6":{"start":{"line":18,"column":62},"end":{"line":18,"column":74}},"7":{"start":{"line":19,"column":28},"end":{"line":19,"column":109}},"8":{"start":{"line":20,"column":42},"end":{"line":20,"column":57}},"9":{"start":{"line":21,"column":32},"end":{"line":21,"column":47}},"10":{"start":{"line":22,"column":28},"end":{"line":22,"column":40}},"11":{"start":{"line":23,"column":26},"end":{"line":25,"column":4}},"12":{"start":{"line":27,"column":15},"end":{"line":27,"column":25}},"13":{"start":{"line":29,"column":21},"end":{"line":29,"column":40}},"14":{"start":{"line":30,"column":25},"end":{"line":30,"column":77}},"15":{"start":{"line":32,"column":19},"end":{"line":55,"column":8}},"16":{"start":{"line":33,"column":4},"end":{"line":54,"column":14}},"17":{"start":{"line":34,"column":62},"end":{"line":39,"column":8}},"18":{"start":{"line":36,"column":70},"end":{"line":36,"column":92}},"19":{"start":{"line":37,"column":52},"end":{"line":37,"column":64}},"20":{"start":{"line":38,"column":87},"end":{"line":38,"column":99}},"21":{"start":{"line":40,"column":19},"end":{"line":40,"column":47}},"22":{"start":{"line":41,"column":6},"end":{"line":41,"column":25}},"23":{"start":{"line":42,"column":21},"end":{"line":42,"column":90}},"24":{"start":{"line":42,"column":38},"end":{"line":42,"column":89}},"25":{"start":{"line":43,"column":24},"end":{"line":43,"column":66}},"26":{"start":{"line":43,"column":41},"end":{"line":43,"column":65}},"27":{"start":{"line":44,"column":6},"end":{"line":50,"column":9}},"28":{"start":{"line":47,"column":37},"end":{"line":47,"column":72}},"29":{"start":{"line":48,"column":57},"end":{"line":48,"column":79}},"30":{"start":{"line":49,"column":51},"end":{"line":49,"column":70}},"31":{"start":{"line":51,"column":6},"end":{"line":51,"column":77}},"32":{"start":{"line":51,"column":49},"end":{"line":51,"column":68}},"33":{"start":{"line":52,"column":6},"end":{"line":52,"column":44}},"34":{"start":{"line":53,"column":6},"end":{"line":53,"column":52}},"35":{"start":{"line":57,"column":2},"end":{"line":57,"column":47}},"36":{"start":{"line":57,"column":20},"end":{"line":57,"column":31}},"37":{"start":{"line":59,"column":24},"end":{"line":83,"column":3}},"38":{"start":{"line":60,"column":4},"end":{"line":60,"column":23}},"39":{"start":{"line":61,"column":4},"end":{"line":61,"column":17}},"40":{"start":{"line":62,"column":4},"end":{"line":65,"column":5}},"41":{"start":{"line":63,"column":6},"end":{"line":63,"column":48}},"42":{"start":{"line":64,"column":6},"end":{"line":64,"column":13}},"43":{"start":{"line":66,"column":4},"end":{"line":66,"column":21}},"44":{"start":{"line":67,"column":4},"end":{"line":81,"column":5}},"45":{"start":{"line":68,"column":6},"end":{"line":75,"column":9}},"46":{"start":{"line":73,"column":62},"end":{"line":73,"column":70}},"47":{"start":{"line":76,"column":6},"end":{"line":76,"column":103}},"48":{"start":{"line":77,"column":6},"end":{"line":77,"column":29}},"49":{"start":{"line":78,"column":6},"end":{"line":78,"column":17}},"50":{"start":{"line":80,"column":6},"end":{"line":80,"column":67}},"51":{"start":{"line":82,"column":4},"end":{"line":82,"column":22}},"52":{"start":{"line":85,"column":31},"end":{"line":92,"column":3}},"53":{"start":{"line":86,"column":4},"end":{"line":91,"column":5}},"54":{"start":{"line":87,"column":6},"end":{"line":87,"column":72}},"55":{"start":{"line":88,"column":6},"end":{"line":88,"column":17}},"56":{"start":{"line":90,"column":6},"end":{"line":90,"column":71}},"57":{"start":{"line":94,"column":31},"end":{"line":101,"column":3}},"58":{"start":{"line":95,"column":4},"end":{"line":100,"column":5}},"59":{"start":{"line":96,"column":6},"end":{"line":96,"column":72}},"60":{"start":{"line":97,"column":6},"end":{"line":97,"column":17}},"61":{"start":{"line":99,"column":6},"end":{"line":99,"column":71}},"62":{"start":{"line":103,"column":26},"end":{"line":103,"column":100}},"63":{"start":{"line":103,"column":48},"end":{"line":103,"column":99}},"64":{"start":{"line":104,"column":27},"end":{"line":104,"column":72}},"65":{"start":{"line":104,"column":49},"end":{"line":104,"column":71}},"66":{"start":{"line":105,"column":26},"end":{"line":109,"column":3}},"67":{"start":{"line":106,"column":34},"end":{"line":106,"column":83}},"68":{"start":{"line":107,"column":35},"end":{"line":107,"column":102}},"69":{"start":{"line":108,"column":34},"end":{"line":108,"column":87}},"70":{"start":{"line":111,"column":2},"end":{"line":397,"column":4}},"71":{"start":{"line":121,"column":33},"end":{"line":121,"column":63}},"72":{"start":{"line":136,"column":78},"end":{"line":136,"column":99}},"73":{"start":{"line":182,"column":84},"end":{"line":182,"column":127}},"74":{"start":{"line":186,"column":102},"end":{"line":186,"column":151}},"75":{"start":{"line":191,"column":113},"end":{"line":191,"column":157}},"76":{"start":{"line":195,"column":108},"end":{"line":195,"column":159}},"77":{"start":{"line":201,"column":90},"end":{"line":201,"column":136}},"78":{"start":{"line":203,"column":45},"end":{"line":203,"column":83}},"79":{"start":{"line":208,"column":87},"end":{"line":208,"column":131}},"80":{"start":{"line":227,"column":18},"end":{"line":236,"column":24}},"81":{"start":{"line":273,"column":41},"end":{"line":273,"column":62}},"82":{"start":{"line":277,"column":18},"end":{"line":286,"column":24}},"83":{"start":{"line":299,"column":18},"end":{"line":319,"column":24}},"84":{"start":{"line":316,"column":24},"end":{"line":316,"column":102}},"85":{"start":{"line":337,"column":18},"end":{"line":355,"column":24}},"86":{"start":{"line":347,"column":45},"end":{"line":347,"column":71}},"87":{"start":{"line":348,"column":45},"end":{"line":348,"column":71}},"88":{"start":{"line":392,"column":35},"end":{"line":392,"column":56}}},"fnMap":{"0":{"name":"ClientDashboard","decl":{"start":{"line":12,"column":24},"end":{"line":12,"column":39}},"loc":{"start":{"line":12,"column":42},"end":{"line":398,"column":1}},"line":12},"1":{"name":"(anonymous_1)","decl":{"start":{"line":32,"column":31},"end":{"line":32,"column":32}},"loc":{"start":{"line":32,"column":43},"end":{"line":55,"column":3}},"line":32},"2":{"name":"(anonymous_2)","decl":{"start":{"line":36,"column":63},"end":{"line":36,"column":64}},"loc":{"start":{"line":36,"column":70},"end":{"line":36,"column":92}},"line":36},"3":{"name":"(anonymous_3)","decl":{"start":{"line":37,"column":45},"end":{"line":37,"column":46}},"loc":{"start":{"line":37,"column":52},"end":{"line":37,"column":64}},"line":37},"4":{"name":"(anonymous_4)","decl":{"start":{"line":38,"column":80},"end":{"line":38,"column":81}},"loc":{"start":{"line":38,"column":87},"end":{"line":38,"column":99}},"line":38},"5":{"name":"(anonymous_5)","decl":{"start":{"line":42,"column":33},"end":{"line":42,"column":34}},"loc":{"start":{"line":42,"column":38},"end":{"line":42,"column":89}},"line":42},"6":{"name":"(anonymous_6)","decl":{"start":{"line":43,"column":36},"end":{"line":43,"column":37}},"loc":{"start":{"line":43,"column":41},"end":{"line":43,"column":65}},"line":43},"7":{"name":"(anonymous_7)","decl":{"start":{"line":47,"column":27},"end":{"line":47,"column":28}},"loc":{"start":{"line":47,"column":37},"end":{"line":47,"column":72}},"line":47},"8":{"name":"(anonymous_8)","decl":{"start":{"line":48,"column":52},"end":{"line":48,"column":53}},"loc":{"start":{"line":48,"column":57},"end":{"line":48,"column":79}},"line":48},"9":{"name":"(anonymous_9)","decl":{"start":{"line":49,"column":46},"end":{"line":49,"column":47}},"loc":{"start":{"line":49,"column":51},"end":{"line":49,"column":70}},"line":49},"10":{"name":"(anonymous_10)","decl":{"start":{"line":51,"column":44},"end":{"line":51,"column":45}},"loc":{"start":{"line":51,"column":49},"end":{"line":51,"column":68}},"line":51},"11":{"name":"(anonymous_11)","decl":{"start":{"line":57,"column":12},"end":{"line":57,"column":13}},"loc":{"start":{"line":57,"column":18},"end":{"line":57,"column":33}},"line":57},"12":{"name":"(anonymous_12)","decl":{"start":{"line":59,"column":24},"end":{"line":59,"column":25}},"loc":{"start":{"line":59,"column":37},"end":{"line":83,"column":3}},"line":59},"13":{"name":"(anonymous_13)","decl":{"start":{"line":73,"column":57},"end":{"line":73,"column":58}},"loc":{"start":{"line":73,"column":62},"end":{"line":73,"column":70}},"line":73},"14":{"name":"(anonymous_14)","decl":{"start":{"line":85,"column":31},"end":{"line":85,"column":32}},"loc":{"start":{"line":85,"column":53},"end":{"line":92,"column":3}},"line":85},"15":{"name":"(anonymous_15)","decl":{"start":{"line":94,"column":31},"end":{"line":94,"column":32}},"loc":{"start":{"line":94,"column":53},"end":{"line":101,"column":3}},"line":94},"16":{"name":"(anonymous_16)","decl":{"start":{"line":103,"column":43},"end":{"line":103,"column":44}},"loc":{"start":{"line":103,"column":48},"end":{"line":103,"column":99}},"line":103},"17":{"name":"(anonymous_17)","decl":{"start":{"line":104,"column":44},"end":{"line":104,"column":45}},"loc":{"start":{"line":104,"column":49},"end":{"line":104,"column":71}},"line":104},"18":{"name":"(anonymous_18)","decl":{"start":{"line":106,"column":29},"end":{"line":106,"column":30}},"loc":{"start":{"line":106,"column":34},"end":{"line":106,"column":83}},"line":106},"19":{"name":"(anonymous_19)","decl":{"start":{"line":107,"column":30},"end":{"line":107,"column":31}},"loc":{"start":{"line":107,"column":35},"end":{"line":107,"column":102}},"line":107},"20":{"name":"(anonymous_20)","decl":{"start":{"line":108,"column":29},"end":{"line":108,"column":30}},"loc":{"start":{"line":108,"column":34},"end":{"line":108,"column":87}},"line":108},"21":{"name":"(anonymous_21)","decl":{"start":{"line":121,"column":27},"end":{"line":121,"column":28}},"loc":{"start":{"line":121,"column":33},"end":{"line":121,"column":63}},"line":121},"22":{"name":"(anonymous_22)","decl":{"start":{"line":136,"column":72},"end":{"line":136,"column":73}},"loc":{"start":{"line":136,"column":78},"end":{"line":136,"column":99}},"line":136},"23":{"name":"(anonymous_23)","decl":{"start":{"line":182,"column":79},"end":{"line":182,"column":80}},"loc":{"start":{"line":182,"column":84},"end":{"line":182,"column":127}},"line":182},"24":{"name":"(anonymous_24)","decl":{"start":{"line":186,"column":97},"end":{"line":186,"column":98}},"loc":{"start":{"line":186,"column":102},"end":{"line":186,"column":151}},"line":186},"25":{"name":"(anonymous_25)","decl":{"start":{"line":191,"column":108},"end":{"line":191,"column":109}},"loc":{"start":{"line":191,"column":113},"end":{"line":191,"column":157}},"line":191},"26":{"name":"(anonymous_26)","decl":{"start":{"line":195,"column":103},"end":{"line":195,"column":104}},"loc":{"start":{"line":195,"column":108},"end":{"line":195,"column":159}},"line":195},"27":{"name":"(anonymous_27)","decl":{"start":{"line":201,"column":85},"end":{"line":201,"column":86}},"loc":{"start":{"line":201,"column":90},"end":{"line":201,"column":136}},"line":201},"28":{"name":"(anonymous_28)","decl":{"start":{"line":203,"column":40},"end":{"line":203,"column":41}},"loc":{"start":{"line":203,"column":45},"end":{"line":203,"column":83}},"line":203},"29":{"name":"(anonymous_29)","decl":{"start":{"line":208,"column":82},"end":{"line":208,"column":83}},"loc":{"start":{"line":208,"column":87},"end":{"line":208,"column":131}},"line":208},"30":{"name":"(anonymous_30)","decl":{"start":{"line":226,"column":49},"end":{"line":226,"column":50}},"loc":{"start":{"line":227,"column":18},"end":{"line":236,"column":24}},"line":227},"31":{"name":"(anonymous_31)","decl":{"start":{"line":273,"column":35},"end":{"line":273,"column":36}},"loc":{"start":{"line":273,"column":41},"end":{"line":273,"column":62}},"line":273},"32":{"name":"(anonymous_32)","decl":{"start":{"line":276,"column":39},"end":{"line":276,"column":40}},"loc":{"start":{"line":277,"column":18},"end":{"line":286,"column":24}},"line":277},"33":{"name":"(anonymous_33)","decl":{"start":{"line":298,"column":56},"end":{"line":298,"column":57}},"loc":{"start":{"line":299,"column":18},"end":{"line":319,"column":24}},"line":299},"34":{"name":"(anonymous_34)","decl":{"start":{"line":315,"column":56},"end":{"line":315,"column":57}},"loc":{"start":{"line":316,"column":24},"end":{"line":316,"column":102}},"line":316},"35":{"name":"(anonymous_35)","decl":{"start":{"line":336,"column":49},"end":{"line":336,"column":50}},"loc":{"start":{"line":337,"column":18},"end":{"line":355,"column":24}},"line":337},"36":{"name":"(anonymous_36)","decl":{"start":{"line":347,"column":39},"end":{"line":347,"column":40}},"loc":{"start":{"line":347,"column":45},"end":{"line":347,"column":71}},"line":347},"37":{"name":"(anonymous_37)","decl":{"start":{"line":348,"column":39},"end":{"line":348,"column":40}},"loc":{"start":{"line":348,"column":45},"end":{"line":348,"column":71}},"line":348},"38":{"name":"(anonymous_38)","decl":{"start":{"line":392,"column":29},"end":{"line":392,"column":30}},"loc":{"start":{"line":392,"column":35},"end":{"line":392,"column":56}},"line":392}},"branchMap":{"0":{"loc":{"start":{"line":29,"column":21},"end":{"line":29,"column":40}},"type":"cond-expr","locations":[{"start":{"line":29,"column":33},"end":{"line":29,"column":35}},{"start":{"line":29,"column":38},"end":{"line":29,"column":40}}],"line":29},"1":{"loc":{"start":{"line":40,"column":19},"end":{"line":40,"column":47}},"type":"binary-expr","locations":[{"start":{"line":40,"column":19},"end":{"line":40,"column":41}},{"start":{"line":40,"column":45},"end":{"line":40,"column":47}}],"line":40},"2":{"loc":{"start":{"line":42,"column":38},"end":{"line":42,"column":89}},"type":"binary-expr","locations":[{"start":{"line":42,"column":38},"end":{"line":42,"column":59}},{"start":{"line":42,"column":63},"end":{"line":42,"column":89}}],"line":42},"3":{"loc":{"start":{"line":47,"column":52},"end":{"line":47,"column":71}},"type":"binary-expr","locations":[{"start":{"line":47,"column":52},"end":{"line":47,"column":66}},{"start":{"line":47,"column":70},"end":{"line":47,"column":71}}],"line":47},"4":{"loc":{"start":{"line":48,"column":26},"end":{"line":48,"column":92}},"type":"binary-expr","locations":[{"start":{"line":48,"column":26},"end":{"line":48,"column":87}},{"start":{"line":48,"column":91},"end":{"line":48,"column":92}}],"line":48},"5":{"loc":{"start":{"line":49,"column":18},"end":{"line":49,"column":83}},"type":"binary-expr","locations":[{"start":{"line":49,"column":18},"end":{"line":49,"column":78}},{"start":{"line":49,"column":82},"end":{"line":49,"column":83}}],"line":49},"6":{"loc":{"start":{"line":51,"column":16},"end":{"line":51,"column":75}},"type":"binary-expr","locations":[{"start":{"line":51,"column":16},"end":{"line":51,"column":69}},{"start":{"line":51,"column":73},"end":{"line":51,"column":75}}],"line":51},"7":{"loc":{"start":{"line":52,"column":19},"end":{"line":52,"column":42}},"type":"binary-expr","locations":[{"start":{"line":52,"column":19},"end":{"line":52,"column":36}},{"start":{"line":52,"column":40},"end":{"line":52,"column":42}}],"line":52},"8":{"loc":{"start":{"line":53,"column":32},"end":{"line":53,"column":50}},"type":"binary-expr","locations":[{"start":{"line":53,"column":32},"end":{"line":53,"column":44}},{"start":{"line":53,"column":48},"end":{"line":53,"column":50}}],"line":53},"9":{"loc":{"start":{"line":62,"column":4},"end":{"line":65,"column":5}},"type":"if","locations":[{"start":{"line":62,"column":4},"end":{"line":65,"column":5}},{"start":{},"end":{}}],"line":62},"10":{"loc":{"start":{"line":62,"column":8},"end":{"line":62,"column":35}},"type":"binary-expr","locations":[{"start":{"line":62,"column":8},"end":{"line":62,"column":19}},{"start":{"line":62,"column":23},"end":{"line":62,"column":35}}],"line":62},"11":{"loc":{"start":{"line":72,"column":18},"end":{"line":72,"column":39}},"type":"binary-expr","locations":[{"start":{"line":72,"column":18},"end":{"line":72,"column":31}},{"start":{"line":72,"column":35},"end":{"line":72,"column":39}}],"line":72},"12":{"loc":{"start":{"line":73,"column":16},"end":{"line":73,"column":76}},"type":"cond-expr","locations":[{"start":{"line":73,"column":30},"end":{"line":73,"column":71}},{"start":{"line":73,"column":74},"end":{"line":73,"column":76}}],"line":73},"13":{"loc":{"start":{"line":74,"column":23},"end":{"line":74,"column":79}},"type":"cond-expr","locations":[{"start":{"line":74,"column":44},"end":{"line":74,"column":72}},{"start":{"line":74,"column":75},"end":{"line":74,"column":79}}],"line":74},"14":{"loc":{"start":{"line":80,"column":15},"end":{"line":80,"column":65}},"type":"binary-expr","locations":[{"start":{"line":80,"column":15},"end":{"line":80,"column":41}},{"start":{"line":80,"column":45},"end":{"line":80,"column":65}}],"line":80},"15":{"loc":{"start":{"line":90,"column":12},"end":{"line":90,"column":69}},"type":"binary-expr","locations":[{"start":{"line":90,"column":12},"end":{"line":90,"column":38}},{"start":{"line":90,"column":42},"end":{"line":90,"column":69}}],"line":90},"16":{"loc":{"start":{"line":99,"column":12},"end":{"line":99,"column":69}},"type":"binary-expr","locations":[{"start":{"line":99,"column":12},"end":{"line":99,"column":38}},{"start":{"line":99,"column":42},"end":{"line":99,"column":69}}],"line":99},"17":{"loc":{"start":{"line":103,"column":48},"end":{"line":103,"column":99}},"type":"binary-expr","locations":[{"start":{"line":103,"column":48},"end":{"line":103,"column":69}},{"start":{"line":103,"column":73},"end":{"line":103,"column":99}}],"line":103},"18":{"loc":{"start":{"line":106,"column":34},"end":{"line":106,"column":83}},"type":"binary-expr","locations":[{"start":{"line":106,"column":34},"end":{"line":106,"column":55}},{"start":{"line":106,"column":59},"end":{"line":106,"column":83}}],"line":106},"19":{"loc":{"start":{"line":107,"column":35},"end":{"line":107,"column":102}},"type":"binary-expr","locations":[{"start":{"line":107,"column":35},"end":{"line":107,"column":68}},{"start":{"line":107,"column":72},"end":{"line":107,"column":102}}],"line":107},"20":{"loc":{"start":{"line":108,"column":34},"end":{"line":108,"column":87}},"type":"binary-expr","locations":[{"start":{"line":108,"column":34},"end":{"line":108,"column":54}},{"start":{"line":108,"column":58},"end":{"line":108,"column":87}}],"line":108},"21":{"loc":{"start":{"line":116,"column":27},"end":{"line":116,"column":53}},"type":"binary-expr","locations":[{"start":{"line":116,"column":27},"end":{"line":116,"column":41}},{"start":{"line":116,"column":45},"end":{"line":116,"column":53}}],"line":116},"22":{"loc":{"start":{"line":122,"column":13},"end":{"line":122,"column":59}},"type":"cond-expr","locations":[{"start":{"line":122,"column":28},"end":{"line":122,"column":36}},{"start":{"line":122,"column":39},"end":{"line":122,"column":59}}],"line":122},"23":{"loc":{"start":{"line":130,"column":39},"end":{"line":130,"column":79}},"type":"cond-expr","locations":[{"start":{"line":130,"column":60},"end":{"line":130,"column":71}},{"start":{"line":130,"column":74},"end":{"line":130,"column":79}}],"line":130},"24":{"loc":{"start":{"line":135,"column":34},"end":{"line":135,"column":77}},"type":"cond-expr","locations":[{"start":{"line":135,"column":55},"end":{"line":135,"column":69}},{"start":{"line":135,"column":72},"end":{"line":135,"column":77}}],"line":135},"25":{"loc":{"start":{"line":137,"column":13},"end":{"line":137,"column":71}},"type":"cond-expr","locations":[{"start":{"line":137,"column":34},"end":{"line":137,"column":50}},{"start":{"line":137,"column":53},"end":{"line":137,"column":71}}],"line":137},"26":{"loc":{"start":{"line":148,"column":36},"end":{"line":148,"column":116}},"type":"cond-expr","locations":[{"start":{"line":148,"column":65},"end":{"line":148,"column":100}},{"start":{"line":148,"column":103},"end":{"line":148,"column":116}}],"line":148},"27":{"loc":{"start":{"line":174,"column":11},"end":{"line":217,"column":11}},"type":"binary-expr","locations":[{"start":{"line":174,"column":11},"end":{"line":174,"column":23}},{"start":{"line":175,"column":12},"end":{"line":216,"column":18}}],"line":174},"28":{"loc":{"start":{"line":179,"column":19},"end":{"line":179,"column":72}},"type":"binary-expr","locations":[{"start":{"line":179,"column":19},"end":{"line":179,"column":24}},{"start":{"line":179,"column":28},"end":{"line":179,"column":72}}],"line":179},"29":{"loc":{"start":{"line":212,"column":21},"end":{"line":212,"column":56}},"type":"cond-expr","locations":[{"start":{"line":212,"column":31},"end":{"line":212,"column":43}},{"start":{"line":212,"column":46},"end":{"line":212,"column":56}}],"line":212},"30":{"loc":{"start":{"line":219,"column":11},"end":{"line":240,"column":11}},"type":"binary-expr","locations":[{"start":{"line":219,"column":11},"end":{"line":219,"column":37}},{"start":{"line":220,"column":12},"end":{"line":239,"column":18}}],"line":219},"31":{"loc":{"start":{"line":233,"column":29},"end":{"line":233,"column":79}},"type":"binary-expr","locations":[{"start":{"line":233,"column":29},"end":{"line":233,"column":46}},{"start":{"line":233,"column":50},"end":{"line":233,"column":79}}],"line":233},"32":{"loc":{"start":{"line":267,"column":15},"end":{"line":267,"column":89}},"type":"binary-expr","locations":[{"start":{"line":267,"column":15},"end":{"line":267,"column":32}},{"start":{"line":267,"column":36},"end":{"line":267,"column":89}}],"line":267},"33":{"loc":{"start":{"line":270,"column":15},"end":{"line":288,"column":15}},"type":"cond-expr","locations":[{"start":{"line":271,"column":16},"end":{"line":274,"column":22}},{"start":{"line":276,"column":16},"end":{"line":287,"column":18}}],"line":270},"34":{"loc":{"start":{"line":283,"column":23},"end":{"line":283,"column":146}},"type":"binary-expr","locations":[{"start":{"line":283,"column":23},"end":{"line":283,"column":35}},{"start":{"line":283,"column":39},"end":{"line":283,"column":146}}],"line":283},"35":{"loc":{"start":{"line":284,"column":23},"end":{"line":284,"column":81}},"type":"binary-expr","locations":[{"start":{"line":284,"column":23},"end":{"line":284,"column":40}},{"start":{"line":284,"column":44},"end":{"line":284,"column":81}}],"line":284},"36":{"loc":{"start":{"line":292,"column":11},"end":{"line":323,"column":11}},"type":"binary-expr","locations":[{"start":{"line":292,"column":11},"end":{"line":292,"column":44}},{"start":{"line":293,"column":12},"end":{"line":322,"column":18}}],"line":292},"37":{"loc":{"start":{"line":302,"column":25},"end":{"line":302,"column":79}},"type":"binary-expr","locations":[{"start":{"line":302,"column":25},"end":{"line":302,"column":46}},{"start":{"line":302,"column":50},"end":{"line":302,"column":79}}],"line":302},"38":{"loc":{"start":{"line":309,"column":23},"end":{"line":309,"column":97}},"type":"binary-expr","locations":[{"start":{"line":309,"column":23},"end":{"line":309,"column":44}},{"start":{"line":309,"column":48},"end":{"line":309,"column":97}}],"line":309},"39":{"loc":{"start":{"line":328,"column":15},"end":{"line":328,"column":109}},"type":"binary-expr","locations":[{"start":{"line":328,"column":15},"end":{"line":328,"column":42}},{"start":{"line":328,"column":46},"end":{"line":328,"column":109}}],"line":328},"40":{"loc":{"start":{"line":331,"column":15},"end":{"line":357,"column":15}},"type":"cond-expr","locations":[{"start":{"line":332,"column":16},"end":{"line":334,"column":22}},{"start":{"line":336,"column":16},"end":{"line":356,"column":18}}],"line":331},"41":{"loc":{"start":{"line":339,"column":79},"end":{"line":339,"column":124}},"type":"binary-expr","locations":[{"start":{"line":339,"column":79},"end":{"line":339,"column":90}},{"start":{"line":339,"column":94},"end":{"line":339,"column":124}}],"line":339},"42":{"loc":{"start":{"line":343,"column":35},"end":{"line":343,"column":85}},"type":"binary-expr","locations":[{"start":{"line":343,"column":35},"end":{"line":343,"column":52}},{"start":{"line":343,"column":56},"end":{"line":343,"column":85}}],"line":343},"43":{"loc":{"start":{"line":344,"column":23},"end":{"line":344,"column":106}},"type":"binary-expr","locations":[{"start":{"line":344,"column":23},"end":{"line":344,"column":39}},{"start":{"line":344,"column":43},"end":{"line":344,"column":106}}],"line":344},"44":{"loc":{"start":{"line":349,"column":23},"end":{"line":353,"column":23}},"type":"binary-expr","locations":[{"start":{"line":349,"column":23},"end":{"line":349,"column":37}},{"start":{"line":350,"column":24},"end":{"line":352,"column":31}}],"line":349}},"s":{"0":1,"1":18,"2":18,"3":18,"4":18,"5":18,"6":18,"7":18,"8":18,"9":18,"10":18,"11":18,"12":18,"13":18,"14":18,"15":18,"16":9,"17":9,"18":0,"19":0,"20":0,"21":9,"22":9,"23":9,"24":0,"25":9,"26":0,"27":9,"28":0,"29":1,"30":1,"31":9,"32":1,"33":9,"34":9,"35":18,"36":8,"37":18,"38":1,"39":1,"40":1,"41":0,"42":0,"43":1,"44":1,"45":1,"46":0,"47":1,"48":1,"49":1,"50":0,"51":1,"52":18,"53":0,"54":0,"55":0,"56":0,"57":18,"58":0,"59":0,"60":0,"61":0,"62":18,"63":0,"64":18,"65":0,"66":18,"67":0,"68":0,"69":0,"70":18,"71":2,"72":0,"73":1,"74":0,"75":1,"76":0,"77":0,"78":54,"79":0,"80":0,"81":0,"82":1,"83":0,"84":0,"85":0,"86":0,"87":0,"88":0},"f":{"0":18,"1":9,"2":0,"3":0,"4":0,"5":0,"6":0,"7":0,"8":1,"9":1,"10":1,"11":8,"12":1,"13":0,"14":0,"15":0,"16":0,"17":0,"18":0,"19":0,"20":0,"21":2,"22":0,"23":1,"24":0,"25":1,"26":0,"27":0,"28":54,"29":0,"30":0,"31":0,"32":1,"33":0,"34":0,"35":0,"36":0,"37":0,"38":0},"b":{"0":[18,0],"1":[9,1],"2":[0,0],"3":[0,0],"4":[9,8],"5":[9,8],"6":[9,0],"7":[9,0],"8":[9,0],"9":[0,1],"10":[1,1],"11":[1,1],"12":[0,1],"13":[0,1],"14":[0,0],"15":[0,0],"16":[0,0],"17":[0,0],"18":[0,0],"19":[0,0],"20":[0,0],"21":[18,0],"22":[6,12],"23":[1,17],"24":[1,17],"25":[1,17],"26":[0,18],"27":[18,6],"28":[6,0],"29":[1,5],"30":[18,0],"31":[0,0],"32":[18,1],"33":[17,1],"34":[1,0],"35":[1,0],"36":[18,0],"37":[0,0],"38":[0,0],"39":[18,0],"40":[18,0],"41":[0,0],"42":[0,0],"43":[0,0],"44":[0,0]},"_coverageSchema":"1a1c01bbd47fc00a2c39e90264f33305004495a9","hash":"e2874282e3b1464f6c140812c03676ae41b4d1b4"}
,"/home/sarun/Desktop/Capstone_Pawan_Completed/frontend/src/components/freelancer/Dashboard.js": {"path":"/home/sarun/Desktop/Capstone_Pawan_Completed/frontend/src/components/freelancer/Dashboard.js","statementMap":{"0":{"start":{"line":8,"column":20},"end":{"line":8,"column":28}},"1":{"start":{"line":9,"column":36},"end":{"line":9,"column":48}},"2":{"start":{"line":10,"column":26},"end":{"line":10,"column":38}},"3":{"start":{"line":11,"column":40},"end":{"line":11,"column":52}},"4":{"start":{"line":12,"column":28},"end":{"line":12,"column":88}},"5":{"start":{"line":13,"column":58},"end":{"line":13,"column":69}},"6":{"start":{"line":15,"column":15},"end":{"line":15,"column":25}},"7":{"start":{"line":17,"column":19},"end":{"line":50,"column":8}},"8":{"start":{"line":18,"column":4},"end":{"line":49,"column":14}},"9":{"start":{"line":19,"column":52},"end":{"line":23,"column":8}},"10":{"start":{"line":21,"column":80},"end":{"line":21,"column":92}},"11":{"start":{"line":22,"column":48},"end":{"line":22,"column":60}},"12":{"start":{"line":24,"column":19},"end":{"line":24,"column":47}},"13":{"start":{"line":25,"column":6},"end":{"line":25,"column":25}},"14":{"start":{"line":26,"column":6},"end":{"line":26,"column":34}},"15":{"start":{"line":27,"column":6},"end":{"line":27,"column":46}},"16":{"start":{"line":29,"column":24},"end":{"line":29,"column":66}},"17":{"start":{"line":29,"column":41},"end":{"line":29,"column":65}},"18":{"start":{"line":30,"column":21},"end":{"line":30,"column":127}},"19":{"start":{"line":30,"column":38},"end":{"line":30,"column":126}},"20":{"start":{"line":32,"column":30},"end":{"line":32,"column":31}},"21":{"start":{"line":33,"column":6},"end":{"line":40,"column":7}},"22":{"start":{"line":34,"column":8},"end":{"line":39,"column":18}},"23":{"start":{"line":35,"column":25},"end":{"line":35,"column":60}},"24":{"start":{"line":36,"column":29},"end":{"line":36,"column":58}},"25":{"start":{"line":37,"column":27},"end":{"line":37,"column":97}},"26":{"start":{"line":37,"column":50},"end":{"line":37,"column":96}},"27":{"start":{"line":38,"column":10},"end":{"line":38,"column":91}},"28":{"start":{"line":38,"column":57},"end":{"line":38,"column":86}},"29":{"start":{"line":42,"column":6},"end":{"line":47,"column":9}},"30":{"start":{"line":45,"column":43},"end":{"line":45,"column":78}},"31":{"start":{"line":48,"column":6},"end":{"line":48,"column":73}},"32":{"start":{"line":52,"column":2},"end":{"line":52,"column":47}},"33":{"start":{"line":52,"column":20},"end":{"line":52,"column":31}},"34":{"start":{"line":54,"column":21},"end":{"line":54,"column":40}},"35":{"start":{"line":55,"column":19},"end":{"line":55,"column":53}},"36":{"start":{"line":56,"column":20},"end":{"line":56,"column":60}},"37":{"start":{"line":58,"column":2},"end":{"line":275,"column":4}},"38":{"start":{"line":82,"column":78},"end":{"line":82,"column":111}},"39":{"start":{"line":102,"column":58},"end":{"line":102,"column":80}},"40":{"start":{"line":121,"column":37},"end":{"line":121,"column":125}},"41":{"start":{"line":126,"column":37},"end":{"line":126,"column":125}},"42":{"start":{"line":132,"column":38},"end":{"line":132,"column":126}},"43":{"start":{"line":133,"column":18},"end":{"line":143,"column":24}},"44":{"start":{"line":199,"column":18},"end":{"line":216,"column":24}},"45":{"start":{"line":213,"column":24},"end":{"line":213,"column":102}},"46":{"start":{"line":225,"column":93},"end":{"line":225,"column":115}},"47":{"start":{"line":235,"column":18},"end":{"line":249,"column":24}}},"fnMap":{"0":{"name":"FreelancerDashboard","decl":{"start":{"line":7,"column":24},"end":{"line":7,"column":43}},"loc":{"start":{"line":7,"column":46},"end":{"line":276,"column":1}},"line":7},"1":{"name":"(anonymous_1)","decl":{"start":{"line":17,"column":31},"end":{"line":17,"column":32}},"loc":{"start":{"line":17,"column":43},"end":{"line":50,"column":3}},"line":17},"2":{"name":"(anonymous_2)","decl":{"start":{"line":21,"column":73},"end":{"line":21,"column":74}},"loc":{"start":{"line":21,"column":80},"end":{"line":21,"column":92}},"line":21},"3":{"name":"(anonymous_3)","decl":{"start":{"line":22,"column":41},"end":{"line":22,"column":42}},"loc":{"start":{"line":22,"column":48},"end":{"line":22,"column":60}},"line":22},"4":{"name":"(anonymous_4)","decl":{"start":{"line":29,"column":36},"end":{"line":29,"column":37}},"loc":{"start":{"line":29,"column":41},"end":{"line":29,"column":65}},"line":29},"5":{"name":"(anonymous_5)","decl":{"start":{"line":30,"column":33},"end":{"line":30,"column":34}},"loc":{"start":{"line":30,"column":38},"end":{"line":30,"column":126}},"line":30},"6":{"name":"(anonymous_6)","decl":{"start":{"line":37,"column":45},"end":{"line":37,"column":46}},"loc":{"start":{"line":37,"column":50},"end":{"line":37,"column":96}},"line":37},"7":{"name":"(anonymous_7)","decl":{"start":{"line":38,"column":47},"end":{"line":38,"column":48}},"loc":{"start":{"line":38,"column":57},"end":{"line":38,"column":86}},"line":38},"8":{"name":"(anonymous_8)","decl":{"start":{"line":45,"column":33},"end":{"line":45,"column":34}},"loc":{"start":{"line":45,"column":43},"end":{"line":45,"column":78}},"line":45},"9":{"name":"(anonymous_9)","decl":{"start":{"line":52,"column":12},"end":{"line":52,"column":13}},"loc":{"start":{"line":52,"column":18},"end":{"line":52,"column":33}},"line":52},"10":{"name":"(anonymous_10)","decl":{"start":{"line":82,"column":72},"end":{"line":82,"column":73}},"loc":{"start":{"line":82,"column":78},"end":{"line":82,"column":111}},"line":82},"11":{"name":"(anonymous_11)","decl":{"start":{"line":102,"column":53},"end":{"line":102,"column":54}},"loc":{"start":{"line":102,"column":58},"end":{"line":102,"column":80}},"line":102},"12":{"name":"(anonymous_12)","decl":{"start":{"line":121,"column":32},"end":{"line":121,"column":33}},"loc":{"start":{"line":121,"column":37},"end":{"line":121,"column":125}},"line":121},"13":{"name":"(anonymous_13)","decl":{"start":{"line":126,"column":32},"end":{"line":126,"column":33}},"loc":{"start":{"line":126,"column":37},"end":{"line":126,"column":125}},"line":126},"14":{"name":"(anonymous_14)","decl":{"start":{"line":132,"column":33},"end":{"line":132,"column":34}},"loc":{"start":{"line":132,"column":38},"end":{"line":132,"column":126}},"line":132},"15":{"name":"(anonymous_15)","decl":{"start":{"line":132,"column":144},"end":{"line":132,"column":145}},"loc":{"start":{"line":133,"column":18},"end":{"line":143,"column":24}},"line":133},"16":{"name":"(anonymous_16)","decl":{"start":{"line":198,"column":25},"end":{"line":198,"column":26}},"loc":{"start":{"line":199,"column":18},"end":{"line":216,"column":24}},"line":199},"17":{"name":"(anonymous_17)","decl":{"start":{"line":212,"column":56},"end":{"line":212,"column":57}},"loc":{"start":{"line":213,"column":24},"end":{"line":213,"column":102}},"line":213},"18":{"name":"(anonymous_18)","decl":{"start":{"line":225,"column":88},"end":{"line":225,"column":89}},"loc":{"start":{"line":225,"column":93},"end":{"line":225,"column":115}},"line":225},"19":{"name":"(anonymous_19)","decl":{"start":{"line":234,"column":44},"end":{"line":234,"column":45}},"loc":{"start":{"line":235,"column":18},"end":{"line":249,"column":24}},"line":235}},"branchMap":{"0":{"loc":{"start":{"line":24,"column":19},"end":{"line":24,"column":47}},"type":"binary-expr","locations":[{"start":{"line":24,"column":19},"end":{"line":24,"column":41}},{"start":{"line":24,"column":45},"end":{"line":24,"column":47}}],"line":24},"1":{"loc":{"start":{"line":26,"column":14},"end":{"line":26,"column":32}},"type":"binary-expr","locations":[{"start":{"line":26,"column":14},"end":{"line":26,"column":26}},{"start":{"line":26,"column":30},"end":{"line":26,"column":32}}],"line":26},"2":{"loc":{"start":{"line":27,"column":21},"end":{"line":27,"column":44}},"type":"binary-expr","locations":[{"start":{"line":27,"column":21},"end":{"line":27,"column":38}},{"start":{"line":27,"column":42},"end":{"line":27,"column":44}}],"line":27},"3":{"loc":{"start":{"line":30,"column":38},"end":{"line":30,"column":126}},"type":"binary-expr","locations":[{"start":{"line":30,"column":38},"end":{"line":30,"column":59}},{"start":{"line":30,"column":63},"end":{"line":30,"column":89}},{"start":{"line":30,"column":93},"end":{"line":30,"column":126}}],"line":30},"4":{"loc":{"start":{"line":36,"column":29},"end":{"line":36,"column":58}},"type":"binary-expr","locations":[{"start":{"line":36,"column":29},"end":{"line":36,"column":52}},{"start":{"line":36,"column":56},"end":{"line":36,"column":58}}],"line":36},"5":{"loc":{"start":{"line":37,"column":50},"end":{"line":37,"column":96}},"type":"binary-expr","locations":[{"start":{"line":37,"column":50},"end":{"line":37,"column":73}},{"start":{"line":37,"column":77},"end":{"line":37,"column":96}}],"line":37},"6":{"loc":{"start":{"line":38,"column":72},"end":{"line":38,"column":85}},"type":"binary-expr","locations":[{"start":{"line":38,"column":72},"end":{"line":38,"column":80}},{"start":{"line":38,"column":84},"end":{"line":38,"column":85}}],"line":38},"7":{"loc":{"start":{"line":45,"column":58},"end":{"line":45,"column":77}},"type":"binary-expr","locations":[{"start":{"line":45,"column":58},"end":{"line":45,"column":72}},{"start":{"line":45,"column":76},"end":{"line":45,"column":77}}],"line":45},"8":{"loc":{"start":{"line":46,"column":17},"end":{"line":46,"column":47}},"type":"binary-expr","locations":[{"start":{"line":46,"column":17},"end":{"line":46,"column":42}},{"start":{"line":46,"column":46},"end":{"line":46,"column":47}}],"line":46},"9":{"loc":{"start":{"line":48,"column":30},"end":{"line":48,"column":71}},"type":"binary-expr","locations":[{"start":{"line":48,"column":30},"end":{"line":48,"column":47}},{"start":{"line":48,"column":51},"end":{"line":48,"column":71}}],"line":48},"10":{"loc":{"start":{"line":54,"column":21},"end":{"line":54,"column":40}},"type":"cond-expr","locations":[{"start":{"line":54,"column":33},"end":{"line":54,"column":35}},{"start":{"line":54,"column":38},"end":{"line":54,"column":40}}],"line":54},"11":{"loc":{"start":{"line":55,"column":19},"end":{"line":55,"column":53}},"type":"cond-expr","locations":[{"start":{"line":55,"column":46},"end":{"line":55,"column":48}},{"start":{"line":55,"column":51},"end":{"line":55,"column":53}}],"line":55},"12":{"loc":{"start":{"line":63,"column":27},"end":{"line":63,"column":57}},"type":"binary-expr","locations":[{"start":{"line":63,"column":27},"end":{"line":63,"column":41}},{"start":{"line":63,"column":45},"end":{"line":63,"column":57}}],"line":63},"13":{"loc":{"start":{"line":81,"column":59},"end":{"line":81,"column":101}},"type":"cond-expr","locations":[{"start":{"line":81,"column":78},"end":{"line":81,"column":87}},{"start":{"line":81,"column":90},"end":{"line":81,"column":101}}],"line":81},"14":{"loc":{"start":{"line":121,"column":15},"end":{"line":123,"column":15}},"type":"binary-expr","locations":[{"start":{"line":121,"column":15},"end":{"line":121,"column":137}},{"start":{"line":122,"column":16},"end":{"line":122,"column":74}}],"line":121},"15":{"loc":{"start":{"line":121,"column":37},"end":{"line":121,"column":125}},"type":"binary-expr","locations":[{"start":{"line":121,"column":37},"end":{"line":121,"column":58}},{"start":{"line":121,"column":62},"end":{"line":121,"column":88}},{"start":{"line":121,"column":92},"end":{"line":121,"column":125}}],"line":121},"16":{"loc":{"start":{"line":126,"column":15},"end":{"line":145,"column":15}},"type":"cond-expr","locations":[{"start":{"line":127,"column":16},"end":{"line":130,"column":22}},{"start":{"line":132,"column":16},"end":{"line":144,"column":18}}],"line":126},"17":{"loc":{"start":{"line":126,"column":37},"end":{"line":126,"column":125}},"type":"binary-expr","locations":[{"start":{"line":126,"column":37},"end":{"line":126,"column":58}},{"start":{"line":126,"column":62},"end":{"line":126,"column":88}},{"start":{"line":126,"column":92},"end":{"line":126,"column":125}}],"line":126},"18":{"loc":{"start":{"line":132,"column":38},"end":{"line":132,"column":126}},"type":"binary-expr","locations":[{"start":{"line":132,"column":38},"end":{"line":132,"column":59}},{"start":{"line":132,"column":63},"end":{"line":132,"column":89}},{"start":{"line":132,"column":93},"end":{"line":132,"column":126}}],"line":132},"19":{"loc":{"start":{"line":136,"column":48},"end":{"line":136,"column":157}},"type":"cond-expr","locations":[{"start":{"line":136,"column":72},"end":{"line":136,"column":86}},{"start":{"line":136,"column":89},"end":{"line":136,"column":157}}],"line":136},"20":{"loc":{"start":{"line":136,"column":89},"end":{"line":136,"column":157}},"type":"cond-expr","locations":[{"start":{"line":136,"column":125},"end":{"line":136,"column":140}},{"start":{"line":136,"column":143},"end":{"line":136,"column":157}}],"line":136},"21":{"loc":{"start":{"line":140,"column":56},"end":{"line":140,"column":98}},"type":"binary-expr","locations":[{"start":{"line":140,"column":56},"end":{"line":140,"column":69}},{"start":{"line":140,"column":73},"end":{"line":140,"column":98}}],"line":140},"22":{"loc":{"start":{"line":193,"column":15},"end":{"line":218,"column":15}},"type":"cond-expr","locations":[{"start":{"line":194,"column":16},"end":{"line":196,"column":22}},{"start":{"line":198,"column":16},"end":{"line":217,"column":18}}],"line":193},"23":{"loc":{"start":{"line":205,"column":23},"end":{"line":205,"column":152}},"type":"binary-expr","locations":[{"start":{"line":205,"column":23},"end":{"line":205,"column":37}},{"start":{"line":205,"column":41},"end":{"line":205,"column":152}}],"line":205},"24":{"loc":{"start":{"line":206,"column":23},"end":{"line":206,"column":85}},"type":"binary-expr","locations":[{"start":{"line":206,"column":23},"end":{"line":206,"column":42}},{"start":{"line":206,"column":46},"end":{"line":206,"column":85}}],"line":206},"25":{"loc":{"start":{"line":225,"column":15},"end":{"line":225,"column":139}},"type":"binary-expr","locations":[{"start":{"line":225,"column":15},"end":{"line":225,"column":37}},{"start":{"line":225,"column":41},"end":{"line":225,"column":139}}],"line":225},"26":{"loc":{"start":{"line":228,"column":15},"end":{"line":251,"column":15}},"type":"cond-expr","locations":[{"start":{"line":229,"column":16},"end":{"line":232,"column":22}},{"start":{"line":234,"column":16},"end":{"line":250,"column":18}}],"line":228},"27":{"loc":{"start":{"line":237,"column":79},"end":{"line":237,"column":124}},"type":"binary-expr","locations":[{"start":{"line":237,"column":79},"end":{"line":237,"column":90}},{"start":{"line":237,"column":94},"end":{"line":237,"column":124}}],"line":237},"28":{"loc":{"start":{"line":238,"column":48},"end":{"line":238,"column":147}},"type":"cond-expr","locations":[{"start":{"line":238,"column":74},"end":{"line":238,"column":88}},{"start":{"line":238,"column":91},"end":{"line":238,"column":147}}],"line":238},"29":{"loc":{"start":{"line":238,"column":91},"end":{"line":238,"column":147}},"type":"cond-expr","locations":[{"start":{"line":238,"column":116},"end":{"line":238,"column":131}},{"start":{"line":238,"column":134},"end":{"line":238,"column":147}}],"line":238},"30":{"loc":{"start":{"line":243,"column":23},"end":{"line":247,"column":23}},"type":"binary-expr","locations":[{"start":{"line":243,"column":23},"end":{"line":243,"column":36}},{"start":{"line":244,"column":24},"end":{"line":246,"column":31}}],"line":243}},"s":{"0":10,"1":10,"2":10,"3":10,"4":10,"5":10,"6":10,"7":10,"8":6,"9":6,"10":0,"11":0,"12":6,"13":6,"14":6,"15":6,"16":6,"17":1,"18":6,"19":1,"20":6,"21":6,"22":0,"23":0,"24":0,"25":0,"26":0,"27":0,"28":0,"29":6,"30":0,"31":6,"32":10,"33":6,"34":10,"35":10,"36":10,"37":10,"38":0,"39":0,"40":1,"41":1,"42":1,"43":1,"44":0,"45":0,"46":0,"47":0},"f":{"0":10,"1":6,"2":0,"3":0,"4":1,"5":1,"6":0,"7":0,"8":0,"9":6,"10":0,"11":0,"12":1,"13":1,"14":1,"15":1,"16":0,"17":0,"18":0,"19":0},"b":{"0":[6,0],"1":[6,0],"2":[6,0],"3":[1,0,0],"4":[0,0],"5":[0,0],"6":[0,0],"7":[0,0],"8":[6,6],"9":[6,6],"10":[10,0],"11":[10,0],"12":[10,0],"13":[1,9],"14":[10,1],"15":[1,0,0],"16":[9,1],"17":[1,0,0],"18":[1,0,0],"19":[1,0],"20":[0,0],"21":[1,0],"22":[10,0],"23":[0,0],"24":[0,0],"25":[10,0],"26":[10,0],"27":[0,0],"28":[0,0],"29":[0,0],"30":[0,0]},"_coverageSchema":"1a1c01bbd47fc00a2c39e90264f33305004495a9","hash":"3e0dd8ae596d24dbe04412c2d56b0c35915df4e6"}
,"/home/sarun/Desktop/Capstone_Pawan_Completed/frontend/src/components/landing/Landing.js": {"path":"/home/sarun/Desktop/Capstone_Pawan_Completed/frontend/src/components/landing/Landing.js","statementMap":{"0":{"start":{"line":5,"column":2},"end":{"line":154,"column":4}},"1":{"start":{"line":56,"column":12},"end":{"line":60,"column":18}},"2":{"start":{"line":75,"column":14},"end":{"line":81,"column":20}}},"fnMap":{"0":{"name":"Landing","decl":{"start":{"line":4,"column":24},"end":{"line":4,"column":31}},"loc":{"start":{"line":4,"column":34},"end":{"line":155,"column":1}},"line":4},"1":{"name":"(anonymous_1)","decl":{"start":{"line":55,"column":16},"end":{"line":55,"column":17}},"loc":{"start":{"line":56,"column":12},"end":{"line":60,"column":18}},"line":56},"2":{"name":"(anonymous_2)","decl":{"start":{"line":74,"column":18},"end":{"line":74,"column":19}},"loc":{"start":{"line":75,"column":14},"end":{"line":81,"column":20}},"line":75}},"branchMap":{},"s":{"0":0,"1":0,"2":0},"f":{"0":0,"1":0,"2":0},"b":{}}
,"/home/sarun/Desktop/Capstone_Pawan_Completed/frontend/src/components/proposals/ProposalForm.js": {"path":"/home/sarun/Desktop/Capstone_Pawan_Completed/frontend/src/components/proposals/ProposalForm.js","statementMap":{"0":{"start":{"line":4,"column":28},"end":{"line":4,"column":58}},"1":{"start":{"line":7,"column":40},"end":{"line":7,"column":52}},"2":{"start":{"line":8,"column":36},"end":{"line":8,"column":48}},"3":{"start":{"line":9,"column":44},"end":{"line":9,"column":56}},"4":{"start":{"line":10,"column":38},"end":{"line":10,"column":53}},"5":{"start":{"line":11,"column":28},"end":{"line":11,"column":40}},"6":{"start":{"line":13,"column":23},"end":{"line":39,"column":3}},"7":{"start":{"line":14,"column":4},"end":{"line":14,"column":23}},"8":{"start":{"line":15,"column":4},"end":{"line":15,"column":17}},"9":{"start":{"line":17,"column":4},"end":{"line":20,"column":5}},"10":{"start":{"line":18,"column":6},"end":{"line":18,"column":68}},"11":{"start":{"line":19,"column":6},"end":{"line":19,"column":13}},"12":{"start":{"line":22,"column":4},"end":{"line":22,"column":24}},"13":{"start":{"line":23,"column":4},"end":{"line":37,"column":5}},"14":{"start":{"line":24,"column":6},"end":{"line":28,"column":9}},"15":{"start":{"line":29,"column":6},"end":{"line":29,"column":29}},"16":{"start":{"line":31,"column":21},"end":{"line":31,"column":53}},"17":{"start":{"line":32,"column":6},"end":{"line":36,"column":7}},"18":{"start":{"line":33,"column":8},"end":{"line":33,"column":37}},"19":{"start":{"line":35,"column":8},"end":{"line":35,"column":75}},"20":{"start":{"line":38,"column":4},"end":{"line":38,"column":25}},"21":{"start":{"line":41,"column":2},"end":{"line":107,"column":4}},"22":{"start":{"line":43,"column":49},"end":{"line":43,"column":68}},"23":{"start":{"line":63,"column":31},"end":{"line":63,"column":61}},"24":{"start":{"line":78,"column":33},"end":{"line":78,"column":61}},"25":{"start":{"line":90,"column":33},"end":{"line":90,"column":65}}},"fnMap":{"0":{"name":"ProposalForm","decl":{"start":{"line":6,"column":24},"end":{"line":6,"column":36}},"loc":{"start":{"line":6,"column":78},"end":{"line":108,"column":1}},"line":6},"1":{"name":"(anonymous_1)","decl":{"start":{"line":13,"column":23},"end":{"line":13,"column":24}},"loc":{"start":{"line":13,"column":36},"end":{"line":39,"column":3}},"line":13},"2":{"name":"(anonymous_2)","decl":{"start":{"line":43,"column":42},"end":{"line":43,"column":43}},"loc":{"start":{"line":43,"column":49},"end":{"line":43,"column":68}},"line":43},"3":{"name":"(anonymous_3)","decl":{"start":{"line":63,"column":24},"end":{"line":63,"column":25}},"loc":{"start":{"line":63,"column":31},"end":{"line":63,"column":61}},"line":63},"4":{"name":"(anonymous_4)","decl":{"start":{"line":78,"column":26},"end":{"line":78,"column":27}},"loc":{"start":{"line":78,"column":33},"end":{"line":78,"column":61}},"line":78},"5":{"name":"(anonymous_5)","decl":{"start":{"line":90,"column":26},"end":{"line":90,"column":27}},"loc":{"start":{"line":90,"column":33},"end":{"line":90,"column":65}},"line":90}},"branchMap":{"0":{"loc":{"start":{"line":17,"column":4},"end":{"line":20,"column":5}},"type":"if","locations":[{"start":{"line":17,"column":4},"end":{"line":20,"column":5}},{"start":{},"end":{}}],"line":17},"1":{"loc":{"start":{"line":17,"column":8},"end":{"line":17,"column":48}},"type":"binary-expr","locations":[{"start":{"line":17,"column":8},"end":{"line":17,"column":18}},{"start":{"line":17,"column":22},"end":{"line":17,"column":48}}],"line":17},"2":{"loc":{"start":{"line":25,"column":22},"end":{"line":25,"column":41}},"type":"binary-expr","locations":[{"start":{"line":25,"column":22},"end":{"line":25,"column":33}},{"start":{"line":25,"column":37},"end":{"line":25,"column":41}}],"line":25},"3":{"loc":{"start":{"line":27,"column":24},"end":{"line":27,"column":70}},"type":"cond-expr","locations":[{"start":{"line":27,"column":40},"end":{"line":27,"column":63}},{"start":{"line":27,"column":66},"end":{"line":27,"column":70}}],"line":27},"4":{"loc":{"start":{"line":31,"column":21},"end":{"line":31,"column":53}},"type":"binary-expr","locations":[{"start":{"line":31,"column":21},"end":{"line":31,"column":47}},{"start":{"line":31,"column":51},"end":{"line":31,"column":53}}],"line":31},"5":{"loc":{"start":{"line":32,"column":6},"end":{"line":36,"column":7}},"type":"if","locations":[{"start":{"line":32,"column":6},"end":{"line":36,"column":7}},{"start":{"line":34,"column":13},"end":{"line":36,"column":7}}],"line":32},"6":{"loc":{"start":{"line":35,"column":17},"end":{"line":35,"column":73}},"type":"binary-expr","locations":[{"start":{"line":35,"column":17},"end":{"line":35,"column":23}},{"start":{"line":35,"column":27},"end":{"line":35,"column":73}}],"line":35},"7":{"loc":{"start":{"line":51,"column":11},"end":{"line":55,"column":11}},"type":"binary-expr","locations":[{"start":{"line":51,"column":11},"end":{"line":51,"column":16}},{"start":{"line":52,"column":12},"end":{"line":54,"column":18}}],"line":51},"8":{"loc":{"start":{"line":101,"column":15},"end":{"line":101,"column":63}},"type":"cond-expr","locations":[{"start":{"line":101,"column":28},"end":{"line":101,"column":43}},{"start":{"line":101,"column":46},"end":{"line":101,"column":63}}],"line":101}},"s":{"0":1,"1":40,"2":40,"3":40,"4":40,"5":40,"6":40,"7":10,"8":10,"9":10,"10":3,"11":3,"12":7,"13":7,"14":7,"15":3,"16":3,"17":3,"18":1,"19":2,"20":6,"21":40,"22":13,"23":1,"24":9,"25":1},"f":{"0":40,"1":10,"2":13,"3":1,"4":9,"5":1},"b":{"0":[3,7],"1":[10,9],"2":[7,6],"3":[1,6],"4":[3,1],"5":[1,2],"6":[2,1],"7":[40,5],"8":[7,33]},"_coverageSchema":"1a1c01bbd47fc00a2c39e90264f33305004495a9","hash":"4f19f2d726e6f876cce4cbb80315c712a93e50e2"}
,"/home/sarun/Desktop/Capstone_Pawan_Completed/frontend/src/components/shared/Loading.js": {"path":"/home/sarun/Desktop/Capstone_Pawan_Completed/frontend/src/components/shared/Loading.js","statementMap":{"0":{"start":{"line":4,"column":2},"end":{"line":9,"column":4}}},"fnMap":{"0":{"name":"Loading","decl":{"start":{"line":3,"column":24},"end":{"line":3,"column":31}},"loc":{"start":{"line":3,"column":57},"end":{"line":10,"column":1}},"line":3}},"branchMap":{"0":{"loc":{"start":{"line":3,"column":34},"end":{"line":3,"column":53}},"type":"default-arg","locations":[{"start":{"line":3,"column":41},"end":{"line":3,"column":53}}],"line":3}},"s":{"0":1},"f":{"0":1},"b":{"0":[1]},"_coverageSchema":"1a1c01bbd47fc00a2c39e90264f33305004495a9","hash":"2fd763a8f07dca9327d82056461033b05141c033"}
,"/home/sarun/Desktop/Capstone_Pawan_Completed/frontend/src/components/shared/Navbar.js": {"path":"/home/sarun/Desktop/Capstone_Pawan_Completed/frontend/src/components/shared/Navbar.js","statementMap":{"0":{"start":{"line":6,"column":28},"end":{"line":6,"column":36}},"1":{"start":{"line":7,"column":19},"end":{"line":7,"column":32}},"2":{"start":{"line":8,"column":19},"end":{"line":8,"column":32}},"3":{"start":{"line":9,"column":22},"end":{"line":9,"column":65}},"4":{"start":{"line":10,"column":20},"end":{"line":10,"column":61}},"5":{"start":{"line":12,"column":23},"end":{"line":15,"column":3}},"6":{"start":{"line":13,"column":4},"end":{"line":13,"column":19}},"7":{"start":{"line":14,"column":4},"end":{"line":14,"column":18}},"8":{"start":{"line":17,"column":2},"end":{"line":32,"column":3}},"9":{"start":{"line":18,"column":4},"end":{"line":31,"column":6}},"10":{"start":{"line":34,"column":19},"end":{"line":34,"column":48}},"11":{"start":{"line":35,"column":18},"end":{"line":35,"column":46}},"12":{"start":{"line":36,"column":22},"end":{"line":36,"column":97}},"13":{"start":{"line":38,"column":2},"end":{"line":75,"column":4}}},"fnMap":{"0":{"name":"Navbar","decl":{"start":{"line":5,"column":24},"end":{"line":5,"column":30}},"loc":{"start":{"line":5,"column":33},"end":{"line":76,"column":1}},"line":5},"1":{"name":"(anonymous_1)","decl":{"start":{"line":12,"column":23},"end":{"line":12,"column":24}},"loc":{"start":{"line":12,"column":35},"end":{"line":15,"column":3}},"line":12}},"branchMap":{"0":{"loc":{"start":{"line":10,"column":20},"end":{"line":10,"column":61}},"type":"binary-expr","locations":[{"start":{"line":10,"column":20},"end":{"line":10,"column":32}},{"start":{"line":10,"column":36},"end":{"line":10,"column":61}}],"line":10},"1":{"loc":{"start":{"line":17,"column":2},"end":{"line":32,"column":3}},"type":"if","locations":[{"start":{"line":17,"column":2},"end":{"line":32,"column":3}},{"start":{},"end":{}}],"line":17},"2":{"loc":{"start":{"line":36,"column":22},"end":{"line":36,"column":97}},"type":"cond-expr","locations":[{"start":{"line":36,"column":32},"end":{"line":36,"column":46}},{"start":{"line":36,"column":49},"end":{"line":36,"column":97}}],"line":36},"3":{"loc":{"start":{"line":36,"column":49},"end":{"line":36,"column":97}},"type":"cond-expr","locations":[{"start":{"line":36,"column":60},"end":{"line":36,"column":75}},{"start":{"line":36,"column":78},"end":{"line":36,"column":97}}],"line":36},"4":{"loc":{"start":{"line":47,"column":43},"end":{"line":47,"column":93}},"type":"cond-expr","locations":[{"start":{"line":47,"column":80},"end":{"line":47,"column":88}},{"start":{"line":47,"column":91},"end":{"line":47,"column":93}}],"line":47},"5":{"loc":{"start":{"line":48,"column":11},"end":{"line":48,"column":137}},"type":"binary-expr","locations":[{"start":{"line":48,"column":11},"end":{"line":48,"column":19}},{"start":{"line":48,"column":23},"end":{"line":48,"column":137}}],"line":48},"6":{"loc":{"start":{"line":48,"column":62},"end":{"line":48,"column":118}},"type":"cond-expr","locations":[{"start":{"line":48,"column":105},"end":{"line":48,"column":113}},{"start":{"line":48,"column":116},"end":{"line":48,"column":118}}],"line":48},"7":{"loc":{"start":{"line":49,"column":11},"end":{"line":49,"column":137}},"type":"binary-expr","locations":[{"start":{"line":49,"column":11},"end":{"line":49,"column":19}},{"start":{"line":49,"column":23},"end":{"line":49,"column":137}}],"line":49},"8":{"loc":{"start":{"line":49,"column":58},"end":{"line":49,"column":110}},"type":"cond-expr","locations":[{"start":{"line":49,"column":97},"end":{"line":49,"column":105}},{"start":{"line":49,"column":108},"end":{"line":49,"column":110}}],"line":49},"9":{"loc":{"start":{"line":50,"column":38},"end":{"line":50,"column":91}},"type":"cond-expr","locations":[{"start":{"line":50,"column":78},"end":{"line":50,"column":86}},{"start":{"line":50,"column":89},"end":{"line":50,"column":91}}],"line":50},"10":{"loc":{"start":{"line":50,"column":94},"end":{"line":50,"column":133}},"type":"cond-expr","locations":[{"start":{"line":50,"column":105},"end":{"line":50,"column":119}},{"start":{"line":50,"column":122},"end":{"line":50,"column":133}}],"line":50},"11":{"loc":{"start":{"line":51,"column":43},"end":{"line":51,"column":101}},"type":"cond-expr","locations":[{"start":{"line":51,"column":88},"end":{"line":51,"column":96}},{"start":{"line":51,"column":99},"end":{"line":51,"column":101}}],"line":51},"12":{"loc":{"start":{"line":52,"column":42},"end":{"line":52,"column":91}},"type":"cond-expr","locations":[{"start":{"line":52,"column":78},"end":{"line":52,"column":86}},{"start":{"line":52,"column":89},"end":{"line":52,"column":91}}],"line":52},"13":{"loc":{"start":{"line":53,"column":11},"end":{"line":53,"column":111}},"type":"binary-expr","locations":[{"start":{"line":53,"column":11},"end":{"line":53,"column":18}},{"start":{"line":53,"column":22},"end":{"line":53,"column":111}}],"line":53},"14":{"loc":{"start":{"line":53,"column":51},"end":{"line":53,"column":97}},"type":"cond-expr","locations":[{"start":{"line":53,"column":84},"end":{"line":53,"column":92}},{"start":{"line":53,"column":95},"end":{"line":53,"column":97}}],"line":53},"15":{"loc":{"start":{"line":57,"column":9},"end":{"line":72,"column":9}},"type":"binary-expr","locations":[{"start":{"line":57,"column":9},"end":{"line":57,"column":30}},{"start":{"line":58,"column":10},"end":{"line":71,"column":13}}],"line":57},"16":{"loc":{"start":{"line":61,"column":40},"end":{"line":61,"column":96}},"type":"binary-expr","locations":[{"start":{"line":61,"column":40},"end":{"line":61,"column":60}},{"start":{"line":61,"column":64},"end":{"line":61,"column":96}}],"line":61},"17":{"loc":{"start":{"line":65,"column":18},"end":{"line":65,"column":50}},"type":"binary-expr","locations":[{"start":{"line":65,"column":18},"end":{"line":65,"column":43}},{"start":{"line":65,"column":47},"end":{"line":65,"column":50}}],"line":65}},"s":{"0":54,"1":54,"2":54,"3":54,"4":54,"5":54,"6":1,"7":1,"8":54,"9":2,"10":52,"11":52,"12":52,"13":52},"f":{"0":54,"1":1},"b":{"0":[54,53],"1":[2,52],"2":[2,50],"3":[11,39],"4":[26,26],"5":[52,11],"6":[0,11],"7":[52,11],"8":[0,11],"9":[0,52],"10":[11,41],"11":[25,27],"12":[0,52],"13":[52,2],"14":[1,1],"15":[52,26],"16":[26,1],"17":[26,1]},"_coverageSchema":"1a1c01bbd47fc00a2c39e90264f33305004495a9","hash":"8fe355a5b09895bad3c4df864bcf53e09621e6c3"}
,"/home/sarun/Desktop/Capstone_Pawan_Completed/frontend/src/components/shared/Sidebar.js": {"path":"/home/sarun/Desktop/Capstone_Pawan_Completed/frontend/src/components/shared/Sidebar.js","statementMap":{"0":{"start":{"line":5,"column":20},"end":{"line":12,"column":1}},"1":{"start":{"line":14,"column":24},"end":{"line":20,"column":1}},"2":{"start":{"line":22,"column":19},"end":{"line":28,"column":1}},"3":{"start":{"line":31,"column":20},"end":{"line":31,"column":28}},"4":{"start":{"line":32,"column":19},"end":{"line":32,"column":32}},"5":{"start":{"line":33,"column":15},"end":{"line":33,"column":31}},"6":{"start":{"line":34,"column":19},"end":{"line":34,"column":36}},"7":{"start":{"line":35,"column":18},"end":{"line":35,"column":34}},"8":{"start":{"line":36,"column":16},"end":{"line":36,"column":79}},"9":{"start":{"line":37,"column":20},"end":{"line":37,"column":74}},"10":{"start":{"line":39,"column":2},"end":{"line":55,"column":4}},"11":{"start":{"line":44,"column":10},"end":{"line":51,"column":17}}},"fnMap":{"0":{"name":"Sidebar","decl":{"start":{"line":30,"column":24},"end":{"line":30,"column":31}},"loc":{"start":{"line":30,"column":34},"end":{"line":56,"column":1}},"line":30},"1":{"name":"(anonymous_1)","decl":{"start":{"line":43,"column":19},"end":{"line":43,"column":20}},"loc":{"start":{"line":44,"column":10},"end":{"line":51,"column":17}},"line":44}},"branchMap":{"0":{"loc":{"start":{"line":36,"column":16},"end":{"line":36,"column":79}},"type":"cond-expr","locations":[{"start":{"line":36,"column":26},"end":{"line":36,"column":36}},{"start":{"line":36,"column":39},"end":{"line":36,"column":79}}],"line":36},"1":{"loc":{"start":{"line":36,"column":39},"end":{"line":36,"column":79}},"type":"cond-expr","locations":[{"start":{"line":36,"column":50},"end":{"line":36,"column":61}},{"start":{"line":36,"column":64},"end":{"line":36,"column":79}}],"line":36},"2":{"loc":{"start":{"line":37,"column":20},"end":{"line":37,"column":74}},"type":"cond-expr","locations":[{"start":{"line":37,"column":30},"end":{"line":37,"column":37}},{"start":{"line":37,"column":40},"end":{"line":37,"column":74}}],"line":37},"3":{"loc":{"start":{"line":37,"column":40},"end":{"line":37,"column":74}},"type":"cond-expr","locations":[{"start":{"line":37,"column":51},"end":{"line":37,"column":59}},{"start":{"line":37,"column":62},"end":{"line":37,"column":74}}],"line":37},"4":{"loc":{"start":{"line":47,"column":39},"e
[...]
,"/home/sarun/Desktop/Capstone_Pawan_Completed/frontend/src/services/api.js": {"path":"/home/sarun/Desktop/Capstone_Pawan_Completed/frontend/src/services/api.js","statementMap":{"0":{"start":{"line":4,"column":12},"end":{"line":7,"column":2}},"1":{"start":{"line":9,"column":0},"end":{"line":15,"column":3}},"2":{"start":{"line":10,"column":16},"end":{"line":10,"column":52}},"3":{"start":{"line":11,"column":2},"end":{"line":13,"column":3}},"4":{"start":{"line":12,"column":4},"end":{"line":12,"column":50}},"5":{"start":{"line":14,"column":2},"end":{"line":14,"column":13}},"6":{"start":{"line":17,"column":0},"end":{"line":43,"column":2}},"7":{"start":{"line":18,"column":11},"end":{"line":18,"column":14}},"8":{"start":{"line":20,"column":21},"end":{"line":20,"column":33}},"9":{"start":{"line":21,"column":4},"end":{"line":40,"column":5}},"10":{"start":{"line":22,"column":6},"end":{"line":22,"column":29}},"11":{"start":{"line":23,"column":27},"end":{"line":23,"column":64}},"12":{"start":{"line":24,"column":6},"end":{"line":39,"column":7}},"13":{"start":{"line":25,"column":8},"end":{"line":38,"column":9}},"14":{"start":{"line":26,"column":27},"end":{"line":28,"column":12}},"15":{"start":{"line":29,"column":10},"end":{"line":29,"column":66}},"16":{"start":{"line":30,"column":10},"end":{"line":30,"column":68}},"17":{"start":{"line":31,"column":10},"end":{"line":31,"column":73}},"18":{"start":{"line":32,"column":10},"end":{"line":32,"column":31}},"19":{"start":{"line":34,"column":10},"end":{"line":34,"column":50}},"20":{"start":{"line":35,"column":10},"end":{"line":35,"column":51}},"21":{"start":{"line":36,"column":10},"end":{"line":36,"column":42}},"22":{"start":{"line":37,"column":10},"end":{"line":37,"column":42}},"23":{"start":{"line":41,"column":4},"end":{"line":41,"column":33}}},"fnMap":{"0":{"name":"(anonymous_0)","decl":{"start":{"line":9,"column":29},"end":{"line":9,"column":30}},"loc":{"start":{"line":9,"column":38},"end":{"line":15,"column":1}},"line":9},"1":{"name":"(anonymous_1)","decl":{"start":{"line":18,"column":2},"end":{"line":18,"column":3}},"loc":{"start":{"line":18,"column":11},"end":{"line":18,"column":14}},"line":18},"2":{"name":"(anonymous_2)","decl":{"start":{"line":19,"column":2},"end":{"line":19,"column":3}},"loc":{"start":{"line":19,"column":19},"end":{"line":42,"column":3}},"line":19}},"branchMap":{"0":{"loc":{"start":{"line":11,"column":2},"end":{"line":13,"column":3}},"type":"if","locations":[{"start":{"line":11,"column":2},"end":{"line":13,"column":3}},{"start":{},"end":{}}],"line":11},"1":{"loc":{"start":{"line":21,"column":4},"end":{"line":40,"column":5}},"type":"if","locations":[{"start":{"line":21,"column":4},"end":{"line":40,"column":5}},{"start":{},"end":{}}],"line":21},"2":{"loc":{"start":{"line":21,"column":8},"end":{"line":21,"column":58}},"type":"binary-expr","locations":[{"start":{"line":21,"column":8},"end":{"line":21,"column":38}},{"start":{"line":21,"column":42},"end":{"line":21,"column":58}}],"line":21},"3":{"loc":{"start":{"line":24,"column":6},"end":{"line":39,"column":7}},"type":"if","locations":[{"start":{"line":24,"column":6},"end":{"line":39,"column":7}},{"start":{},"end":{}}],"line":24}},"s":{"0":0,"1":0,"2":0,"3":0,"4":0,"5":0,"6":0,"7":0,"8":0,"9":0,"10":0,"11":0,"12":0,"13":0,"14":0,"15":0,"16":0,"17":0,"18":0,"19":0,"20":0,"21":0,"22":0,"23":0},"f":{"0":0,"1":0,"2":0},"b":{"0":[0,0],"1":[0,0],"2":[0,0],"3":[0,0]}}
,"/home/sarun/Desktop/Capstone_Pawan_Completed/frontend/src/services/auth.js": {"path":"/home/sarun/Desktop/Capstone_Pawan_Completed/frontend/src/services/auth.js","statementMap":{"0":{"start":{"line":5,"column":2},"end":{"line":7,"column":3}},"1":{"start":{"line":6,"column":4},"end":{"line":6,"column":97}},"2":{"start":{"line":9,"column":2},"end":{"line":19,"column":3}},"3":{"start":{"line":10,"column":4},"end":{"line":10,"column":80}},"4":{"start":{"line":12,"column":4},"end":{"line":14,"column":5}},"5":{"start":{"line":13,"column":6},"end":{"line":13,"column":94}},"6":{"start":{"line":15,"column":4},"end":{"line":17,"column":5}},"7":{"start":{"line":16,"column":6},"end":{"line":16,"column":104}},"8":{"start":{"line":18,"column":4},"end":{"line":18,"column":69}},"9":{"start":{"line":20,"column":2},"end":{"line":22,"column":3}},"10":{"start":{"line":21,"column":4},"end":{"line":21,"column":81}},"11":{"start":{"line":23,"column":19},"end":{"line":23,"column":55}},"12":{"start":{"line":24,"column":2},"end":{"line":24,"column":44}},"13":{"start":{"line":28,"column":19},"end":{"line":28,"column":65}},"14":{"start":{"line":29,"column":2},"end":{"line":29,"column":20}},"15":{"start":{"line":33,"column":17},"end":{"line":33,"column":43}},"16":{"start":{"line":34,"column":2},"end":{"line":34,"column":43}},"17":{"start":{"line":38,"column":19},"end":{"line":38,"column":78}},"18":{"start":{"line":39,"column":2},"end":{"line":39,"column":18}},"19":{"start":{"line":40,"column":2},"end":{"line":40,"column":19}},"20":{"start":{"line":44,"column":19},"end":{"line":44,"column":94}},"21":{"start":{"line":45,"column":2},"end":{"line":45,"column":18}},"22":{"start":{"line":46,"column":2},"end":{"line":46,"column":19}},"23":{"start":{"line":50,"column":19},"end":{"line":50,"column":75}},"24":{"start":{"line":51,"column":2},"end":{"line":51,"column":18}},"25":{"start":{"line":52,"column":2},"end":{"line":52,"column":19}},"26":{"start":{"line":56,"column":2},"end":{"line":56,"column":58}},"27":{"start":{"line":57,"column":2},"end":{"line":57,"column":60}},"28":{"start":{"line":58,"column":2},"end":{"line":58,"column":58}},"29":{"start":{"line":62,"column":23},"end":{"line":62,"column":60}},"30":{"start":{"line":63,"column":2},"end":{"line":63,"column":57}},"31":{"start":{"line":63,"column":21},"end":{"line":63,"column":57}},"32":{"start":{"line":64,"column":19},"end":{"line":64,"column":83}},"33":{"start":{"line":65,"column":2},"end":{"line":65,"column":58}},"34":{"start":{"line":66,"column":2},"end":{"line":66,"column":60}},"35":{"start":{"line":67,"column":2},"end":{"line":67,"column":19}},"36":{"start":{"line":71,"column":2},"end":{"line":73,"column":12}},"37":{"start":{"line":72,"column":4},"end":{"line":72,"column":35}},"38":{"start":{"line":74,"column":2},"end":{"line":74,"column":42}},"39":{"start":{"line":75,"column":2},"end":{"line":75,"column":43}},"40":{"start":{"line":76,"column":2},"end":{"line":76,"column":34}},"41":{"start":{"line":80,"column":19},"end":{"line":80,"column":44}},"42":{"start":{"line":81,"column":2},"end":{"line":81,"column":14}},"43":{"start":{"line":85,"column":17},"end":{"line":85,"column":45}},"44":{"start":{"line":86,"column":2},"end":{"line":86,"column":44}},"45":{"start":{"line":90,"column":2},"end":{"line":90,"column":48}}},"fnMap":{"0":{"name":"connectWallet","decl":{"start":{"line":4,"column":22},"end":{"line":4,"column":35}},"loc":{"start":{"line":4,"column":38},"end":{"line":25,"column":1}},"line":4},"1":{"name":"getChallenge","decl":{"start":{"line":27,"column":22},"end":{"line":27,"column":34}},"loc":{"start":{"line":27,"column":44},"end":{"line":30,"column":1}},"line":27},"2":{"name":"signMessage","decl":{"start":{"line":32,"column":22},"end":{"line":32,"column":33}},"loc":{"start":{"line":32,"column":53},"end":{"line":35,"column":1}},"line":32},"3":{"name":"login","decl":{"start":{"line":37,"column":22},"end":{"line":37,"column":27}},"loc":{"start":{"line":37,"column":54},"end":{"line":41,"column":1}},"line":37},"4":{"name":"emailRegister","decl":{"start":{"line":43,"column":22},"end":{"line":43,"column":35}},"loc":{"start":{"line":43,"column":69},"end":{"line":47,"column":1}},"line":43},"5":{"name":"emailLogin","decl":{"start":{"line":49,"column":22},"end":{"line":49,"column":32}},"loc":{"start":{"line":49,"column":50},"end":{"line":53,"column":1}},"line":49},"6":{"name":"storeAuth","decl":{"start":{"line":55,"column":9},"end":{"line":55,"column":18}},"loc":{"start":{"line":55,"column":25},"end":{"line":59,"column":1}},"line":55},"7":{"name":"refreshToken","decl":{"start":{"line":61,"column":22},"end":{"line":61,"column":34}},"loc":{"start":{"line":61,"column":37},"end":{"line":68,"column":1}},"line":61},"8":{"name":"logout","decl":{"start":{"line":70,"column":22},"end":{"line":70,"column":28}},"loc":{"start":{"line":70,"column":31},"end":{"line":77,"column":1}},"line":70},"9":{"name":"fetchCurrentUser","decl":{"start":{"line":79,"column":22},"end":{"line":79,"column":38}},"loc":{"start":{"line":79,"column":41},"end":{"line":82,"column":1}},"line":79},"10":{"name":"getStoredUser","decl":{"start":{"line":84,"column":16},"end":{"line":84,"column":29}},"loc":{"start":{"line":84,"column":32},"end":{"line":87,"column":1}},"line":84},"11":{"name":"isConnected","decl":{"start":{"line":89,"column":16},"end":{"line":89,"column":27}},"loc":{"start":{"line":89,"column":30},"end":{"line":91,"column":1}},"line":89}},"branchMap":{"0":{"loc":{"start":{"line":5,"column":2},"end":{"line":7,"column":3}},"type":"if","locations":[{"start":{"line":5,"column":2},"end":{"line":7,"column":3}},{"start":{},"end":{}}],"line":5},"1":{"loc":{"start":{"line":12,"column":4},"end":{"line":14,"column":5}},"type":"if","locations":[{"start":{"line":12,"column":4},"end":{"line":14,"column":5}},{"start":{},"end":{}}],"line":12},"2":{"loc":{"start":{"line":15,"column":4},"end":{"line":17,"column":5}},"type":"if","locations":[{"start":{"line":15,"column":4},"end":{"line":17,"column":5}},{"start":{},"end":{}}],"line":15},"3":{"loc":{"start":{"line":18,"column":20},"end":{"line":18,"column":67}},"type":"binary-expr","locations":[{"start":{"line":18,"column":20},"end":{"line":18,"column":35}},{"start":{"line":18,"column":39},"end":{"line":18,"column":67}}],"line":18},"4":{"loc":{"start":{"line":20,"column":2},"end":{"line":22,"column":3}},"type":"if","locations":[{"start":{"line":20,"column":2},"end":{"line":22,"column":3}},{"start":{},"end":{}}],"line":20},"5":{"loc":{"start":{"line":20,"column":6},"end":{"line":20,"column":40}},"type":"binary-expr","locations":[{"start":{"line":20,"column":6},"end":{"line":20,"column":15}},{"start":{"line":20,"column":19},"end":{"line":20,"column":40}}],"line":20},"6":{"loc":{"start":{"line":63,"column":2},"end":{"line":63,"column":57}},"type":"if","locations":[{"start":{"line":63,"column":2},"end":{"line":63,"column":57}},{"start":{},"end":{}}],"line":63},"7":{"loc":{"start":{"line":86,"column":9},"end":{"line":86,"column":43}},"type":"cond-expr","locations":[{"start":{"line":86,"column":18},"end":{"line":86,"column":36}},{"start":{"line":86,"column":39},"end":{"line":86,"column":43}}],"line":86}},"s":{"0":0,"1":0,"2":0,"3":0,"4":0,"5":0,"6":0,"7":0,"8":0,"9":0,"10":0,"11":0,"12":0,"13":0,"14":0,"15":0,"16":0,"17":0,"18":0,"19":0,"20":0,"21":0,"22":0,"23":0,"24":0,"25":0,"26":0,"27":0,"28":0,"29":0,"30":0,"31":0,"32":0,"33":0,"34":0,"35":0,"36":0,"37":0,"38":0,"39":0,"40":0,"41":0,"42":0,"43":0,"44":0,"45":0},"f":{"0":0,"1":0,"2":0,"3":0,"4":0,"5":0,"6":0,"7":0,"8":0,"9":0,"10":0,"11":0},"b":{"0":[0,0],"1":[0,0],"2":[0,0],"3":[0,0],"4":[0,0],"5":[0,0],"6":[0,0],"7":[0,0]}}
,"/home/sarun/Desktop/Capstone_Pawan_Completed/frontend/src/services/contracts.js": {"path":"/home/sarun/Desktop/Capstone_Pawan_Completed/frontend/src/services/contracts.js","statementMap":{"0":{"start":{"line":4,"column":19},"end":{"line":4,"column":53}},"1":{"start":{"line":5,"column":2},"end":{"line":5,"column":23}},"2":{"start":{"line":9,"column":19},"end":{"line":9,"column":58}},"3":{"start":{"line":10,"column":2},"end":{"line":10,"column":23}},"4":{"start":{"line":14,"column":19},"end":{"line":14,"column":52}},"5":{"start":{"line":15,"column":2},"end":{"line":15,"column":23}},"6":{"start":{"line":19,"column":19},"end":{"line":19,"column":58}},"7":{"start":{"line":20,"column":2},"end":{"line":20,"column":23}},"8":{"start":{"line":24,"column":19},"end":{"line":24,"column":71}},"9":{"start":{"line":25,"column":2},"end":{"line":25,"column":23}},"10":{"start":{"line":29,"column":19},"end":{"line":32,"column":3}},"11":{"start":{"line":33,"column":2},"end":{"line":33,"column":23}},"12":{"start":{"line":37,"column":19},"end":{"line":39,"column":3}},"13":{"start":{"line":40,"column":2},"end":{"line":40,"column":23}},"14":{"start":{"line":44,"column":19},"end":{"line":47,"column":3}},"15":{"start":{"line":48,"column":2},"end":{"line":48,"column":23}}},"fnMap":{"0":{"name":"createContract","decl":{"start":{"line":3,"column":22},"end":{"line":3,"column":36}},"loc":{"start":{"line":3,"column":43},"end":{"line":6,"column":1}},"line":3},"1":{"name":"fetchContracts","decl":{"start":{"line":8,"column":22},"end":{"line":8,"column":36}},"loc":{"start":{"line":8,"column":50},"end":{"line":11,"column":1}},"line":8},"2":{"name":"fetchContract","decl":{"start":{"line":13,"column":22},"end":{"line":13,"column":35}},"loc":{"start":{"line":13,"column":40},"end":{"line":16,"column":1}},"line":13},"3":{"name":"signContract","decl":{"start":{"line":18,"column":22},"end":{"line":18,"column":34}},"loc":{"start":{"line":18,"column":39},"end":{"line":21,"column":1}},"line":18},"4":{"name":"fetchMilestones","decl":{"start":{"line":23,"column":22},"end":{"line":23,"column":37}},"loc":{"start":{"line":23,"column":50},"end":{"line":26,"column":1}},"line":23},"5":{"name":"submitMilestone","decl":{"start":{"line":28,"column":22},"end":{"line":28,"column":37}},"loc":{"start":{"line":28,"column":72},"end":{"line":34,"column":1}},"line":28},"6":{"name":"approveMilestone","decl":{"start":{"line":36,"column":22},"end":{"line":36,"column":38}},"loc":{"start":{"line":36,"column":67},"end":{"line":41,"column":1}},"line":36},"7":{"name":"rejectMilestone","decl":{"start":{"line":43,"column":22},"end":{"line":43,"column":37}},"loc":{"start":{"line":43,"column":74},"end":{"line":49,"column":1}},"line":43}},"branchMap":{"0":{"loc":{"start":{"line":8,"column":37},"end":{"line":8,"column":48}},"type":"default-arg","locations":[{"start":{"line":8,"column":46},"end":{"line":8,"column":48}}],"line":8}},"s":{"0":0,"1":0,"2":15,"3":15,"4":0,"5":0,"6":2,"7":1,"8":0,"9":0,"10":0,"11":0,"12":0,"13":0,"14":0,"15":0},"f":{"0":0,"1":15,"2":0,"3":2,"4":0,"5":0,"6":0,"7":0},"b":{"0":[0]},"_coverageSchema":"1a1c01bbd47fc00a2c39e90264f33305004495a9","hash":"b3ab476bd36117ba226ce2dfb2524942aa4fe885"}
,"/home/sarun/Desktop/Capstone_Pawan_Completed/frontend/src/services/ipfs.js": {"path":"/home/sarun/Desktop/Capstone_Pawan_Completed/frontend/src/services/ipfs.js","statementMap":{"0":{"start":{"line":5,"column":19},"end":{"line":5,"column":33}},"1":{"start":{"line":6,"column":2},"end":{"line":6,"column":32}},"2":{"start":{"line":7,"column":19},"end":{"line":9,"column":4}},"3":{"start":{"line":10,"column":2},"end":{"line":10,"column":14}},"4":{"start":{"line":14,"column":2},"end":{"line":14,"column":45}}},"fnMap":{"0":{"name":"uploadFile","decl":{"start":{"line":4,"column":22},"end":{"line":4,"column":32}},"loc":{"start":{"line":4,"column":39},"end":{"line":11,"column":1}},"line":4},"1":{"name":"getIPFSGatewayUrl","decl":{"start":{"line":13,"column":16},"end":{"line":13,"column":33}},"loc":{"start":{"line":13,"column":39},"end":{"line":15,"column":1}},"line":13}},"branchMap":{},"s":{"0":0,"1":0,"2":0,"3":0,"4":0},"f":{"0":0,"1":0},"b":{}}
,"/home/sarun/Desktop/Capstone_Pawan_Completed/frontend/src/services/web3.js": {"path":"/home/sarun/Desktop/Capstone_Pawan_Completed/frontend/src/services/web3.js","statementMap":{"0":{"start":{"line":3,"column":15},"end":{"line":3,"column":19}},"1":{"start":{"line":4,"column":13},"end":{"line":4,"column":17}},"2":{"start":{"line":7,"column":2},"end":{"line":9,"column":3}},"3":{"start":{"line":8,"column":4},"end":{"line":8,"column":52}},"4":{"start":{"line":10,"column":2},"end":{"line":10,"column":18}},"5":{"start":{"line":14,"column":2},"end":{"line":17,"column":3}},"6":{"start":{"line":15,"column":14},"end":{"line":15,"column":33}},"7":{"start":{"line":16,"column":4},"end":{"line":16,"column":33}},"8":{"start":{"line":18,"column":2},"end":{"line":18,"column":16}},"9":{"start":{"line":22,"column":12},"end":{"line":22,"column":31}},"10":{"start":{"line":23,"column":19},"end":{"line":23,"column":41}},"11":{"start":{"line":24,"column":2},"end":{"line":24,"column":29}},"12":{"start":{"line":28,"column":12},"end":{"line":28,"column":31}},"13":{"start":{"line":29,"column":18},"end":{"line":29,"column":45}},"14":{"start":{"line":30,"column":2},"end":{"line":30,"column":30}},"15":{"start":{"line":34,"column":2},"end":{"line":37,"column":4}},"16":{"start":{"line":35,"column":14},"end":{"line":35,"column":31}},"17":{"start":{"line":36,"column":4},"end":{"line":36,"column":41}}},"fnMap":{"0":{"name":"getProvider","decl":{"start":{"line":6,"column":22},"end":{"line":6,"column":33}},"loc":{"start":{"line":6,"column":36},"end":{"line":11,"column":1}},"line":6},"1":{"name":"getSigner","decl":{"start":{"line":13,"column":22},"end":{"line":13,"column":31}},"loc":{"start":{"line":13,"column":34},"end":{"line":19,"column":1}},"line":13},"2":{"name":"getAccount","decl":{"start":{"line":21,"column":22},"end":{"line":21,"column":32}},"loc":{"start":{"line":21,"column":35},"end":{"line":25,"column":1}},"line":21},"3":{"name":"getBalance","decl":{"start":{"line":27,"column":22},"end":{"line":27,"column":32}},"loc":{"start":{"line":27,"column":42},"end":{"line":31,"column":1}},"line":27},"4":{"name":"getContract","decl":{"start":{"line":33,"column":16},"end":{"line":33,"column":27}},"loc":{"start":{"line":33,"column":42},"end":{"line":38,"column":1}},"line":33},"5":{"name":"(anonymous_5)","decl":{"start":{"line":34,"column":9},"end":{"line":34,"column":10}},"loc":{"start":{"line":34,"column":21},"end":{"line":37,"column":3}},"line":34}},"branchMap":{"0":{"loc":{"start":{"line":7,"column":2},"end":{"line":9,"column":3}},"type":"if","locations":[{"start":{"line":7,"column":2},"end":{"line":9,"column":3}},{"start":{},"end":{}}],"line":7},"1":{"loc":{"start":{"line":7,"column":6},"end":{"line":7,"column":34}},"type":"binary-expr","locations":[{"start":{"line":7,"column":6},"end":{"line":7,"column":15}},{"start":{"line":7,"column":19},"end":{"line":7,"column":34}}],"line":7},"2":{"loc":{"start":{"line":14,"column":2},"end":{"line":17,"column":3}},"type":"if","locations":[{"start":{"line":14,"column":2},"end":{"line":17,"column":3}},{"start":{},"end":{}}],"line":14},"3":{"loc":{"start":{"line":24,"column":9},"end":{"line":24,"column":28}},"type":"binary-expr","locations":[{"start":{"line":24,"column":9},"end":{"line":24,"column":20}},{"start":{"line":24,"column":24},"end":{"line":24,"column":28}}],"line":24}},"s":{"0":0,"1":0,"2":0,"3":0,"4":0,"5":0,"6":0,"7":0,"8":0,"9":0,"10":0,"11":0,"12":0,"13":0,"14":0,"15":0,"16":0,"17":0},"f":{"0":0,"1":0,"2":0,"3":0,"4":0,"5":0},"b":{"0":[0,0],"1":[0,0],"2":[0,0],"3":[0,0]}}
}
