TN:
SF:src/App.js
FN:19,ProtectedRoute
FN:26,ClientRoute
FN:34,AdminRoute
FN:43,AppRoutes
FN:110,App
FNF:5
FNH:0
FNDA:0,ProtectedRoute
FNDA:0,ClientRoute
FNDA:0,AdminRoute
FNDA:0,AppRoutes
FNDA:0,App
DA:20,0
DA:21,0
DA:22,0
DA:23,0
DA:27,0
DA:28,0
DA:29,0
DA:30,0
DA:31,0
DA:35,0
DA:36,0
DA:37,0
DA:38,0
DA:39,0
DA:40,0
DA:44,0
DA:45,0
DA:47,0
DA:48,0
DA:58,0
DA:111,0
LF:21
LH:0
BRDA:21,0,0,0
BRDA:21,0,1,0
BRDA:22,1,0,0
BRDA:22,1,1,0
BRDA:28,2,0,0
BRDA:28,2,1,0
BRDA:29,3,0,0
BRDA:29,3,1,0
BRDA:30,4,0,0
BRDA:30,4,1,0
BRDA:37,5,0,0
BRDA:37,5,1,0
BRDA:38,6,0,0
BRDA:38,6,1,0
BRDA:39,7,0,0
BRDA:39,7,1,0
BRDA:39,8,0,0
BRDA:39,8,1,0
BRDA:47,9,0,0
BRDA:47,9,1,0
BRDA:50,10,0,0
BRDA:50,10,1,0
BRDA:50,11,0,0
BRDA:50,11,1,0
BRDA:63,12,0,0
BRDA:63,12,1,0
BRF:26
BRH:0
end_of_record
TN:
SF:src/index.js
FNF:0
FNH:0
DA:6,0
DA:7,0
LF:2
LH:0
BRF:0
BRH:0
end_of_record
TN:
SF:src/setupProxy.js
FN:3,(anonymous_0)
FNF:1
FNH:0
FNDA:0,(anonymous_0)
DA:1,0
DA:3,0
DA:4,0
LF:3
LH:0
BRF:0
BRH:0
end_of_record
TN:
SF:src/test-utils.js
FN:4,renderWithRouter
FNF:1
FNH:1
FNDA:47,renderWithRouter
DA:5,47
LF:1
LH:1
BRDA:4,0,0,19
BRDA:4,1,0,19
BRF:2
BRH:2
end_of_record
TN:
SF:src/components/auth/Login.js
FN:28,Login
FN:41,(anonymous_1)
FN:47,(anonymous_2)
FN:53,(anonymous_3)
FN:73,(anonymous_4)
FN:99,(anonymous_5)
FN:100,(anonymous_6)
FN:106,(anonymous_7)
FN:110,(anonymous_8)
FN:115,(anonymous_9)
FN:117,(anonymous_10)
FN:133,(anonymous_11)
FN:141,(anonymous_12)
FN:163,(anonymous_13)
FN:168,(anonymous_14)
FN:172,(anonymous_15)
FN:177,(anonymous_16)
FN:181,(anonymous_17)
FN:188,(anonymous_18)
FN:196,(anonymous_19)
FNF:20
FNH:14
FNDA:35,Login
FNDA:3,(anonymous_1)
FNDA:1,(anonymous_2)
FNDA:2,(anonymous_3)
FNDA:140,(anonymous_4)
FNDA:0,(anonymous_5)
FNDA:6,(anonymous_6)
FNDA:0,(anonymous_7)
FNDA:2,(anonymous_8)
FNDA:0,(anonymous_9)
FNDA:2,(anonymous_10)
FNDA:0,(anonymous_11)
FNDA:1,(anonymous_12)
FNDA:1,(anonymous_13)
FNDA:1,(anonymous_14)
FNDA:1,(anonymous_15)
FNDA:1,(anonymous_16)
FNDA:1,(anonymous_17)
FNDA:0,(anonymous_18)
FNDA:0,(anonymous_19)
DA:5,1
DA:29,35
DA:30,35
DA:31,35
DA:32,35
DA:33,35
DA:34,35
DA:35,35
DA:36,35
DA:37,35
DA:39,35
DA:41,35
DA:42,3
DA:43,3
DA:44,1
DA:47,35
DA:48,1
DA:49,1
DA:50,1
DA:53,35
DA:54,2
DA:57,35
DA:74,140
DA:99,0
DA:100,6
DA:106,0
DA:110,2
DA:115,0
DA:117,2
DA:133,0
DA:141,1
DA:163,1
DA:168,1
DA:172,1
DA:177,1
DA:181,1
DA:188,0
DA:196,0
LF:38
LH:32
BRDA:32,0,0,1
BRDA:32,0,1,34
BRDA:43,1,0,2
BRDA:43,1,1,1
BRDA:43,2,0,3
BRDA:43,2,1,2
BRDA:88,3,0,35
BRDA:88,3,1,34
BRDA:97,4,0,35
BRDA:97,4,1,34
BRDA:99,5,0,24
BRDA:99,5,1,10
BRDA:100,6,0,10
BRDA:100,6,1,24
BRDA:104,7,0,25
BRDA:104,7,1,10
BRDA:105,8,0,1
BRDA:105,8,1,24
BRDA:106,9,0,25
BRDA:106,9,1,24
BRDA:115,10,0,25
BRDA:115,10,1,24
BRDA:119,11,0,25
BRDA:119,11,1,1
BRDA:121,12,0,3
BRDA:121,12,1,22
BRDA:125,13,0,25
BRDA:125,13,1,24
BRDA:159,14,0,25
BRDA:159,14,1,24
BRDA:163,15,0,10
BRDA:163,15,1,10
BRDA:205,16,0,10
BRDA:205,16,1,0
BRDA:207,17,0,1
BRDA:207,17,1,9
BRDA:211,18,0,10
BRDA:211,18,1,10
BRDA:214,19,0,10
BRDA:214,19,1,10
BRDA:223,20,0,10
BRDA:223,20,1,10
BRF:42
BRH:41
end_of_record
TN:
SF:src/components/client/Dashboard.js
FN:12,ClientDashboard
FN:32,(anonymous_1)
FN:36,(anonymous_2)
FN:37,(anonymous_3)
FN:38,(anonymous_4)
FN:42,(anonymous_5)
FN:43,(anonymous_6)
FN:47,(anonymous_7)
FN:48,(anonymous_8)
FN:49,(anonymous_9)
FN:51,(anonymous_10)
FN:57,(anonymous_11)
FN:59,(anonymous_12)
FN:73,(anonymous_13)
FN:85,(anonymous_14)
FN:94,(anonymous_15)
FN:103,(anonymous_16)
FN:104,(anonymous_17)
FN:106,(anonymous_18)
FN:107,(anonymous_19)
FN:108,(anonymous_20)
FN:121,(anonymous_21)
FN:136,(anonymous_22)
FN:182,(anonymous_23)
FN:186,(anonymous_24)
FN:191,(anonymous_25)
FN:195,(anonymous_26)
FN:201,(anonymous_27)
FN:203,(anonymous_28)
FN:208,(anonymous_29)
FN:226,(anonymous_30)
FN:273,(anonymous_31)
FN:276,(anonymous_32)
FN:298,(anonymous_33)
FN:315,(anonymous_34)
FN:336,(anonymous_35)
FN:347,(anonymous_36)
FN:348,(anonymous_37)
FN:392,(anonymous_38)
FNF:39
FNH:12
FNDA:18,ClientDashboard
FNDA:9,(anonymous_1)
FNDA:0,(anonymous_2)
FNDA:0,(anonymous_3)
FNDA:0,(anonymous_4)
FNDA:0,(anonymous_5)
FNDA:0,(anonymous_6)
FNDA:0,(anonymous_7)
FNDA:1,(anonymous_8)
FNDA:1,(anonymous_9)
FNDA:1,(anonymous_10)
FNDA:8,(anonymous_11)
FNDA:1,(anonymous_12)
FNDA:0,(anonymous_13)
FNDA:0,(anonymous_14)
FNDA:0,(anonymous_15)
FNDA:0,(anonymous_16)
FNDA:0,(anonymous_17)
FNDA:0,(anonymous_18)
FNDA:0,(anonymous_19)
FNDA:0,(anonymous_20)
FNDA:2,(anonymous_21)
FNDA:0,(anonymous_22)
FNDA:1,(anonymous_23)
FNDA:0,(anonymous_24)
FNDA:1,(anonymous_25)
FNDA:0,(anonymous_26)
FNDA:0,(anonymous_27)
FNDA:54,(anonymous_28)
FNDA:0,(anonymous_29)
FNDA:0,(anonymous_30)
FNDA:0,(anonymous_31)
FNDA:1,(anonymous_32)
FNDA:0,(anonymous_33)
FNDA:0,(anonymous_34)
FNDA:0,(anonymous_35)
FNDA:0,(anonymous_36)
FNDA:0,(anonymous_37)
FNDA:0,(anonymous_38)
DA:7,1
DA:13,18
DA:14,18
DA:15,18
DA:16,18
DA:17,18
DA:18,18
DA:19,18
DA:20,18
DA:21,18
DA:22,18
DA:23,18
DA:27,18
DA:29,18
DA:30,18
DA:32,18
DA:33,9
DA:34,9
DA:36,0
DA:37,0
DA:38,0
DA:40,9
DA:41,9
DA:42,9
DA:43,9
DA:44,9
DA:47,0
DA:48,1
DA:49,1
DA:51,9
DA:52,9
DA:53,9
DA:57,18
DA:59,18
DA:60,1
DA:61,1
DA:62,1
DA:63,0
DA:64,0
DA:66,1
DA:67,1
DA:68,1
DA:73,0
DA:76,1
DA:77,1
DA:78,1
DA:80,0
DA:82,1
DA:85,18
DA:86,0
DA:87,0
DA:88,0
DA:90,0
DA:94,18
DA:95,0
DA:96,0
DA:97,0
DA:99,0
DA:103,18
DA:104,18
DA:105,18
DA:106,0
DA:107,0
DA:108,0
DA:111,18
DA:121,2
DA:136,0
DA:182,1
DA:186,0
DA:191,1
DA:195,0
DA:201,0
DA:203,54
DA:208,0
DA:227,0
DA:273,0
DA:277,1
DA:299,0
DA:316,0
DA:337,0
DA:347,0
DA:348,0
DA:392,0
LF:83
LH:51
BRDA:29,0,0,18
BRDA:29,0,1,0
BRDA:40,1,0,9
BRDA:40,1,1,1
BRDA:42,2,0,0
BRDA:42,2,1,0
BRDA:47,3,0,0
BRDA:47,3,1,0
BRDA:48,4,0,9
BRDA:48,4,1,8
BRDA:49,5,0,9
BRDA:49,5,1,8
BRDA:51,6,0,9
BRDA:51,6,1,0
BRDA:52,7,0,9
BRDA:52,7,1,0
BRDA:53,8,0,9
BRDA:53,8,1,0
BRDA:62,9,0,0
BRDA:62,9,1,1
BRDA:62,10,0,1
BRDA:62,10,1,1
BRDA:72,11,0,1
BRDA:72,11,1,1
BRDA:73,12,0,0
BRDA:73,12,1,1
BRDA:74,13,0,0
BRDA:74,13,1,1
BRDA:80,14,0,0
BRDA:80,14,1,0
BRDA:90,15,0,0
BRDA:90,15,1,0
BRDA:99,16,0,0
BRDA:99,16,1,0
BRDA:103,17,0,0
BRDA:103,17,1,0
BRDA:106,18,0,0
BRDA:106,18,1,0
BRDA:107,19,0,0
BRDA:107,19,1,0
BRDA:108,20,0,0
BRDA:108,20,1,0
BRDA:116,21,0,18
BRDA:116,21,1,0
BRDA:122,22,0,6
BRDA:122,22,1,12
BRDA:130,23,0,1
BRDA:130,23,1,17
BRDA:135,24,0,1
BRDA:135,24,1,17
BRDA:137,25,0,1
BRDA:137,25,1,17
BRDA:148,26,0,0
BRDA:148,26,1,18
BRDA:174,27,0,18
BRDA:174,27,1,6
BRDA:179,28,0,6
BRDA:179,28,1,0
BRDA:212,29,0,1
BRDA:212,29,1,5
BRDA:219,30,0,18
BRDA:219,30,1,0
BRDA:233,31,0,0
BRDA:233,31,1,0
BRDA:267,32,0,18
BRDA:267,32,1,1
BRDA:270,33,0,17
BRDA:270,33,1,1
BRDA:283,34,0,1
BRDA:283,34,1,0
BRDA:284,35,0,1
BRDA:284,35,1,0
BRDA:292,36,0,18
BRDA:292,36,1,0
BRDA:302,37,0,0
BRDA:302,37,1,0
BRDA:309,38,0,0
BRDA:309,38,1,0
BRDA:328,39,0,18
BRDA:328,39,1,0
BRDA:331,40,0,18
BRDA:331,40,1,0
BRDA:339,41,0,0
BRDA:339,41,1,0
BRDA:343,42,0,0
BRDA:343,42,1,0
BRDA:344,43,0,0
BRDA:344,43,1,0
BRDA:349,44,0,0
BRDA:349,44,1,0
BRF:90
BRH:42
end_of_record
TN:
SF:src/components/freelancer/Dashboard.js
FN:7,FreelancerDashboard
FN:17,(anonymous_1)
FN:21,(anonymous_2)
FN:22,(anonymous_3)
FN:29,(anonymous_4)
FN:30,(anonymous_5)
FN:37,(anonymous_6)
FN:38,(anonymous_7)
FN:45,(anonymous_8)
FN:52,(anonymous_9)
FN:82,(anonymous_10)
FN:102,(anonymous_11)
FN:121,(anonymous_12)
FN:126,(anonymous_13)
FN:132,(anonymous_14)
FN:132,(anonymous_15)
FN:198,(anonymous_16)
FN:212,(anonymous_17)
FN:225,(anonymous_18)
FN:234,(anonymous_19)
FNF:20
FNH:9
FNDA:10,FreelancerDashboard
FNDA:6,(anonymous_1)
FNDA:0,(anonymous_2)
FNDA:0,(anonymous_3)
FNDA:1,(anonymous_4)
FNDA:1,(anonymous_5)
FNDA:0,(anonymous_6)
FNDA:0,(anonymous_7)
FNDA:0,(anonymous_8)
FNDA:6,(anonymous_9)
FNDA:0,(anonymous_10)
FNDA:0,(anonymous_11)
FNDA:1,(anonymous_12)
FNDA:1,(anonymous_13)
FNDA:1,(anonymous_14)
FNDA:1,(anonymous_15)
FNDA:0,(anonymous_16)
FNDA:0,(anonymous_17)
FNDA:0,(anonymous_18)
FNDA:0,(anonymous_19)
DA:8,10
DA:9,10
DA:10,10
DA:11,10
DA:12,10
DA:13,10
DA:15,10
DA:17,10
DA:18,6
DA:19,6
DA:21,0
DA:22,0
DA:24,6
DA:25,6
DA:26,6
DA:27,6
DA:29,6
DA:30,6
DA:32,6
DA:33,6
DA:34,0
DA:35,0
DA:36,0
DA:37,0
DA:38,0
DA:42,6
DA:45,0
DA:48,6
DA:52,10
DA:54,10
DA:55,10
DA:56,10
DA:58,10
DA:82,0
DA:102,0
DA:121,1
DA:126,1
DA:132,1
DA:133,1
DA:199,0
DA:213,0
DA:225,0
DA:235,0
LF:43
LH:29
BRDA:24,0,0,6
BRDA:24,0,1,0
BRDA:26,1,0,6
BRDA:26,1,1,0
BRDA:27,2,0,6
BRDA:27,2,1,0
BRDA:30,3,0,1
BRDA:30,3,1,0
BRDA:30,3,2,0
BRDA:36,4,0,0
BRDA:36,4,1,0
BRDA:37,5,0,0
BRDA:37,5,1,0
BRDA:38,6,0,0
BRDA:38,6,1,0
BRDA:45,7,0,0
BRDA:45,7,1,0
BRDA:46,8,0,6
BRDA:46,8,1,6
BRDA:48,9,0,6
BRDA:48,9,1,6
BRDA:54,10,0,10
BRDA:54,10,1,0
BRDA:55,11,0,10
BRDA:55,11,1,0
BRDA:63,12,0,10
BRDA:63,12,1,0
BRDA:81,13,0,1
BRDA:81,13,1,9
BRDA:121,14,0,10
BRDA:121,14,1,1
BRDA:121,15,0,1
BRDA:121,15,1,0
BRDA:121,15,2,0
BRDA:126,16,0,9
BRDA:126,16,1,1
BRDA:126,17,0,1
BRDA:126,17,1,0
BRDA:126,17,2,0
BRDA:132,18,0,1
BRDA:132,18,1,0
BRDA:132,18,2,0
BRDA:136,19,0,1
BRDA:136,19,1,0
BRDA:136,20,0,0
BRDA:136,20,1,0
BRDA:140,21,0,1
BRDA:140,21,1,0
BRDA:193,22,0,10
BRDA:193,22,1,0
BRDA:205,23,0,0
BRDA:205,23,1,0
BRDA:206,24,0,0
BRDA:206,24,1,0
BRDA:225,25,0,10
BRDA:225,25,1,0
BRDA:228,26,0,10
BRDA:228,26,1,0
BRDA:237,27,0,0
BRDA:237,27,1,0
BRDA:238,28,0,0
BRDA:238,28,1,0
BRDA:238,29,0,0
BRDA:238,29,1,0
BRDA:243,30,0,0
BRDA:243,30,1,0
BRF:66
BRH:25
end_of_record
TN:
SF:src/components/landing/Landing.js
FN:4,Landing
FN:55,(anonymous_1)
FN:74,(anonymous_2)
FNF:3
FNH:0
FNDA:0,Landing
FNDA:0,(anonymous_1)
FNDA:0,(anonymous_2)
DA:5,0
DA:56,0
DA:75,0
LF:3
LH:0
BRF:0
BRH:0
end_of_record
TN:
SF:src/components/proposals/ProposalForm.js
FN:6,ProposalForm
FN:13,(anonymous_1)
FN:43,(anonymous_2)
FN:63,(anonymous_3)
FN:78,(anonymous_4)
FN:90,(anonymous_5)
FNF:6
FNH:6
FNDA:40,ProposalForm
FNDA:10,(anonymous_1)
FNDA:13,(anonymous_2)
FNDA:1,(anonymous_3)
FNDA:9,(anonymous_4)
FNDA:1,(anonymous_5)
DA:4,1
DA:7,40
DA:8,40
DA:9,40
DA:10,40
DA:11,40
DA:13,40
DA:14,10
DA:15,10
DA:17,10
DA:18,3
DA:19,3
DA:22,7
DA:23,7
DA:24,7
DA:29,3
DA:31,3
DA:32,3
DA:33,1
DA:35,2
DA:38,6
DA:41,40
DA:43,13
DA:63,1
DA:78,9
DA:90,1
LF:26
LH:26
BRDA:17,0,0,3
BRDA:17,0,1,7
BRDA:17,1,0,10
BRDA:17,1,1,9
BRDA:25,2,0,7
BRDA:25,2,1,6
BRDA:27,3,0,1
BRDA:27,3,1,6
BRDA:31,4,0,3
BRDA:31,4,1,1
BRDA:32,5,0,1
BRDA:32,5,1,2
BRDA:35,6,0,2
BRDA:35,6,1,1
BRDA:51,7,0,40
BRDA:51,7,1,5
BRDA:101,8,0,7
BRDA:101,8,1,33
BRF:18
BRH:18
end_of_record
TN:
SF:src/components/shared/Loading.js
FN:3,Loading
FNF:1
FNH:1
FNDA:1,Loading
DA:4,1
LF:1
LH:1
BRDA:3,0,0,1
BRF:1
BRH:1
end_of_record
TN:
SF:src/components/shared/Navbar.js
FN:5,Navbar
FN:12,(anonymous_1)
FNF:2
FNH:2
FNDA:54,Navbar
FNDA:1,(anonymous_1)
DA:6,54
DA:7,54
DA:8,54
DA:9,54
DA:10,54
DA:12,54
DA:13,1
DA:14,1
DA:17,54
DA:18,2
DA:34,52
DA:35,52
DA:36,52
DA:38,52
LF:14
LH:14
BRDA:10,0,0,54
BRDA:10,0,1,53
BRDA:17,1,0,2
BRDA:17,1,1,52
BRDA:36,2,0,2
BRDA:36,2,1,50
BRDA:36,3,0,11
BRDA:36,3,1,39
BRDA:47,4,0,26
BRDA:47,4,1,26
BRDA:48,5,0,52
BRDA:48,5,1,11
BRDA:48,6,0,0
BRDA:48,6,1,11
BRDA:49,7,0,52
BRDA:49,7,1,11
BRDA:49,8,0,0
BRDA:49,8,1,11
BRDA:50,9,0,0
BRDA:50,9,1,52
BRDA:50,10,0,11
BRDA:50,10,1,41
BRDA:51,11,0,25
BRDA:51,11,1,27
BRDA:52,12,0,0
BRDA:52,12,1,52
BRDA:53,13,0,52
BRDA:53,13,1,2
BRDA:53,14,0,1
BRDA:53,14,1,1
BRDA:57,15,0,52
BRDA:57,15,1,26
BRDA:61,16,0,26
BRDA:61,16,1,1
BRDA:65,17,0,26
BRDA:65,17,1,1
BRF:36
BRH:32
end_of_record
TN:
SF:src/components/shared/Sidebar.js
FN:30,Sidebar
FN:43,(anonymous_1)
FNF:2
FNH:0
FNDA:0,Sidebar
FNDA:0,(anonymous_1)
DA:5,0
DA:14,0
DA:22,0
DA:31,0
DA:32,0
DA:33,0
DA:34,0
DA:35,0
DA:36,0
DA:37,0
DA:39,0
DA:44,0
LF:12
LH:0
BRDA:36,0,0,0
BRDA:36,0,1,0
BRDA:36,1,0,0
BRDA:36,1,1,0
BRDA:37,2,0,0
BRDA:37,2,1,0
BRDA:37,3,0,0
BRDA:37,3,1,0
BRDA:47,4,0,0
BRDA:47,4,1,0
BRF:10
BRH:0
end_of_record
TN:
SF:src/components/shared/Toast.js
FN:9,Toast
FN:10,(anonymous_1)
FN:13,(anonymous_2)
FNF:3
FNH:0
FNDA:0,Toast
FNDA:0,(anonymous_1)
FNDA:0,(anonymous_2)
DA:3,0
DA:10,0
DA:11,0
DA:12,0
DA:13,0
DA:16,0
DA:18,0
DA:20,0
LF:8
LH:0
BRDA:9,0,0,0
BRDA:9,1,0,0
BRDA:11,2,0,0
BRDA:11,2,1,0
BRDA:16,3,0,0
BRDA:16,3,1,0
BRDA:18,4,0,0
BRDA:18,4,1,0
BRF:8
BRH:0
end_of_record
TN:
SF:src/components/shared/index.js
FN:3,(anonymous_0)
FN:14,(anonymous_1)
FN:19,(anonymous_2)
FN:29,(anonymous_3)
FN:40,(anonymous_4)
FN:41,(anonymous_5)
FN:74,(anonymous_6)
FN:85,(anonymous_7)
FNF:8
FNH:0
FNDA:0,(anonymous_0)
FNDA:0,(anonymous_1)
FNDA:0,(anonymous_2)
FNDA:0,(anonymous_3)
FNDA:0,(anonymous_4)
FNDA:0,(anonymous_5)
FNDA:0,(anonymous_6)
FNDA:0,(anonymous_7)
DA:3,0
DA:4,0
DA:6,0
DA:14,0
DA:15,0
DA:19,0
DA:29,0
DA:30,0
DA:37,0
DA:40,0
DA:41,0
DA:42,0
DA:43,0
DA:44,0
DA:49,0
DA:57,0
DA:59,0
DA:74,0
DA:75,0
DA:85,0
DA:86,0
LF:21
LH:0
BRDA:4,0,0,0
BRDA:4,0,1,0
BRDA:14,1,0,0
BRDA:16,2,0,0
BRDA:16,2,1,0
BRDA:18,3,0,0
BRDA:18,3,1,0
BRDA:22,4,0,0
BRDA:22,4,1,0
BRDA:37,5,0,0
BRDA:37,5,1,0
BRDA:40,6,0,0
BRDA:42,7,0,0
BRDA:42,7,1,0
BRDA:44,8,0,0
BRDA:44,8,1,0
BRDA:57,9,0,0
BRDA:57,9,1,0
BRDA:74,10,0,0
BRDA:75,11,0,0
BRDA:75,11,1,0
BRDA:78,12,0,0
BRDA:78,12,1,0
BRDA:81,13,0,0
BRDA:81,13,1,0
BRDA:87,14,0,0
BRDA:87,14,1,0
BRF:27
BRH:0
end_of_record
TN:
SF:src/config/index.js
FNF:0
FNH:0
DA:1,1
LF:1
LH:1
BRDA:2,0,0,1
BRDA:2,0,1,1
BRDA:3,1,0,1
BRDA:3,1,1,1
BRDA:4,2,0,1
BRDA:4,2,1,1
BRF:6
BRH:6
end_of_record
TN:
SF:src/context/AppContext.js
FN:15,reducer
FN:32,(anonymous_1)
FN:39,AppProvider
FN:42,(anonymous_3)
FN:43,init
FN:58,(anonymous_5)
FN:70,useApp
FNF:7
FNH:0
FNDA:0,reducer
FNDA:0,(anonymous_1)
FNDA:0,AppProvider
FNDA:0,(anonymous_3)
FNDA:0,init
FNDA:0,(anonymous_5)
FNDA:0,useApp
DA:4,0
DA:6,0
DA:16,0
DA:18,0
DA:20,0
DA:22,0
DA:24,0
DA:26,0
DA:28,0
DA:30,0
DA:32,0
DA:35,0
DA:40,0
DA:42,0
DA:44,0
DA:45,0
DA:46,0
DA:47,0
DA:49,0
DA:52,0
DA:55,0
DA:58,0
DA:59,0
DA:60,0
DA:63,0
DA:71,0
DA:72,0
DA:73,0
LF:28
LH:0
BRDA:16,0,0,0
BRDA:16,0,1,0
BRDA:16,0,2,0
BRDA:16,0,3,0
BRDA:16,0,4,0
BRDA:16,0,5,0
BRDA:16,0,6,0
BRDA:16,0,7,0
BRDA:44,1,0,0
BRDA:44,1,1,0
BRDA:72,2,0,0
BRDA:72,2,1,0
BRF:12
BRH:0
end_of_record
TN:
SF:src/hooks/useAuth.js
FN:9,useAuth
FN:15,(anonymous_1)
FN:36,(anonymous_2)
FN:51,(anonymous_3)
FNF:4
FNH:0
FNDA:0,useAuth
FNDA:0,(anonymous_1)
FNDA:0,(anonymous_2)
FNDA:0,(anonymous_3)
DA:10,0
DA:11,0
DA:12,0
DA:13,0
DA:15,0
DA:16,0
DA:17,0
DA:18,0
DA:19,0
DA:20,0
DA:22,0
DA:23,0
DA:24,0
DA:26,0
DA:27,0
DA:29,0
DA:30,0
DA:32,0
DA:36,0
DA:37,0
DA:38,0
DA:39,0
DA:40,0
DA:41,0
DA:42,0
DA:44,0
DA:45,0
DA:47,0
DA:51,0
DA:52,0
DA:53,0
DA:54,0
DA:55,0
DA:56,0
DA:57,0
DA:58,0
DA:60,0
DA:61,0
DA:63,0
DA:67,0
LF:40
LH:0
BRDA:29,0,0,0
BRDA:29,0,1,0
BRDA:29,0,2,0
BRDA:44,1,0,0
BRDA:44,1,1,0
BRDA:44,1,2,0
BRDA:58,2,0,0
BRDA:58,2,1,0
BRDA:60,3,0,0
BRDA:60,3,1,0
BRDA:60,3,2,0
BRF:11
BRH:0
end_of_record
TN:
SF:src/hooks/useContracts.js
FN:4,useContracts
FN:9,(anonymous_1)
FN:21,(anonymous_2)
FN:26,useContractDetail
FN:31,(anonymous_4)
FN:44,(anonymous_5)
FNF:6
FNH:0
FNDA:0,useContracts
FNDA:0,(anonymous_1)
FNDA:0,(anonymous_2)
FNDA:0,useContractDetail
FNDA:0,(anonymous_4)
FNDA:0,(anonymous_5)
DA:5,0
DA:6,0
DA:7,0
DA:9,0
DA:10,0
DA:11,0
DA:12,0
DA:13,0
DA:15,0
DA:17,0
DA:21,0
DA:23,0
DA:27,0
DA:28,0
DA:29,0
DA:31,0
DA:32,0
DA:33,0
DA:34,0
DA:35,0
DA:36,0
DA:38,0
DA:40,0
DA:44,0
DA:46,0
LF:25
LH:0
BRDA:4,0,0,0
BRDA:13,1,0,0
BRDA:13,1,1,0
BRDA:32,2,0,0
BRDA:32,2,1,0
BRF:5
BRH:0
end_of_record
TN:
SF:src/pages/AdminPanel.js
FN:9,AdminPanel
FN:32,(anonymous_1)
FN:34,(anonymous_2)
FN:48,(anonymous_3)
FN:53,(anonymous_4)
FN:54,(anonymous_5)
FN:59,(anonymous_6)
FN:65,(anonymous_7)
FN:73,(anonymous_8)
FN:76,(anonymous_9)
FN:78,(anonymous_10)
FN:82,(anonymous_11)
FN:94,(anonymous_12)
FN:104,(anonymous_13)
FN:114,(anonymous_14)
FN:115,(anonymous_15)
FN:118,(anonymous_16)
FN:128,(anonymous_17)
FN:138,(anonymous_18)
FN:156,(anonymous_19)
FN:193,(anonymous_20)
FN:213,(anonymous_21)
FN:217,(anonymous_22)
FN:232,(anonymous_23)
FN:235,(anonymous_24)
FN:235,(anonymous_25)
FN:255,(anonymous_26)
FN:294,(anonymous_27)
FN:295,(anonymous_28)
FN:303,(anonymous_29)
FN:308,(anonymous_30)
FN:309,(anonymous_31)
FN:310,(anonymous_32)
FN:313,(anonymous_33)
FN:317,(anonymous_34)
FN:322,(anonymous_35)
FN:341,(anonymous_36)
FN:359,(anonymous_37)
FN:361,(anonymous_38)
FN:376,(anonymous_39)
FN:379,(anonymous_40)
FN:380,(anonymous_41)
FN:385,(anonymous_42)
FN:385,(anonymous_43)
FN:386,(anonymous_44)
FN:386,(anonymous_45)
FN:387,(anonymous_46)
FN:387,(anonymous_47)
FN:389,(anonymous_48)
FN:389,(anonymous_49)
FN:398,(anonymous_50)
FN:400,(anonymous_51)
FN:410,(anonymous_52)
FN:410,(anonymous_53)
FN:413,(anonymous_54)
FN:413,(anonymous_55)
FN:415,(anonymous_56)
FN:416,(anonymous_57)
FN:421,(anonymous_58)
FN:421,(anonymous_59)
FN:422,(anonymous_60)
FN:422,(anonymous_61)
FN:423,(anonymous_62)
FN:423,(anonymous_63)
FN:425,(anonymous_64)
FN:425,(anonymous_65)
FN:434,(anonymous_66)
FN:436,(anonymous_67)
FN:445,(anonymous_68)
FN:446,(anonymous_69)
FN:451,(anonymous_70)
FN:451,(anonymous_71)
FN:452,(anonymous_72)
FN:452,(anonymous_73)
FN:453,(anonymous_74)
FN:453,(anonymous_75)
FN:455,(anonymous_76)
FN:455,(anonymous_77)
FN:464,(anonymous_78)
FN:466,(anonymous_79)
FN:477,(anonymous_80)
FN:477,(anonymous_81)
FN:478,(anonymous_82)
FN:478,(anonymous_83)
FN:481,(anonymous_84)
FN:482,(anonymous_85)
FN:487,(anonymous_86)
FN:487,(anonymous_87)
FN:488,(anonymous_88)
FN:488,(anonymous_89)
FN:489,(anonymous_90)
FN:489,(anonymous_91)
FN:491,(anonymous_92)
FN:491,(anonymous_93)
FN:502,(anonymous_94)
FN:511,(anonymous_95)
FN:512,(anonymous_96)
FN:517,(anonymous_97)
FN:518,(anonymous_98)
FN:524,(anonymous_99)
FN:524,(anonymous_100)
FN:525,(anonymous_101)
FN:525,(anonymous_102)
FN:526,(anonymous_103)
FN:526,(anonymous_104)
FN:528,(anonymous_105)
FN:528,(anonymous_106)
FN:536,(anonymous_107)
FN:545,(anonymous_108)
FN:549,(anonymous_109)
FN:549,(anonymous_110)
FN:550,(anonymous_111)
FN:550,(anonymous_112)
FN:551,(anonymous_113)
FN:551,(anonymous_114)
FN:553,(anonymous_115)
FN:553,(anonymous_116)
FN:558,(anonymous_117)
FN:559,(anonymous_118)
FN:562,(anonymous_119)
FN:567,(anonymous_120)
FN:568,(anonymous_121)
FN:569,(anonymous_122)
FN:571,(anonymous_123)
FN:577,(anonymous_124)
FN:582,(anonymous_125)
FN:583,(anonymous_126)
FN:584,(anonymous_127)
FN:585,(anonymous_128)
FN:586,(anonymous_129)
FN:591,(anonymous_130)
FN:592,(anonymous_131)
FN:593,(anonymous_132)
FN:594,(anonymous_133)
FN:599,(anonymous_134)
FN:600,(anonymous_135)
FN:601,(anonymous_136)
FN:602,(anonymous_137)
FN:603,(anonymous_138)
FN:608,(anonymous_139)
FN:615,(anonymous_140)
FN:616,(anonymous_141)
FN:619,(anonymous_142)
FN:622,(anonymous_143)
FN:639,(anonymous_144)
FN:645,(anonymous_145)
FN:646,(anonymous_146)
FN:650,(anonymous_147)
FN:653,(anonymous_148)
FN:656,(anonymous_149)
FN:663,(anonymous_150)
FN:671,(anonymous_151)
FN:672,(anonymous_152)
FN:675,(anonymous_153)
FN:681,(anonymous_154)
FN:688,(anonymous_155)
FN:689,(anonymous_156)
FN:692,(anonymous_157)
FN:698,(anonymous_158)
FN:704,(anonymous_159)
FNF:160
FNH:0
FNDA:0,AdminPanel
FNDA:0,(anonymous_1)
FNDA:0,(anonymous_2)
FNDA:0,(anonymous_3)
FNDA:0,(anonymous_4)
FNDA:0,(anonymous_5)
FNDA:0,(anonymous_6)
FNDA:0,(anonymous_7)
FNDA:0,(anonymous_8)
FNDA:0,(anonymous_9)
FNDA:0,(anonymous_10)
FNDA:0,(anonymous_11)
FNDA:0,(anonymous_12)
FNDA:0,(anonymous_13)
FNDA:0,(anonymous_14)
FNDA:0,(anonymous_15)
FNDA:0,(anonymous_16)
FNDA:0,(anonymous_17)
FNDA:0,(anonymous_18)
FNDA:0,(anonymous_19)
FNDA:0,(anonymous_20)
FNDA:0,(anonymous_21)
FNDA:0,(anonymous_22)
FNDA:0,(anonymous_23)
FNDA:0,(anonymous_24)
FNDA:0,(anonymous_25)
FNDA:0,(anonymous_26)
FNDA:0,(anonymous_27)
FNDA:0,(anonymous_28)
FNDA:0,(anonymous_29)
FNDA:0,(anonymous_30)
FNDA:0,(anonymous_31)
FNDA:0,(anonymous_32)
FNDA:0,(anonymous_33)
FNDA:0,(anonymous_34)
FNDA:0,(anonymous_35)
FNDA:0,(anonymous_36)
FNDA:0,(anonymous_37)
FNDA:0,(anonymous_38)
FNDA:0,(anonymous_39)
FNDA:0,(anonymous_40)
FNDA:0,(anonymous_41)
FNDA:0,(anonymous_42)
FNDA:0,(anonymous_43)
FNDA:0,(anonymous_44)
FNDA:0,(anonymous_45)
FNDA:0,(anonymous_46)
FNDA:0,(anonymous_47)
FNDA:0,(anonymous_48)
FNDA:0,(anonymous_49)
FNDA:0,(anonymous_50)
FNDA:0,(anonymous_51)
FNDA:0,(anonymous_52)
FNDA:0,(anonymous_53)
FNDA:0,(anonymous_54)
FNDA:0,(anonymous_55)
FNDA:0,(anonymous_56)
FNDA:0,(anonymous_57)
FNDA:0,(anonymous_58)
FNDA:0,(anonymous_59)
FNDA:0,(anonymous_60)
FNDA:0,(anonymous_61)
FNDA:0,(anonymous_62)
FNDA:0,(anonymous_63)
FNDA:0,(anonymous_64)
FNDA:0,(anonymous_65)
FNDA:0,(anonymous_66)
FNDA:0,(anonymous_67)
FNDA:0,(anonymous_68)
FNDA:0,(anonymous_69)
FNDA:0,(anonymous_70)
FNDA:0,(anonymous_71)
FNDA:0,(anonymous_72)
FNDA:0,(anonymous_73)
FNDA:0,(anonymous_74)
FNDA:0,(anonymous_75)
FNDA:0,(anonymous_76)
FNDA:0,(anonymous_77)
FNDA:0,(anonymous_78)
FNDA:0,(anonymous_79)
FNDA:0,(anonymous_80)
FNDA:0,(anonymous_81)
FNDA:0,(anonymous_82)
FNDA:0,(anonymous_83)
FNDA:0,(anonymous_84)
FNDA:0,(anonymous_85)
FNDA:0,(anonymous_86)
FNDA:0,(anonymous_87)
FNDA:0,(anonymous_88)
FNDA:0,(anonymous_89)
FNDA:0,(anonymous_90)
FNDA:0,(anonymous_91)
FNDA:0,(anonymous_92)
FNDA:0,(anonymous_93)
FNDA:0,(anonymous_94)
FNDA:0,(anonymous_95)
FNDA:0,(anonymous_96)
FNDA:0,(anonymous_97)
FNDA:0,(anonymous_98)
FNDA:0,(anonymous_99)
FNDA:0,(anonymous_100)
FNDA:0,(anonymous_101)
FNDA:0,(anonymous_102)
FNDA:0,(anonymous_103)
FNDA:0,(anonymous_104)
FNDA:0,(anonymous_105)
FNDA:0,(anonymous_106)
FNDA:0,(anonymous_107)
FNDA:0,(anonymous_108)
FNDA:0,(anonymous_109)
FNDA:0,(anonymous_110)
FNDA:0,(anonymous_111)
FNDA:0,(anonymous_112)
FNDA:0,(anonymous_113)
FNDA:0,(anonymous_114)
FNDA:0,(anonymous_115)
FNDA:0,(anonymous_116)
FNDA:0,(anonymous_117)
FNDA:0,(anonymous_118)
FNDA:0,(anonymous_119)
FNDA:0,(anonymous_120)
FNDA:0,(anonymous_121)
FNDA:0,(anonymous_122)
FNDA:0,(anonymous_123)
FNDA:0,(anonymous_124)
FNDA:0,(anonymous_125)
FNDA:0,(anonymous_126)
FNDA:0,(anonymous_127)
FNDA:0,(anonymous_128)
FNDA:0,(anonymous_129)
FNDA:0,(anonymous_130)
FNDA:0,(anonymous_131)
FNDA:0,(anonymous_132)
FNDA:0,(anonymous_133)
FNDA:0,(anonymous_134)
FNDA:0,(anonymous_135)
FNDA:0,(anonymous_136)
FNDA:0,(anonymous_137)
FNDA:0,(anonymous_138)
FNDA:0,(anonymous_139)
FNDA:0,(anonymous_140)
FNDA:0,(anonymous_141)
FNDA:0,(anonymous_142)
FNDA:0,(anonymous_143)
FNDA:0,(anonymous_144)
FNDA:0,(anonymous_145)
FNDA:0,(anonymous_146)
FNDA:0,(anonymous_147)
FNDA:0,(anonymous_148)
FNDA:0,(anonymous_149)
FNDA:0,(anonymous_150)
FNDA:0,(anonymous_151)
FNDA:0,(anonymous_152)
FNDA:0,(anonymous_153)
FNDA:0,(anonymous_154)
FNDA:0,(anonymous_155)
FNDA:0,(anonymous_156)
FNDA:0,(anonymous_157)
FNDA:0,(anonymous_158)
FNDA:0,(anonymous_159)
DA:6,0
DA:7,0
DA:10,0
DA:11,0
DA:12,0
DA:13,0
DA:14,0
DA:15,0
DA:16,0
DA:17,0
DA:18,0
DA:19,0
DA:20,0
DA:21,0
DA:22,0
DA:23,0
DA:24,0
DA:25,0
DA:26,0
DA:27,0
DA:28,0
DA:29,0
DA:30,0
DA:32,0
DA:34,0
DA:35,0
DA:36,0
DA:37,0
DA:39,0
DA:40,0
DA:41,0
DA:43,0
DA:44,0
DA:48,0
DA:49,0
DA:50,0
DA:51,0
DA:52,0
DA:53,0
DA:54,0
DA:56,0
DA:57,0
DA:58,0
DA:59,0
DA:62,0
DA:65,0
DA:66,0
DA:67,0
DA:68,0
DA:69,0
DA:70,0
DA:71,0
DA:72,0
DA:73,0
DA:76,0
DA:78,0
DA:79,0
DA:82,0
DA:83,0
DA:84,0
DA:85,0
DA:86,0
DA:88,0
DA:92,0
DA:94,0
DA:95,0
DA:96,0
DA:97,0
DA:98,0
DA:100,0
DA:104,0
DA:105,0
DA:106,0
DA:107,0
DA:108,0
DA:110,0
DA:114,0
DA:115,0
DA:118,0
DA:119,0
DA:120,0
DA:121,0
DA:122,0
DA:124,0
DA:128,0
DA:129,0
DA:130,0
DA:131,0
DA:132,0
DA:133,0
DA:134,0
DA:135,0
DA:138,0
DA:139,0
DA:140,0
DA:141,0
DA:142,0
DA:143,0
DA:144,0
DA:145,0
DA:146,0
DA:147,0
DA:148,0
DA:149,0
DA:150,0
DA:152,0
DA:156,0
DA:157,0
DA:158,0
DA:159,0
DA:160,0
DA:161,0
DA:162,0
DA:163,0
DA:164,0
DA:165,0
DA:166,0
DA:168,0
DA:169,0
DA:170,0
DA:171,0
DA:172,0
DA:173,0
DA:174,0
DA:176,0
DA:177,0
DA:178,0
DA:179,0
DA:180,0
DA:182,0
DA:183,0
DA:184,0
DA:185,0
DA:186,0
DA:188,0
DA:189,0
DA:190,0
DA:193,0
DA:194,0
DA:195,0
DA:196,0
DA:197,0
DA:198,0
DA:199,0
DA:200,0
DA:201,0
DA:202,0
DA:203,0
DA:204,0
DA:205,0
DA:206,0
DA:207,0
DA:209,0
DA:213,0
DA:214,0
DA:217,0
DA:218,0
DA:219,0
DA:220,0
DA:221,0
DA:222,0
DA:223,0
DA:224,0
DA:225,0
DA:226,0
DA:228,0
DA:232,0
DA:233,0
DA:234,0
DA:235,0
DA:238,0
DA:245,0
DA:255,0
DA:295,0
DA:303,0
DA:309,0
DA:310,0
DA:314,0
DA:318,0
DA:322,0
DA:342,0
DA:359,0
DA:362,0
DA:376,0
DA:379,0
DA:380,0
DA:385,0
DA:386,0
DA:387,0
DA:389,0
DA:398,0
DA:401,0
DA:410,0
DA:413,0
DA:415,0
DA:416,0
DA:421,0
DA:422,0
DA:423,0
DA:425,0
DA:434,0
DA:437,0
DA:445,0
DA:446,0
DA:451,0
DA:452,0
DA:453,0
DA:455,0
DA:464,0
DA:467,0
DA:477,0
DA:478,0
DA:481,0
DA:482,0
DA:487,0
DA:488,0
DA:489,0
DA:491,0
DA:503,0
DA:511,0
DA:512,0
DA:517,0
DA:518,0
DA:524,0
DA:525,0
DA:526,0
DA:528,0
DA:537,0
DA:545,0
DA:549,0
DA:550,0
DA:551,0
DA:553,0
DA:558,0
DA:559,0
DA:562,0
DA:567,0
DA:568,0
DA:569,0
DA:571,0
DA:577,0
DA:582,0
DA:583,0
DA:584,0
DA:585,0
DA:586,0
DA:591,0
DA:592,0
DA:593,0
DA:594,0
DA:599,0
DA:600,0
DA:601,0
DA:602,0
DA:603,0
DA:608,0
DA:615,0
DA:616,0
DA:619,0
DA:623,0
DA:624,0
DA:625,0
DA:626,0
DA:628,0
DA:629,0
DA:630,0
DA:631,0
DA:632,0
DA:634,0
DA:639,0
DA:645,0
DA:646,0
DA:650,0
DA:653,0
DA:656,0
DA:663,0
DA:671,0
DA:672,0
DA:675,0
DA:681,0
DA:688,0
DA:689,0
DA:692,0
DA:698,0
DA:704,0
LF:285
LH:0
BRDA:32,0,0,0
BRDA:34,1,0,0
BRDA:34,2,0,0
BRDA:36,3,0,0
BRDA:36,3,1,0
BRDA:37,4,0,0
BRDA:37,4,1,0
BRDA:37,5,0,0
BRDA:37,5,1,0
BRDA:43,6,0,0
BRDA:43,6,1,0
BRDA:57,7,0,0
BRDA:57,7,1,0
BRDA:59,8,0,0
BRDA:59,8,1,0
BRDA:66,9,0,0
BRDA:66,9,1,0
BRDA:67,10,0,0
BRDA:67,10,1,0
BRDA:69,11,0,0
BRDA:69,11,1,0
BRDA:70,12,0,0
BRDA:70,12,1,0
BRDA:72,13,0,0
BRDA:72,13,1,0
BRDA:72,14,0,0
BRDA:72,14,1,0
BRDA:73,15,0,0
BRDA:73,15,1,0
BRDA:79,16,0,0
BRDA:79,16,1,0
BRDA:88,17,0,0
BRDA:88,17,1,0
BRDA:100,18,0,0
BRDA:100,18,1,0
BRDA:110,19,0,0
BRDA:110,19,1,0
BRDA:121,20,0,0
BRDA:121,20,1,0
BRDA:124,21,0,0
BRDA:124,21,1,0
BRDA:130,22,0,0
BRDA:130,22,1,0
BRDA:131,23,0,0
BRDA:131,23,1,0
BRDA:132,24,0,0
BRDA:132,24,1,0
BRDA:133,25,0,0
BRDA:133,25,1,0
BRDA:143,26,0,0
BRDA:143,26,1,0
BRDA:144,27,0,0
BRDA:144,27,1,0
BRDA:145,28,0,0
BRDA:145,28,1,0
BRDA:146,29,0,0
BRDA:146,29,1,0
BRDA:152,30,0,0
BRDA:152,30,1,0
BRDA:158,31,0,0
BRDA:158,31,1,0
BRDA:159,32,0,0
BRDA:159,32,1,0
BRDA:160,33,0,0
BRDA:160,33,1,0
BRDA:161,34,0,0
BRDA:161,34,1,0
BRDA:162,35,0,0
BRDA:162,35,1,0
BRDA:163,36,0,0
BRDA:163,36,1,0
BRDA:164,37,0,0
BRDA:164,37,1,0
BRDA:165,38,0,0
BRDA:165,38,1,0
BRDA:166,39,0,0
BRDA:166,39,1,0
BRDA:168,40,0,0
BRDA:168,40,1,0
BRDA:169,41,0,0
BRDA:169,41,1,0
BRDA:170,42,0,0
BRDA:170,42,1,0
BRDA:171,43,0,0
BRDA:171,43,1,0
BRDA:172,44,0,0
BRDA:172,44,1,0
BRDA:173,45,0,0
BRDA:173,45,1,0
BRDA:174,46,0,0
BRDA:174,46,1,0
BRDA:176,47,0,0
BRDA:176,47,1,0
BRDA:177,48,0,0
BRDA:177,48,1,0
BRDA:178,49,0,0
BRDA:178,49,1,0
BRDA:179,50,0,0
BRDA:179,50,1,0
BRDA:180,51,0,0
BRDA:180,51,1,0
BRDA:182,52,0,0
BRDA:182,52,1,0
BRDA:183,53,0,0
BRDA:183,53,1,0
BRDA:184,54,0,0
BRDA:184,54,1,0
BRDA:185,55,0,0
BRDA:185,55,1,0
BRDA:186,56,0,0
BRDA:186,56,1,0
BRDA:188,57,0,0
BRDA:188,57,1,0
BRDA:188,58,0,0
BRDA:188,58,1,0
BRDA:188,59,0,0
BRDA:188,59,1,0
BRDA:188,60,0,0
BRDA:188,60,1,0
BRDA:195,61,0,0
BRDA:195,61,1,0
BRDA:197,62,0,0
BRDA:197,62,1,0
BRDA:200,63,0,0
BRDA:200,63,1,0
BRDA:201,64,0,0
BRDA:201,64,1,0
BRDA:202,65,0,0
BRDA:202,65,1,0
BRDA:203,66,0,0
BRDA:203,66,1,0
BRDA:209,67,0,0
BRDA:209,67,1,0
BRDA:219,68,0,0
BRDA:219,68,1,0
BRDA:221,69,0,0
BRDA:221,69,1,0
BRDA:228,70,0,0
BRDA:228,70,1,0
BRDA:233,71,0,0
BRDA:233,71,1,0
BRDA:235,72,0,0
BRDA:235,72,1,0
BRDA:238,73,0,0
BRDA:238,73,1,0
BRDA:254,74,0,0
BRDA:254,74,1,0
BRDA:254,74,2,0
BRDA:266,75,0,0
BRDA:266,75,1,0
BRDA:286,76,0,0
BRDA:286,76,1,0
BRDA:287,77,0,0
BRDA:287,77,1,0
BRDA:296,78,0,0
BRDA:296,78,1,0
BRDA:306,79,0,0
BRDA:306,79,1,0
BRDA:308,80,0,0
BRDA:308,80,1,0
BRDA:313,81,0,0
BRDA:313,81,1,0
BRDA:316,82,0,0
BRDA:316,82,1,0
BRDA:318,83,0,0
BRDA:318,83,1,0
BRDA:318,83,2,0
BRDA:318,83,3,0
BRDA:318,83,4,0
BRDA:318,83,5,0
BRDA:318,83,6,0
BRDA:318,83,7,0
BRDA:328,84,0,0
BRDA:328,84,1,0
BRDA:341,85,0,0
BRDA:341,85,1,0
BRDA:345,86,0,0
BRDA:345,86,1,0
BRDA:355,87,0,0
BRDA:355,87,1,0
BRDA:365,88,0,0
BRDA:365,88,1,0
BRDA:368,89,0,0
BRDA:368,89,1,0
BRDA:369,90,0,0
BRDA:369,90,1,0
BRDA:373,91,0,0
BRDA:373,91,1,0
BRDA:373,92,0,0
BRDA:373,92,1,0
BRDA:374,93,0,0
BRDA:374,93,1,0
BRDA:377,94,0,0
BRDA:377,94,1,0
BRDA:387,95,0,0
BRDA:387,95,1,0
BRDA:394,96,0,0
BRDA:394,96,1,0
BRDA:405,97,0,0
BRDA:405,97,1,0
BRDA:409,98,0,0
BRDA:409,98,1,0
BRDA:412,99,0,0
BRDA:412,99,1,0
BRDA:423,100,0,0
BRDA:423,100,1,0
BRDA:430,101,0,0
BRDA:430,101,1,0
BRDA:439,102,0,0
BRDA:439,102,1,0
BRDA:441,103,0,0
BRDA:441,103,1,0
BRDA:441,104,0,0
BRDA:441,104,1,0
BRDA:453,105,0,0
BRDA:453,105,1,0
BRDA:460,106,0,0
BRDA:460,106,1,0
BRDA:469,107,0,0
BRDA:469,107,1,0
BRDA:475,108,0,0
BRDA:475,108,1,0
BRDA:475,108,2,0
BRDA:489,109,0,0
BRDA:489,109,1,0
BRDA:496,110,0,0
BRDA:496,110,1,0
BRDA:499,111,0,0
BRDA:499,111,1,0
BRDA:506,112,0,0
BRDA:506,112,1,0
BRDA:509,113,0,0
BRDA:509,113,1,0
BRDA:515,114,0,0
BRDA:515,114,1,0
BRDA:526,115,0,0
BRDA:526,115,1,0
BRDA:533,116,0,0
BRDA:533,116,1,0
BRDA:551,117,0,0
BRDA:551,117,1,0
BRDA:557,118,0,0
BRDA:557,118,1,0
BRDA:565,119,0,0
BRDA:565,119,1,0
BRDA:580,120,0,0
BRDA:580,120,1,0
BRDA:589,121,0,0
BRDA:589,121,1,0
BRDA:597,122,0,0
BRDA:597,122,1,0
BRDA:614,123,0,0
BRDA:614,123,1,0
BRDA:629,124,0,0
BRDA:629,124,1,0
BRDA:630,125,0,0
BRDA:630,125,1,0
BRDA:630,126,0,0
BRDA:630,126,1,0
BRDA:631,127,0,0
BRDA:631,127,1,0
BRDA:631,128,0,0
BRDA:631,128,1,0
BRDA:632,129,0,0
BRDA:632,129,1,0
BRDA:637,130,0,0
BRDA:637,130,1,0
BRDA:638,131,0,0
BRDA:638,131,1,0
BRDA:643,132,0,0
BRDA:643,132,1,0
BRDA:644,133,0,0
BRDA:644,133,1,0
BRDA:648,134,0,0
BRDA:648,134,1,0
BRDA:649,135,0,0
BRDA:649,135,1,0
BRDA:651,136,0,0
BRDA:651,136,1,0
BRDA:652,137,0,0
BRDA:652,137,1,0
BRDA:655,138,0,0
BRDA:655,138,1,0
BRDA:670,139,0,0
BRDA:670,139,1,0
BRDA:687,140,0,0
BRDA:687,140,1,0
BRF:287
BRH:0
end_of_record
TN:
SF:src/pages/ContractDetailPage.js
FN:11,ContractDetailPage
FN:43,(anonymous_1)
FN:52,(anonymous_2)
FN:61,(anonymous_3)
FN:72,(anonymous_4)
FN:116,(anonymous_5)
FN:162,(anonymous_6)
FN:181,(anonymous_7)
FN:182,(anonymous_8)
FN:216,(anonymous_9)
FN:217,(anonymous_10)
FN:220,(anonymous_11)
FN:229,(anonymous_12)
FN:235,(anonymous_13)
FNF:14
FNH:7
FNDA:26,ContractDetailPage
FNDA:2,(anonymous_1)
FNDA:0,(anonymous_2)
FNDA:0,(anonymous_3)
FNDA:1,(anonymous_4)
FNDA:2,(anonymous_5)
FNDA:44,(anonymous_6)
FNDA:0,(anonymous_7)
FNDA:0,(anonymous_8)
FNDA:0,(anonymous_9)
FNDA:1,(anonymous_10)
FNDA:0,(anonymous_11)
FNDA:1,(anonymous_12)
FNDA:0,(anonymous_13)
DA:12,26
DA:13,26
DA:14,26
DA:15,26
DA:16,26
DA:17,26
DA:18,26
DA:20,26
DA:21,25
DA:39,24
DA:40,24
DA:41,24
DA:43,24
DA:44,2
DA:45,2
DA:46,1
DA:48,1
DA:52,24
DA:53,0
DA:54,0
DA:55,0
DA:57,0
DA:61,24
DA:62,0
DA:63,0
DA:64,0
DA:65,0
DA:66,0
DA:68,0
DA:72,24
DA:73,1
DA:74,1
DA:75,1
DA:76,1
DA:77,1
DA:81,1
DA:82,1
DA:83,1
DA:85,0
DA:87,1
DA:90,24
DA:116,2
DA:163,44
DA:181,0
DA:182,0
DA:216,0
DA:217,1
DA:220,0
DA:229,1
DA:235,0
LF:50
LH:34
BRDA:20,0,0,1
BRDA:20,0,1,25
BRDA:21,1,0,1
BRDA:21,1,1,24
BRDA:48,2,0,1
BRDA:48,2,1,0
BRDA:57,3,0,0
BRDA:57,3,1,0
BRDA:63,4,0,0
BRDA:63,4,1,0
BRDA:68,5,0,0
BRDA:68,5,1,0
BRDA:73,6,0,0
BRDA:73,6,1,1
BRDA:78,7,0,1
BRDA:78,7,1,0
BRDA:85,8,0,0
BRDA:85,8,1,0
BRDA:100,9,0,9
BRDA:100,9,1,15
BRDA:100,10,0,14
BRDA:100,10,1,1
BRDA:100,11,0,15
BRDA:100,11,1,1
BRDA:100,12,0,0
BRDA:100,12,1,1
BRDA:100,13,0,1
BRDA:100,13,1,0
BRDA:100,14,0,0
BRDA:100,14,1,0
BRDA:108,15,0,24
BRDA:108,15,1,14
BRDA:110,16,0,13
BRDA:110,16,1,1
BRDA:110,17,0,14
BRDA:110,17,1,13
BRDA:111,18,0,1
BRDA:111,18,1,0
BRDA:111,19,0,1
BRDA:111,19,1,1
BRDA:115,20,0,24
BRDA:115,20,1,9
BRDA:115,20,2,9
BRDA:131,21,0,9
BRDA:131,21,1,15
BRDA:131,22,0,0
BRDA:131,22,1,15
BRDA:131,23,0,14
BRDA:131,23,1,1
BRDA:131,24,0,15
BRDA:131,24,1,1
BRDA:135,25,0,24
BRDA:135,25,1,0
BRDA:136,26,0,24
BRDA:136,26,1,0
BRDA:137,27,0,24
BRDA:137,27,1,1
BRDA:137,28,0,1
BRDA:137,28,1,0
BRDA:138,29,0,24
BRDA:138,29,1,1
BRDA:139,30,0,24
BRDA:139,30,1,0
BRDA:150,31,0,24
BRDA:150,31,1,24
BRDA:160,32,0,24
BRDA:160,32,1,1
BRDA:166,33,0,21
BRDA:166,33,1,23
BRDA:166,34,0,2
BRDA:166,34,1,21
BRDA:166,35,0,0
BRDA:166,35,1,21
BRDA:172,36,0,44
BRDA:172,36,1,42
BRDA:174,37,0,44
BRDA:174,37,1,0
BRDA:179,38,0,44
BRDA:179,38,1,41
BRDA:179,38,2,1
BRDA:187,39,0,24
BRDA:187,39,1,24
BRDA:187,39,2,1
BRDA:195,40,0,24
BRDA:195,40,1,1
BRDA:200,41,0,0
BRDA:200,41,1,1
BRDA:201,42,0,1
BRDA:201,42,1,0
BRDA:215,43,0,24
BRDA:215,43,1,4
BRDA:232,44,0,4
BRDA:232,44,1,0
BRDA:236,45,0,4
BRDA:236,45,1,3
BRDA:237,46,0,1
BRDA:237,46,1,3
BRF:97
BRH:71
end_of_record
TN:
SF:src/pages/CreateContract.js
FN:6,CreateContract
FN:18,(anonymous_1)
FN:22,(anonymous_2)
FN:23,(anonymous_3)
FN:26,(anonymous_4)
FN:32,(anonymous_5)
FN:42,(anonymous_6)
FN:74,(anonymous_7)
FN:78,(anonymous_8)
FN:82,(anonymous_9)
FN:87,(anonymous_10)
FN:91,(anonymous_11)
FN:97,(anonymous_12)
FN:102,(anonymous_13)
FN:107,(anonymous_14)
FN:112,(anonymous_15)
FN:116,(anonymous_16)
FNF:17
FNH:0
FNDA:0,CreateContract
FNDA:0,(anonymous_1)
FNDA:0,(anonymous_2)
FNDA:0,(anonymous_3)
FNDA:0,(anonymous_4)
FNDA:0,(anonymous_5)
FNDA:0,(anonymous_6)
FNDA:0,(anonymous_7)
FNDA:0,(anonymous_8)
FNDA:0,(anonymous_9)
FNDA:0,(anonymous_10)
FNDA:0,(anonymous_11)
FNDA:0,(anonymous_12)
FNDA:0,(anonymous_13)
FNDA:0,(anonymous_14)
FNDA:0,(anonymous_15)
FNDA:0,(anonymous_16)
DA:7,0
DA:8,0
DA:16,0
DA:18,0
DA:19,0
DA:22,0
DA:23,0
DA:26,0
DA:27,0
DA:28,0
DA:29,0
DA:32,0
DA:33,0
DA:34,0
DA:35,0
DA:36,0
DA:42,0
DA:48,0
DA:49,0
DA:51,0
DA:53,0
DA:57,0
DA:74,0
DA:78,0
DA:82,0
DA:87,0
DA:91,0
DA:98,0
DA:102,0
DA:107,0
DA:112,0
DA:116,0
LF:32
LH:0
BRDA:41,0,0,0
BRDA:41,0,1,0
BRDA:45,1,0,0
BRDA:45,1,1,0
BRDA:51,2,0,0
BRDA:51,2,1,0
BRDA:101,3,0,0
BRDA:101,3,1,0
BRDA:125,4,0,0
BRDA:125,4,1,0
BRF:10
BRH:0
end_of_record
TN:
SF:src/pages/DashboardPage.js
FN:7,DashboardPage
FNF:1
FNH:1
FNDA:14,DashboardPage
DA:8,14
DA:9,14
DA:10,14
LF:3
LH:3
BRDA:15,0,0,8
BRDA:15,0,1,6
BRF:2
BRH:2
end_of_record
TN:
SF:src/pages/ExploreJobs.js
FN:18,ExploreJobs
FN:24,(anonymous_1)
FN:25,load
FN:55,(anonymous_3)
FN:57,(anonymous_4)
FN:59,(anonymous_5)
FN:73,(anonymous_6)
FN:86,(anonymous_7)
FNF:8
FNH:0
FNDA:0,ExploreJobs
FNDA:0,(anonymous_1)
FNDA:0,load
FNDA:0,(anonymous_3)
FNDA:0,(anonymous_4)
FNDA:0,(anonymous_5)
FNDA:0,(anonymous_6)
FNDA:0,(anonymous_7)
DA:7,0
DA:19,0
DA:20,0
DA:21,0
DA:22,0
DA:24,0
DA:26,0
DA:27,0
DA:28,0
DA:29,0
DA:30,0
DA:31,0
DA:32,0
DA:34,0
DA:36,0
DA:39,0
DA:55,0
DA:57,0
DA:59,0
DA:74,0
DA:87,0
LF:21
LH:0
BRDA:29,0,0,0
BRDA:29,0,1,0
BRDA:30,1,0,0
BRDA:30,1,1,0
BRDA:32,2,0,0
BRDA:32,2,1,0
BRDA:63,3,0,0
BRDA:63,3,1,0
BRDA:65,4,0,0
BRDA:65,4,1,0
BRDA:76,5,0,0
BRDA:76,5,1,0
BRDA:77,6,0,0
BRDA:77,6,1,0
BRDA:84,7,0,0
BRDA:84,7,1,0
BRDA:89,8,0,0
BRDA:89,8,1,0
BRDA:97,9,0,0
BRDA:97,9,1,0
BRF:20
BRH:0
end_of_record
TN:
SF:src/pages/FreelancerDirectory.js
FN:9,FreelancerDirectory
FN:31,(anonymous_1)
FN:49,(anonymous_2)
FN:51,(anonymous_3)
FN:59,(anonymous_4)
FN:64,(anonymous_5)
FN:69,(anonymous_6)
FN:78,(anonymous_7)
FN:106,(anonymous_8)
FN:113,(anonymous_9)
FN:115,(anonymous_10)
FN:117,(anonymous_11)
FN:120,(anonymous_12)
FN:122,(anonymous_13)
FN:124,(anonymous_14)
FN:135,(anonymous_15)
FN:142,(anonymous_16)
FN:166,(anonymous_17)
FN:183,(anonymous_18)
FN:191,(anonymous_19)
FN:191,(anonymous_20)
FN:195,(anonymous_21)
FN:195,(anonymous_22)
FN:202,(anonymous_23)
FN:203,(anonymous_24)
FN:206,(anonymous_25)
FN:215,(anonymous_26)
FN:217,(anonymous_27)
FN:223,(anonymous_28)
FN:231,(anonymous_29)
FNF:30
FNH:0
FNDA:0,FreelancerDirectory
FNDA:0,(anonymous_1)
FNDA:0,(anonymous_2)
FNDA:0,(anonymous_3)
FNDA:0,(anonymous_4)
FNDA:0,(anonymous_5)
FNDA:0,(anonymous_6)
FNDA:0,(anonymous_7)
FNDA:0,(anonymous_8)
FNDA:0,(anonymous_9)
FNDA:0,(anonymous_10)
FNDA:0,(anonymous_11)
FNDA:0,(anonymous_12)
FNDA:0,(anonymous_13)
FNDA:0,(anonymous_14)
FNDA:0,(anonymous_15)
FNDA:0,(anonymous_16)
FNDA:0,(anonymous_17)
FNDA:0,(anonymous_18)
FNDA:0,(anonymous_19)
FNDA:0,(anonymous_20)
FNDA:0,(anonymous_21)
FNDA:0,(anonymous_22)
FNDA:0,(anonymous_23)
FNDA:0,(anonymous_24)
FNDA:0,(anonymous_25)
FNDA:0,(anonymous_26)
FNDA:0,(anonymous_27)
FNDA:0,(anonymous_28)
FNDA:0,(anonymous_29)
DA:7,0
DA:10,0
DA:11,0
DA:12,0
DA:13,0
DA:14,0
DA:15,0
DA:16,0
DA:17,0
DA:18,0
DA:19,0
DA:20,0
DA:21,0
DA:23,0
DA:24,0
DA:25,0
DA:26,0
DA:27,0
DA:28,0
DA:29,0
DA:31,0
DA:32,0
DA:33,0
DA:34,0
DA:35,0
DA:36,0
DA:37,0
DA:38,0
DA:39,0
DA:40,0
DA:41,0
DA:42,0
DA:43,0
DA:44,0
DA:46,0
DA:49,0
DA:51,0
DA:52,0
DA:53,0
DA:54,0
DA:55,0
DA:56,0
DA:57,0
DA:58,0
DA:59,0
DA:60,0
DA:64,0
DA:65,0
DA:66,0
DA:67,0
DA:68,0
DA:69,0
DA:70,0
DA:73,0
DA:77,0
DA:78,0
DA:80,0
DA:82,0
DA:85,0
DA:106,0
DA:113,0
DA:115,0
DA:117,0
DA:120,0
DA:122,0
DA:124,0
DA:135,0
DA:143,0
DA:166,0
DA:183,0
DA:191,0
DA:195,0
DA:202,0
DA:203,0
DA:206,0
DA:215,0
DA:217,0
DA:223,0
DA:231,0
LF:79
LH:0
BRDA:35,0,0,0
BRDA:35,0,1,0
BRDA:36,1,0,0
BRDA:36,1,1,0
BRDA:37,2,0,0
BRDA:37,2,1,0
BRDA:38,3,0,0
BRDA:38,3,1,0
BRDA:39,4,0,0
BRDA:39,4,1,0
BRDA:40,5,0,0
BRDA:40,5,1,0
BRDA:42,6,0,0
BRDA:42,6,1,0
BRDA:43,7,0,0
BRDA:43,7,1,0
BRDA:44,8,0,0
BRDA:44,8,1,0
BRDA:59,9,0,0
BRDA:59,9,1,0
BRDA:65,10,0,0
BRDA:65,10,1,0
BRDA:70,11,0,0
BRDA:70,11,1,0
BRDA:80,12,0,0
BRDA:80,12,1,0
BRDA:129,13,0,0
BRDA:129,13,1,0
BRDA:131,14,0,0
BRDA:131,14,1,0
BRDA:149,15,0,0
BRDA:149,15,1,0
BRDA:154,16,0,0
BRDA:154,16,1,0
BRDA:155,17,0,0
BRDA:155,17,1,0
BRDA:158,18,0,0
BRDA:158,18,1,0
BRDA:164,19,0,0
BRDA:164,19,1,0
BRDA:167,20,0,0
BRDA:167,20,1,0
BRDA:170,21,0,0
BRDA:170,21,1,0
BRDA:170,22,0,0
BRDA:170,22,1,0
BRDA:172,23,0,0
BRDA:172,23,1,0
BRDA:173,24,0,0
BRDA:173,24,1,0
BRDA:189,25,0,0
BRDA:189,25,1,0
BRDA:201,26,0,0
BRDA:201,26,1,0
BRDA:205,27,0,0
BRDA:205,27,1,0
BRDA:209,28,0,0
BRDA:209,28,1,0
BRDA:225,29,0,0
BRDA:225,29,1,0
BRDA:226,30,0,0
BRDA:226,30,1,0
BRDA:232,31,0,0
BRDA:232,31,1,0
BRDA:233,32,0,0
BRDA:233,32,1,0
BRDA:234,33,0,0
BRDA:234,33,1,0
BRF:68
BRH:0
end_of_record
TN:
SF:src/pages/Home.js
FN:5,Home
FNF:1
FNH:0
FNDA:0,Home
DA:6,0
LF:1
LH:0
BRF:0
BRH:0
end_of_record
TN:
SF:src/pages/JobDetail.js
FN:20,JobDetail
FN:35,(anonymous_1)
FN:36,load
FN:48,(anonymous_3)
FN:105,(anonymous_4)
FN:180,(anonymous_5)
FN:195,(anonymous_6)
FNF:7
FNH:0
FNDA:0,JobDetail
FNDA:0,(anonymous_1)
FNDA:0,load
FNDA:0,(anonymous_3)
FNDA:0,(anonymous_4)
FNDA:0,(anonymous_5)
FNDA:0,(anonymous_6)
DA:9,0
DA:21,0
DA:22,0
DA:23,0
DA:24,0
DA:25,0
DA:26,0
DA:27,0
DA:28,0
DA:30,0
DA:31,0
DA:32,0
DA:33,0
DA:35,0
DA:37,0
DA:38,0
DA:39,0
DA:41,0
DA:43,0
DA:45,0
DA:48,0
DA:49,0
DA:50,0
DA:51,0
DA:52,0
DA:53,0
DA:57,0
DA:106,0
DA:180,0
DA:195,0
LF:30
LH:0
BRDA:32,0,0,0
BRDA:32,0,1,0
BRDA:32,0,2,0
BRDA:33,1,0,0
BRDA:33,1,1,0
BRDA:33,1,2,0
BRDA:50,2,0,0
BRDA:50,2,1,0
BRDA:52,3,0,0
BRDA:52,3,1,0
BRDA:63,4,0,0
BRDA:63,4,1,0
BRDA:65,5,0,0
BRDA:65,5,1,0
BRDA:78,6,0,0
BRDA:78,6,1,0
BRDA:79,7,0,0
BRDA:79,7,1,0
BRDA:95,8,0,0
BRDA:95,8,1,0
BRDA:100,9,0,0
BRDA:100,9,1,0
BRDA:124,10,0,0
BRDA:124,10,1,0
BRDA:132,11,0,0
BRDA:132,11,1,0
BRDA:134,12,0,0
BRDA:134,12,1,0
BRDA:144,13,0,0
BRDA:144,13,1,0
BRDA:155,14,0,0
BRDA:155,14,1,0
BRDA:164,15,0,0
BRDA:164,15,1,0
BRDA:191,16,0,0
BRDA:191,16,1,0
BRF:36
BRH:0
end_of_record
TN:
SF:src/pages/Messages.js
FN:7,timeAgo
FN:22,MessagesPage
FN:39,(anonymous_2)
FN:40,load
FN:51,(anonymous_4)
FN:54,(anonymous_5)
FN:63,(anonymous_6)
FN:66,(anonymous_7)
FN:71,(anonymous_8)
FN:71,(anonymous_9)
FN:74,(anonymous_10)
FN:77,(anonymous_11)
FN:78,(anonymous_12)
FN:82,(anonymous_13)
FN:86,(anonymous_14)
FN:96,(anonymous_15)
FN:98,(anonymous_16)
FN:99,(anonymous_17)
FN:104,(anonymous_18)
FN:111,(anonymous_19)
FN:120,(anonymous_20)
FN:121,(anonymous_21)
FN:126,(anonymous_22)
FN:141,(anonymous_23)
FN:146,(anonymous_24)
FN:157,(anonymous_25)
FN:161,(anonymous_26)
FN:189,(anonymous_27)
FN:200,(anonymous_28)
FN:220,(anonymous_29)
FN:221,(anonymous_30)
FN:240,(anonymous_31)
FN:241,(anonymous_32)
FN:244,(anonymous_33)
FN:250,(anonymous_34)
FN:256,(anonymous_35)
FN:256,(anonymous_36)
FN:257,(anonymous_37)
FNF:38
FNH:0
FNDA:0,timeAgo
FNDA:0,MessagesPage
FNDA:0,(anonymous_2)
FNDA:0,load
FNDA:0,(anonymous_4)
FNDA:0,(anonymous_5)
FNDA:0,(anonymous_6)
FNDA:0,(anonymous_7)
FNDA:0,(anonymous_8)
FNDA:0,(anonymous_9)
FNDA:0,(anonymous_10)
FNDA:0,(anonymous_11)
FNDA:0,(anonymous_12)
FNDA:0,(anonymous_13)
FNDA:0,(anonymous_14)
FNDA:0,(anonymous_15)
FNDA:0,(anonymous_16)
FNDA:0,(anonymous_17)
FNDA:0,(anonymous_18)
FNDA:0,(anonymous_19)
FNDA:0,(anonymous_20)
FNDA:0,(anonymous_21)
FNDA:0,(anonymous_22)
FNDA:0,(anonymous_23)
FNDA:0,(anonymous_24)
FNDA:0,(anonymous_25)
FNDA:0,(anonymous_26)
FNDA:0,(anonymous_27)
FNDA:0,(anonymous_28)
FNDA:0,(anonymous_29)
FNDA:0,(anonymous_30)
FNDA:0,(anonymous_31)
FNDA:0,(anonymous_32)
FNDA:0,(anonymous_33)
FNDA:0,(anonymous_34)
FNDA:0,(anonymous_35)
FNDA:0,(anonymous_36)
FNDA:0,(anonymous_37)
DA:8,0
DA:9,0
DA:10,0
DA:11,0
DA:12,0
DA:13,0
DA:14,0
DA:15,0
DA:16,0
DA:17,0
DA:18,0
DA:19,0
DA:23,0
DA:24,0
DA:25,0
DA:26,0
DA:27,0
DA:28,0
DA:29,0
DA:30,0
DA:31,0
DA:32,0
DA:33,0
DA:34,0
DA:35,0
DA:36,0
DA:37,0
DA:39,0
DA:41,0
DA:42,0
DA:43,0
DA:44,0
DA:46,0
DA:48,0
DA:51,0
DA:52,0
DA:53,0
DA:54,0
DA:55,0
DA:59,0
DA:63,0
DA:64,0
DA:65,0
DA:66,0
DA:67,0
DA:68,0
DA:69,0
DA:71,0
DA:74,0
DA:75,0
DA:76,0
DA:77,0
DA:82,0
DA:83,0
DA:86,0
DA:87,0
DA:88,0
DA:89,0
DA:90,0
DA:91,0
DA:93,0
DA:96,0
DA:97,0
DA:98,0
DA:99,0
DA:101,0
DA:104,0
DA:105,0
DA:106,0
DA:107,0
DA:108,0
DA:111,0
DA:112,0
DA:113,0
DA:114,0
DA:118,0
DA:119,0
DA:120,0
DA:121,0
DA:122,0
DA:126,0
DA:127,0
DA:132,0
DA:141,0
DA:146,0
DA:158,0
DA:161,0
DA:189,0
DA:201,0
DA:220,0
DA:221,0
DA:240,0
DA:241,0
DA:244,0
DA:250,0
DA:256,0
DA:257,0
LF:97
LH:0
BRDA:12,0,0,0
BRDA:12,0,1,0
BRDA:13,1,0,0
BRDA:13,1,1,0
BRDA:15,2,0,0
BRDA:15,2,1,0
BRDA:17,3,0,0
BRDA:17,3,1,0
BRDA:18,4,0,0
BRDA:18,4,1,0
BRDA:43,5,0,0
BRDA:43,5,1,0
BRDA:44,6,0,0
BRDA:44,6,1,0
BRDA:52,7,0,0
BRDA:52,7,1,0
BRDA:55,8,0,0
BRDA:55,8,1,0
BRDA:55,9,0,0
BRDA:55,9,1,0
BRDA:56,10,0,0
BRDA:56,10,1,0
BRDA:65,11,0,0
BRDA:65,11,1,0
BRDA:67,12,0,0
BRDA:67,12,1,0
BRDA:75,13,0,0
BRDA:75,13,1,0
BRDA:77,14,0,0
BRDA:77,14,1,0
BRDA:87,15,0,0
BRDA:87,15,1,0
BRDA:91,16,0,0
BRDA:91,16,1,0
BRDA:97,17,0,0
BRDA:97,17,1,0
BRDA:112,18,0,0
BRDA:112,18,1,0
BRDA:112,19,0,0
BRDA:112,19,1,0
BRDA:122,20,0,0
BRDA:122,20,1,0
BRDA:126,21,0,0
BRDA:126,21,1,0
BRDA:126,22,0,0
BRDA:126,22,1,0
BRDA:150,23,0,0
BRDA:150,23,1,0
BRDA:152,24,0,0
BRDA:152,24,1,0
BRDA:154,25,0,0
BRDA:154,25,1,0
BRDA:160,26,0,0
BRDA:160,26,1,0
BRDA:164,27,0,0
BRDA:164,27,1,0
BRDA:168,28,0,0
BRDA:168,28,1,0
BRDA:170,29,0,0
BRDA:170,29,1,0
BRDA:174,30,0,0
BRDA:174,30,1,0
BRDA:177,31,0,0
BRDA:177,31,1,0
BRDA:184,32,0,0
BRDA:184,32,1,0
BRDA:185,33,0,0
BRDA:185,33,1,0
BRDA:191,34,0,0
BRDA:191,34,1,0
BRDA:194,35,0,0
BRDA:194,35,1,0
BRDA:195,36,0,0
BRDA:195,36,1,0
BRDA:201,37,0,0
BRDA:201,37,1,0
BRDA:203,38,0,0
BRDA:203,38,1,0
BRDA:203,39,0,0
BRDA:203,39,1,0
BRDA:221,40,0,0
BRDA:221,40,1,0
BRDA:239,41,0,0
BRDA:239,41,1,0
BRDA:253,42,0,0
BRDA:253,42,1,0
BRDA:255,43,0,0
BRDA:255,43,1,0
BRDA:260,44,0,0
BRDA:260,44,1,0
BRDA:263,45,0,0
BRDA:263,45,1,0
BRDA:264,46,0,0
BRDA:264,46,1,0
BRDA:268,47,0,0
BRDA:268,47,1,0
BRF:96
BRH:0
end_of_record
TN:
SF:src/pages/MyContracts.js
FN:7,MyContracts
FN:34,(anonymous_1)
FNF:2
FNH:0
FNDA:0,MyContracts
FNDA:0,(anonymous_1)
DA:8,0
DA:10,0
DA:35,0
LF:3
LH:0
BRDA:23,0,0,0
BRDA:23,0,1,0
BRDA:25,1,0,0
BRDA:25,1,1,0
BRDA:39,2,0,0
BRDA:39,2,1,0
BRDA:39,3,0,0
BRDA:39,3,1,0
BRDA:39,4,0,0
BRDA:39,4,1,0
BRDA:39,5,0,0
BRDA:39,5,1,0
BRF:12
BRH:0
end_of_record
TN:
SF:src/pages/Profile.js
FN:6,Profile
FN:17,(anonymous_1)
FN:21,(anonymous_2)
FN:69,(anonymous_3)
FN:73,(anonymous_4)
FN:77,(anonymous_5)
FN:81,(anonymous_6)
FNF:7
FNH:0
FNDA:0,Profile
FNDA:0,(anonymous_1)
FNDA:0,(anonymous_2)
FNDA:0,(anonymous_3)
FNDA:0,(anonymous_4)
FNDA:0,(anonymous_5)
FNDA:0,(anonymous_6)
DA:7,0
DA:8,0
DA:9,0
DA:15,0
DA:17,0
DA:18,0
DA:19,0
DA:20,0
DA:21,0
DA:22,0
DA:28,0
DA:29,0
DA:31,0
DA:33,0
DA:37,0
DA:69,0
DA:73,0
DA:77,0
DA:81,0
LF:19
LH:0
BRDA:10,0,0,0
BRDA:10,0,1,0
BRDA:11,1,0,0
BRDA:11,1,1,0
BRDA:12,2,0,0
BRDA:12,2,1,0
BRDA:13,3,0,0
BRDA:13,3,1,0
BRDA:26,4,0,0
BRDA:26,4,1,0
BRDA:31,5,0,0
BRDA:31,5,1,0
BRDA:52,6,0,0
BRDA:52,6,1,0
BRDA:55,7,0,0
BRDA:55,7,1,0
BRDA:84,8,0,0
BRDA:84,8,1,0
BRF:18
BRH:0
end_of_record
TN:
SF:src/services/api.js
FN:9,(anonymous_0)
FN:18,(anonymous_1)
FN:19,(anonymous_2)
FNF:3
FNH:0
FNDA:0,(anonymous_0)
FNDA:0,(anonymous_1)
FNDA:0,(anonymous_2)
DA:4,0
DA:9,0
DA:10,0
DA:11,0
DA:12,0
DA:14,0
DA:17,0
DA:18,0
DA:20,0
DA:21,0
DA:22,0
DA:23,0
DA:24,0
DA:25,0
DA:26,0
DA:29,0
DA:30,0
DA:31,0
DA:32,0
DA:34,0
DA:35,0
DA:36,0
DA:37,0
DA:41,0
LF:24
LH:0
BRDA:11,0,0,0
BRDA:11,0,1,0
BRDA:21,1,0,0
BRDA:21,1,1,0
BRDA:21,2,0,0
BRDA:21,2,1,0
BRDA:24,3,0,0
BRDA:24,3,1,0
BRF:8
BRH:0
end_of_record
TN:
SF:src/services/auth.js
FN:4,connectWallet
FN:27,getChallenge
FN:32,signMessage
FN:37,login
FN:43,emailRegister
FN:49,emailLogin
FN:55,storeAuth
FN:61,refreshToken
FN:70,logout
FN:79,fetchCurrentUser
FN:84,getStoredUser
FN:89,isConnected
FNF:12
FNH:0
FNDA:0,connectWallet
FNDA:0,getChallenge
FNDA:0,signMessage
FNDA:0,login
FNDA:0,emailRegister
FNDA:0,emailLogin
FNDA:0,storeAuth
FNDA:0,refreshToken
FNDA:0,logout
FNDA:0,fetchCurrentUser
FNDA:0,getStoredUser
FNDA:0,isConnected
DA:5,0
DA:6,0
DA:9,0
DA:10,0
DA:12,0
DA:13,0
DA:15,0
DA:16,0
DA:18,0
DA:20,0
DA:21,0
DA:23,0
DA:24,0
DA:28,0
DA:29,0
DA:33,0
DA:34,0
DA:38,0
DA:39,0
DA:40,0
DA:44,0
DA:45,0
DA:46,0
DA:50,0
DA:51,0
DA:52,0
DA:56,0
DA:57,0
DA:58,0
DA:62,0
DA:63,0
DA:64,0
DA:65,0
DA:66,0
DA:67,0
DA:71,0
DA:72,0
DA:74,0
DA:75,0
DA:76,0
DA:80,0
DA:81,0
DA:85,0
DA:86,0
DA:90,0
LF:45
LH:0
BRDA:5,0,0,0
BRDA:5,0,1,0
BRDA:12,1,0,0
BRDA:12,1,1,0
BRDA:15,2,0,0
BRDA:15,2,1,0
BRDA:18,3,0,0
BRDA:18,3,1,0
BRDA:20,4,0,0
BRDA:20,4,1,0
BRDA:20,5,0,0
BRDA:20,5,1,0
BRDA:63,6,0,0
BRDA:63,6,1,0
BRDA:86,7,0,0
BRDA:86,7,1,0
BRF:16
BRH:0
end_of_record
TN:
SF:src/services/contracts.js
FN:3,createContract
FN:8,fetchContracts
FN:13,fetchContract
FN:18,signContract
FN:23,fetchMilestones
FN:28,submitMilestone
FN:36,approveMilestone
FN:43,rejectMilestone
FNF:8
FNH:2
FNDA:0,createContract
FNDA:15,fetchContracts
FNDA:0,fetchContract
FNDA:2,signContract
FNDA:0,fetchMilestones
FNDA:0,submitMilestone
FNDA:0,approveMilestone
FNDA:0,rejectMilestone
DA:4,0
DA:5,0
DA:9,15
DA:10,15
DA:14,0
DA:15,0
DA:19,2
DA:20,1
DA:24,0
DA:25,0
DA:29,0
DA:33,0
DA:37,0
DA:40,0
DA:44,0
DA:48,0
LF:16
LH:4
BRDA:8,0,0,0
BRF:1
BRH:0
end_of_record
TN:
SF:src/services/ipfs.js
FN:4,uploadFile
FN:13,getIPFSGatewayUrl
FNF:2
FNH:0
FNDA:0,uploadFile
FNDA:0,getIPFSGatewayUrl
DA:5,0
DA:6,0
DA:7,0
DA:10,0
DA:14,0
LF:5
LH:0
BRF:0
BRH:0
end_of_record
TN:
SF:src/services/web3.js
FN:6,getProvider
FN:13,getSigner
FN:21,getAccount
FN:27,getBalance
FN:33,getContract
FN:34,(anonymous_5)
FNF:6
FNH:0
FNDA:0,getProvider
FNDA:0,getSigner
FNDA:0,getAccount
FNDA:0,getBalance
FNDA:0,getContract
FNDA:0,(anonymous_5)
DA:3,0
DA:4,0
DA:7,0
DA:8,0
DA:10,0
DA:14,0
DA:15,0
DA:16,0
DA:18,0
DA:22,0
DA:23,0
DA:24,0
DA:28,0
DA:29,0
DA:30,0
DA:34,0
DA:35,0
DA:36,0
LF:18
LH:0
BRDA:7,0,0,0
BRDA:7,0,1,0
BRDA:7,1,0,0
BRDA:7,1,1,0
BRDA:14,2,0,0
BRDA:14,2,1,0
BRDA:24,3,0,0
BRDA:24,3,1,0
BRF:8
BRH:0
end_of_record
