{
"contracts/GigEscrow.sol":{"l":{"54":11,"60":10,"64":76,"65":70,"69":30,"70":29,"74":147,"75":140,"87":65,"88":64,"89":63,"90":62,"92":61,"93":61,"94":61,"96":61,"98":60,"99":60,"101":60,"102":60,"103":60,"104":60,"105":60,"106":60,"107":60,"108":60,"109":60,"111":60,"112":104,"120":104,"123":60,"124":60,"125":60,"127":60,"128":60,"132":41,"133":41,"134":40,"136":39,"137":39,"138":39,"147":29,"148":29,"149":27,"151":26,"152":26,"153":25,"155":24,"156":24,"157":24,"159":24,"168":21,"169":21,"171":20,"172":20,"174":17,"175":17,"176":17,"178":17,"179":17,"181":17,"182":16,"184":16,"186":16,"187":8,"196":3,"197":3,"199":2,"200":2,"201":2,"203":2,"211":10,"212":10,"218":8,"219":8,"228":4,"229":4,"231":3,"233":3,"234":2,"235":2,"236":2,"237":2,"238":2,"240":1,"243":3,"244":3,"253":5,"254":5,"256":3,"257":3,"261":8,"262":8,"266":1,"270":1,"279":10,"288":5,"289":4,"298":2},"path":"/home/sarun/Desktop/Capstone_Pawan_Completed/contracts/contracts/GigEscrow.sol","s":{"1":11,"2":76,"3":30,"4":147,"5":65,"6":64,"7":63,"8":62,"9":61,"10":61,"11":61,"12":60,"13":60,"14":60,"15":104,"16":60,"17":60,"18":60,"19":60,"20":41,"21":41,"22":40,"23":39,"24":29,"25":29,"26":27,"27":26,"28":26,"29":25,"30":24,"31":21,"32":21,"33":20,"34":20,"35":17,"36":17,"37":17,"38":16,"39":16,"40":16,"41":8,"42":3,"43":3,"44":2,"45":10,"46":10,"47":8,"48":4,"49":4,"50":3,"51":3,"52":2,"53":2,"54":2,"55":2,"56":2,"57":1,"58":3,"59":5,"60":5,"61":3,"62":8,"63":1,"64":1,"65":10,"66":5,"67":4,"68":2},"b":{"1":[10,1],"2":[3,6],"3":[6,1],"4":[70,6],"5":[29,1],"6":[140,7],"7":[64,1],"8":[63,1],"9":[62,1],"10":[61,1],"11":[60,1],"12":[42,1],"13":[41,1],"14":[40,1],"15":[39,1],"16":[30,1],"17":[29,1],"18":[27,2],"19":[26,1],"20":[25,1],"21":[24,1],"22":[23,1],"23":[21,2],"24":[21,0],"25":[20,1],"26":[17,3],"27":[8,8],"28":[3,0],"29":[3,0],"30":[2,1],"31":[11,1],"32":[10,1],"33":[8,2],"34":[8,0],"35":[6,1],"36":[4,2],"37":[4,0],"38":[3,1],"39":[2,1],"40":[2,1],"41":[2,1],"42":[8,1],"43":[5,3],"44":[5,0],"45":[3,2],"46":[10,1],"47":[5,0],"48":[4,1],"49":[2,0]},"f":{"1":70,"2":11,"3":76,"4":30,"5":147,"6":65,"7":41,"8":29,"9":21,"10":3,"11":10,"12":4,"13":5,"14":8,"15":1,"16":1,"17":10,"18":5,"19":2},"fnMap":{"1":{"name":"constructor","line":11,"loc":{"start":{"line":11,"column":4},"end":{"line":11,"column":39}}},"2":{"name":"onlyContractParty","line":53,"loc":{"start":{"line":53,"column":4},"end":{"line":61,"column":4}}},"3":{"name":"onlyClient","line":63,"loc":{"start":{"line":63,"column":4},"end":{"line":66,"column":4}}},"4":{"name":"onlyFreelancer","line":68,"loc":{"start":{"line":68,"column":4},"end":{"line":71,"column":4}}},"5":{"name":"contractExistsMod","line":73,"loc":{"start":{"line":73,"column":4},"end":{"line":76,"column":4}}},"6":{"name":"createContract","line":78,"loc":{"start":{"line":78,"column":4},"end":{"line":129,"column":4}}},"7":{"name":"fundContract","line":131,"loc":{"start":{"line":131,"column":4},"end":{"line":140,"column":4}}},"8":{"name":"submitMilestone","line":145,"loc":{"start":{"line":142,"column":4},"end":{"line":160,"column":4}}},"9":{"name":"approveMilestone","line":166,"loc":{"start":{"line":162,"column":4},"end":{"line":189,"column":4}}},"10":{"name":"rejectMilestone","line":194,"loc":{"start":{"line":191,"column":4},"end":{"line":204,"column":4}}},"11":{"name":"raiseDispute","line":209,"loc":{"start":{"line":206,"column":4},"end":{"line":220,"column":4}}},"12":{"name":"resolveDispute","line":226,"loc":{"start":{"line":222,"column":4},"end":{"line":245,"column":4}}},"13":{"name":"cancelContract","line":251,"loc":{"start":{"line":247,"column":4},"end":{"line":258,"column":4}}},"14":{"name":"_completeContract","line":260,"loc":{"start":{"line":260,"column":4},"end":{"line":263,"column":4}}},"15":{"name":"getClientContracts","line":265,"loc":{"start":{"line":265,"column":4},"end":{"line":267,"column":4}}},"16":{"name":"getFreelancerContracts","line":269,"loc":{"start":{"line":269,"column":4},"end":{"line":271,"column":4}}},"17":{"name":"getContractDetails","line":276,"loc":{"start":{"line":273,"column":4},"end":{"line":280,"column":4}}},"18":{"name":"getMilestoneDetails","line":285,"loc":{"start":{"line":282,"column":4},"end":{"line":290,"column":4}}},"19":{"name":"getContractBalance","line":295,"loc":{"start":{"line":292,"column":4},"end":{"line":299,"column":4}}}},"statementMap":{"1":{"start":{"line":54,"column":8},"end":{"line":54,"column":2128}},"2":{"start":{"line":64,"column":8},"end":{"line":64,"column":74}},"3":{"start":{"line":69,"column":8},"end":{"line":69,"column":82}},"4":{"start":{"line":74,"column":8},"end":{"line":74,"column":70}},"5":{"start":{"line":87,"column":8},"end":{"line":87,"column":71}},"6":{"start":{"line":88,"column":8},"end":{"line":88,"column":69}},"7":{"start":{"line":89,"column":8},"end":{"line":89,"column":78}},"8":{"start":{"line":90,"column":8},"end":{"line":90,"column":99}},"9":{"start":{"line":92,"column":8},"end":{"line":92,"column":36}},"10":{"start":{"line":93,"column":8},"end":{"line":93,"column":3488}},"11":{"start":{"line":96,"column":8},"end":{"line":96,"column":91}},"12":{"start":{"line":99,"column":8},"end":{"line":99,"column":44}},"13":{"start":{"line":101,"column":8},"end":{"line":101,"column":61}},"14":{"start":{"line":111,"column":8},"end":{"line":111,"column":4190}},"15":{"start":{"line":120,"column":12},"end":{"line":120,"column":46}},"16":{"start":{"line":124,"column":8},"end":{"line":124,"column":51}},"17":{"start":{"line":125,"column":8},"end":{"line":125,"column":56}},"18":{"start":{"line":127,"column":8},"end":{"line":127,"column":79}},"19":{"start":{"line":128,"column":8},"end":{"line":128,"column":25}},"20":{"start":{"line":132,"column":8},"end":{"line":132,"column":62}},"21":{"start":{"line":133,"column":8},"end":{"line":133,"column":88}},"22":{"start":{"line":134,"column":8},"end":{"line":134,"column":75}},"23":{"start":{"line":137,"column":8},"end":{"line":137,"column":5314}},"24":{"start":{"line":147,"column":8},"end":{"line":147,"column":62}},"25":{"start":{"line":148,"column":8},"end":{"line":148,"column":86}},"26":{"start":{"line":149,"column":8},"end":{"line":149,"column":82}},"27":{"start":{"line":151,"column":8},"end":{"line":151,"column":78}},"28":{"start":{"line":152,"column":8},"end":{"line":152,"column":96}},"29":{"start":{"line":153,"column":8},"end":{"line":153,"column":77}},"30":{"start":{"line":159,"column":8},"end":{"line":159,"column":78}},"31":{"start":{"line":168,"column":8},"end":{"line":168,"column":62}},"32":{"start":{"line":169,"column":8},"end":{"line":169,"column":86}},"33":{"start":{"line":171,"column":8},"end":{"line":171,"column":78}},"34":{"start":{"line":172,"column":8},"end":{"line":172,"column":88}},"35":{"start":{"line":178,"column":8},"end":{"line":178,"column":67}},"36":{"start":{"line":179,"column":8},"end":{"line":179,"column":47}},"37":{"start":{"line":181,"column":8},"end":{"line":181,"column":50}},"38":{"start":{"line":182,"column":8},"end":{"line":182,"column":37}},"39":{"start":{"line":184,"column":8},"end":{"line":184,"column":68}},"40":{"start":{"line":186,"column":8},"end":{"line":186,"column":7352}},"41":{"start":{"line":187,"column":12},"end":{"line":187,"column":41}},"42":{"start":{"line":196,"column":8},"end":{"line":196,"column":78}},"43":{"start":{"line":197,"column":8},"end":{"line":197,"column":88}},"44":{"start":{"line":203,"column":8},"end":{"line":203,"column":60}},"45":{"start":{"line":211,"column":8},"end":{"line":211,"column":62}},"46":{"start":{"line":212,"column":8},"end":{"line":212,"column":8228}},"47":{"start":{"line":219,"column":8},"end":{"line":219,"column":51}},"48":{"start":{"line":228,"column":8},"end":{"line":228,"column":62}},"49":{"start":{"line":229,"column":8},"end":{"line":229,"column":83}},"50":{"start":{"line":231,"column":8},"end":{"line":231,"column":81}},"51":{"start":{"line":233,"column":8},"end":{"line":233,"column":8935}},"52":{"start":{"line":234,"column":12},"end":{"line":234,"column":51}},"53":{"start":{"line":235,"column":12},"end":{"line":235,"column":62}},"54":{"start":{"line":236,"column":12},"end":{"line":236,"column":42}},"55":{"start":{"line":237,"column":12},"end":{"line":237,"column":54}},"56":{"start":{"line":238,"column":12},"end":{"line":238,"column":41}},"57":{"start":{"line":240,"column":12},"end":{"line":240,"column":65}},"58":{"start":{"line":244,"column":8},"end":{"line":244,"column":49}},"59":{"start":{"line":253,"column":8},"end":{"line":253,"column":62}},"60":{"start":{"line":254,"column":8},"end":{"line":254,"column":89}},"61":{"start":{"line":257,"column":8},"end":{"line":257,"column":43}},"62":{"start":{"line":262,"column":8},"end":{"line":262,"column":43}},"63":{"start":{"line":266,"column":8},"end":{"line":266,"column":39}},"64":{"start":{"line":270,"column":8},"end":{"line":270,"column":47}},"65":{"start":{"line":279,"column":8},"end":{"line":279,"column":37}},"66":{"start":{"line":288,"column":8},"end":{"line":288,"column":92}},"67":{"start":{"line":289,"column":8},"end":{"line":289,"column":55}},"68":{"start":{"line":298,"column":8},"end":{"line":298,"column":36}}},"branchMap":{"1":{"line":54,"type":"if","locations":[{"start":{"line":54,"column":8},"end":{"line":54,"column":8}},{"start":{"line":54,"column":8},"end":{"line":54,"column":8}}]},"2":{"line":55,"type":"cond-expr","locations":[{"start":{"line":55,"column":12},"end":{"line":55,"column":54}},{"start":{"line":56,"column":12},"end":{"line":56,"column":58}}]},"3":{"line":55,"type":"cond-expr","locations":[{"start":{"line":55,"column":12},"end":{"line":56,"column":58}},{"start":{"line":57,"column":12},"end":{"line":57,"column":32}}]},"4":{"line":64,"type":"if","locations":[{"start":{"line":64,"column":8},"end":{"line":64,"column":8}},{"start":{"line":64,"column":8},"end":{"line":64,"column":8}}]},"5":{"line":69,"type":"if","locations":[{"start":{"line":69,"column":8},"end":{"line":69,"column":8}},{"start":{"line":69,"column":8},"end":{"line":69,"column":8}}]},"6":{"line":74,"type":"if","locations":[{"start":{"line":74,"column":8},"end":{"line":74,"column":8}},{"start":{"line":74,"column":8},"end":{"line":74,"column":8}}]},"7":{"line":87,"type":"if","locations":[{"start":{"line":87,"column":8},"end":{"line":87,"column":8}},{"start":{"line":87,"column":8},"end":{"line":87,"column":8}}]},"8":{"line":88,"type":"if","locations":[{"start":{"line":88,"column":8},"end":{"line":88,"column":8}},{"start":{"line":88,"column":8},"end":{"line":88,"column":8}}]},"9":{"line":89,"type":"if","locations":[{"start":{"line":89,"column":8},"end":{"line":89,"column":8}},{"start":{"line":89,"column":8},"end":{"line":89,"column":8}}]},"10":{"line":90,"type":"if","locations":[{"start":{"line":90,"column":8},"end":{"line":90,"column":8}},{"start":{"line":90,"column":8},"end":{"line":90,"column":8}}]},"11":{"line":96,"type":"if","locations":[{"start":{"line":96,"column":8},"end":{"line":96,"column":8}},{"start":{"line":96,"column":8},"end":{"line":96,"column":8}}]},"12":{"line":131,"type":"if","locations":[{"start":{"line":131,"column":64},"end":{"line":131,"column":64}},{"start":{"line":131,"column":64},"end":{"line":131,"column":64}}]},"13":{"line":131,"type":"if","locations":[{"start":{"line":131,"column":95},"end":{"line":131,"column":95}},{"start":{"line":131,"column":95},"end":{"line":131,"column":95}}]},"14":{"line":133,"type":"if","locations":[{"start":{"line":133,"column":8},"end":{"line":133,"column":8}},{"start":{"line":133,"column":8},"end":{"line":133,"column":8}}]},"15":{"line":134,"type":"if","locations":[{"start":{"line":134,"column":8},"end":{"line":134,"column":8}},{"start":{"line":134,"column":8},"end":{"line":134,"column":8}}]},"16":{"line":144,"type":"if","locations":[{"start":{"line":144,"column":8},"end":{"line":144,"column":8}},{"start":{"line":144,"column":8},"end":{"line":144,"column":8}}]},"17":{"line":145,"type":"if","locations":[{"start":{"line":145,"column":8},"end":{"line":145,"column":8}},{"start":{"line":145,"column":8},"end":{"line":145,"column":8}}]},"18":{"line":148,"type":"if","locations":[{"start":{"line":148,"column":8},"end":{"line":148,"column":8}},{"start":{"line":148,"column":8},"end":{"line":148,"column":8}}]},"19":{"line":149,"type":"if","locations":[{"start":{"line":149,"column":8},"end":{"line":149,"column":8}},{"start":{"line":149,"column":8},"end":{"line":149,"column":8}}]},"20":{"line":152,"type":"if","locations":[{"start":{"line":152,"column":8},"end":{"line":152,"column":8}},{"start":{"line":152,"column":8},"end":{"line":152,"column":8}}]},"21":{"line":153,"type":"if","locations":[{"start":{"line":153,"column":8},"end":{"line":153,"column":8}},{"start":{"line":153,"column":8},"end":{"line":153,"column":8}}]},"22":{"line":164,"type":"if","locations":[{"start":{"line":164,"column":8},"end":{"line":164,"column":8}},{"start":{"line":164,"column":8},"end":{"line":164,"column":8}}]},"23":{"line":165,"type":"if","locations":[{"start":{"line":165,"column":8},"end":{"line":165,"column":8}},{"start":{"line":165,"column":8},"end":{"line":165,"column":8}}]},"24":{"line":166,"type":"if","locations":[{"start":{"line":166,"column":8},"end":{"line":166,"column":8}},{"start":{"line":166,"column":8},"end":{"line":166,"column":8}}]},"25":{"line":169,"type":"if","locations":[{"start":{"line":169,"column":8},"end":{"line":169,"column":8}},{"start":{"line":169,"column":8},"end":{"line":169,"column":8}}]},"26":{"line":172,"type":"if","locations":[{"start":{"line":172,"column":8},"end":{"line":172,"column":8}},{"start":{"line":172,"column":8},"end":{"line":172,"column":8}}]},"27":{"line":186,"type":"if","locations":[{"start":{"line":186,"column":8},"end":{"line":186,"column":8}},{"start":{"line":186,"column":8},"end":{"line":186,"column":8}}]},"28":{"line":193,"type":"if","locations":[{"start":{"line":193,"column":8},"end":{"line":193,"column":8}},{"start":{"line":193,"column":8},"end":{"line":193,"column":8}}]},"29":{"line":194,"type":"if","locations":[{"start":{"line":194,"column":8},"end":{"line":194,"column":8}},{"start":{"line":194,"column":8},"end":{"line":194,"column":8}}]},"30":{"line":197,"type":"if","locations":[{"start":{"line":197,"column":8},"end":{"line":197,"column":8}},{"start":{"line":197,"column":8},"end":{"line":197,"column":8}}]},"31":{"line":208,"type":"if","locations":[{"start":{"line":208,"column":8},"end":{"line":208,"column":8}},{"start":{"line":208,"column":8},"end":{"line":208,"column":8}}]},"32":{"line":209,"type":"if","locations":[{"start":{"line":209,"column":8},"end":{"line":209,"column":8}},{"start":{"line":209,"column":8},"end":{"line":209,"column":8}}]},"33":{"line":212,"type":"if","locations":[{"start":{"line":212,"column":8},"end":{"line":212,"column":8}},{"start":{"line":212,"column":8},"end":{"line":212,"column":8}}]},"34":{"line":213,"type":"cond-expr","locations":[{"start":{"line":213,"column":12},"end":{"line":213,"column":53}},{"start":{"line":214,"column":12},"end":{"line":214,"column":50}}]},"35":{"line":224,"type":"if","locations":[{"start":{"line":224,"column":8},"end":{"line":224,"column":8}},{"start":{"line":224,"column":8},"end":{"line":224,"column":8}}]},"36":{"line":225,"type":"if","locations":[{"start":{"line":225,"column":8},"end":{"line":225,"column":8}},{"start":{"line":225,"column":8},"end":{"line":225,"column":8}}]},"37":{"line":226,"type":"if","locations":[{"start":{"line":226,"column":8},"end":{"line":226,"column":8}},{"start":{"line":226,"column":8},"end":{"line":226,"column":8}}]},"38":{"line":229,"type":"if","locations":[{"start":{"line":229,"column":8},"end":{"line":229,"column":8}},{"start":{"line":229,"column":8},"end":{"line":229,"column":8}}]},"39":{"line":231,"type":"if","locations":[{"start":{"line":231,"column":48},"end":{"line":231,"column":64}},{"start":{"line":231,"column":68},"end":{"line":231,"column":80}}]},"40":{"line":233,"type":"if","locations":[{"start":{"line":233,"column":8},"end":{"line":233,"column":8}},{"start":{"line":233,"column":8},"end":{"line":233,"column":8}}]},"41":{"line":243,"type":"if","locations":[{"start":{"line":243,"column":47},"end":{"line":243,"column":70}},{"start":{"line":243,"column":74},"end":{"line":243,"column":97}}]},"42":{"line":249,"type":"if","locations":[{"start":{"line":249,"column":8},"end":{"line":249,"column":8}},{"start":{"line":249,"column":8},"end":{"line":249,"column":8}}]},"43":{"line":250,"type":"if","locations":[{"start":{"line":250,"column":8},"end":{"line":250,"column":8}},{"start":{"line":250,"column":8},"end":{"line":250,"column":8}}]},"44":{"line":251,"type":"if","locations":[{"start":{"line":251,"column":8},"end":{"line":251,"column":8}},{"start":{"line":251,"column":8},"end":{"line":251,"column":8}}]},"45":{"line":254,"type":"if","locations":[{"start":{"line":254,"column":8},"end":{"line":254,"column":8}},{"start":{"line":254,"column":8},"end":{"line":254,"column":8}}]},"46":{"line":276,"type":"if","locations":[{"start":{"line":276,"column":8},"end":{"line":276,"column":8}},{"start":{"line":276,"column":8},"end":{"line":276,"column":8}}]},"47":{"line":285,"type":"if","locations":[{"start":{"line":285,"column":8},"end":{"line":285,"column":8}},{"start":{"line":285,"column":8},"end":{"line":285,"column":8}}]},"48":{"line":288,"type":"if","locations":[{"start":{"line":288,"column":8},"end":{"line":288,"column":8}},{"start":{"line":288,"column":8},"end":{"line":288,"column":8}}]},"49":{"line":295,"type":"if","locations":[{"start":{"line":295,"column":8},"end":{"line":295,"column":8}},{"start":{"line":295,"column":8},"end":{"line":295,"column":8}}]}}},
"contracts/test/MaliciousReceiver.sol":{"l":{"14":4,"18":4,"19":4,"20":4,"24":2,"28":1,"29":1,"33":1,"34":1,"38":1,"39":1,"43":1,"44":1,"45":0},"path":"/home/sarun/Desktop/Capstone_Pawan_Completed/contracts/contracts/test/MaliciousReceiver.sol","s":{"1":2,"2":1,"3":1,"4":1,"5":1,"6":1,"7":1},"b":{"1":[1,0],"2":[1,0],"3":[1,0],"4":[1,0]},"f":{"1":4,"2":4,"3":2,"4":1,"5":1,"6":1},"fnMap":{"1":{"name":"constructor","line":13,"loc":{"start":{"line":13,"column":4},"end":{"line":15,"column":4}}},"2":{"name":"setAttack","line":17,"loc":{"start":{"line":17,"column":4},"end":{"line":21,"column":4}}},"3":{"name":"submitMilestone","line":23,"loc":{"start":{"line":23,"column":4},"end":{"line":25,"column":4}}},"4":{"name":"tryReenterApprove","line":27,"loc":{"start":{"line":27,"column":4},"end":{"line":30,"column":4}}},"5":{"name":"tryReenterResolve","line":32,"loc":{"start":{"line":32,"column":4},"end":{"line":35,"column":4}}},"6":{"name":"tryReenterCancel","line":37,"loc":{"start":{"line":37,"column":4},"end":{"line":40,"column":4}}}},"statementMap":{"1":{"start":{"line":24,"column":8},"end":{"line":24,"column":76}},"2":{"start":{"line":28,"column":8},"end":{"line":28,"column":51}},"3":{"start":{"line":29,"column":8},"end":{"line":29,"column":70}},"4":{"start":{"line":33,"column":8},"end":{"line":33,"column":51}},"5":{"start":{"line":34,"column":8},"end":{"line":34,"column":68}},"6":{"start":{"line":38,"column":8},"end":{"line":38,"column":51}},"7":{"start":{"line":39,"column":8},"end":{"line":39,"column":46}}},"branchMap":{"1":{"line":28,"type":"if","locations":[{"start":{"line":28,"column":8},"end":{"line":28,"column":8}},{"start":{"line":28,"column":8},"end":{"line":28,"column":8}}]},"2":{"line":33,"type":"if","locations":[{"start":{"line":33,"column":8},"end":{"line":33,"column":8}},{"start":{"line":33,"column":8},"end":{"line":33,"column":8}}]},"3":{"line":38,"type":"if","locations":[{"start":{"line":38,"column":8},"end":{"line":38,"column":8}},{"start":{"line":38,"column":8},"end":{"line":38,"column":8}}]},"4":{"line":43,"type":"if","locations":[{"start":{"line":43,"column":8},"end":{"line":43,"column":8}},{"start":{"line":43,"column":8},"end":{"line":43,"column":8}}]}}}}
