TN:
SF:/home/sarun/Desktop/Capstone_Pawan_Completed/contracts/contracts/GigEscrow.sol
FN:11,constructor
FN:53,onlyContractParty
FN:63,onlyClient
FN:68,onlyFreelancer
FN:73,contractExistsMod
FN:78,createContract
FN:131,fundContract
FN:145,submitMilestone
FN:166,approveMilestone
FN:194,rejectMilestone
FN:209,raiseDispute
FN:226,resolveDispute
FN:251,cancelContract
FN:260,_completeContract
FN:265,getClientContracts
FN:269,getFreelancerContracts
FN:276,getContractDetails
FN:285,getMilestoneDetails
FN:295,getContractBalance
FNF:19
FNH:19
FNDA:70,constructor
FNDA:11,onlyContractParty
FNDA:76,onlyClient
FNDA:30,onlyFreelancer
FNDA:147,contractExistsMod
FNDA:65,createContract
FNDA:41,fundContract
FNDA:29,submitMilestone
FNDA:21,approveMilestone
FNDA:3,rejectMilestone
FNDA:10,raiseDispute
FNDA:4,resolveDispute
FNDA:5,cancelContract
FNDA:8,_completeContract
FNDA:1,getClientContracts
FNDA:1,getFreelancerContracts
FNDA:10,getContractDetails
FNDA:5,getMilestoneDetails
FNDA:2,getContractBalance
DA:54,11
DA:60,10
DA:64,76
DA:65,70
DA:69,30
DA:70,29
DA:74,147
DA:75,140
DA:87,65
DA:88,64
DA:89,63
DA:90,62
DA:92,61
DA:93,61
DA:94,61
DA:96,61
DA:98,60
DA:99,60
DA:101,60
DA:102,60
DA:103,60
DA:104,60
DA:105,60
DA:106,60
DA:107,60
DA:108,60
DA:109,60
DA:111,60
DA:112,104
DA:120,104
DA:123,60
DA:124,60
DA:125,60
DA:127,60
DA:128,60
DA:132,41
DA:133,41
DA:134,40
DA:136,39
DA:137,39
DA:138,39
DA:147,29
DA:148,29
DA:149,27
DA:151,26
DA:152,26
DA:153,25
DA:155,24
DA:156,24
DA:157,24
DA:159,24
DA:168,21
DA:169,21
DA:171,20
DA:172,20
DA:174,17
DA:175,17
DA:176,17
DA:178,17
DA:179,17
DA:181,17
DA:182,16
DA:184,16
DA:186,16
DA:187,8
DA:196,3
DA:197,3
DA:199,2
DA:200,2
DA:201,2
DA:203,2
DA:211,10
DA:212,10
DA:218,8
DA:219,8
DA:228,4
DA:229,4
DA:231,3
DA:233,3
DA:234,2
DA:235,2
DA:236,2
DA:237,2
DA:238,2
DA:240,1
DA:243,3
DA:244,3
DA:253,5
DA:254,5
DA:256,3
DA:257,3
DA:261,8
DA:262,8
DA:266,1
DA:270,1
DA:279,10
DA:288,5
DA:289,4
DA:298,2
LF:99
LH:99
BRDA:54,1,0,10
BRDA:54,1,1,1
BRDA:55,2,0,3
BRDA:55,2,1,6
BRDA:55,3,0,6
BRDA:55,3,1,1
BRDA:64,4,0,70
BRDA:64,4,1,6
BRDA:69,5,0,29
BRDA:69,5,1,1
BRDA:74,6,0,140
BRDA:74,6,1,7
BRDA:87,7,0,64
BRDA:87,7,1,1
BRDA:88,8,0,63
BRDA:88,8,1,1
BRDA:89,9,0,62
BRDA:89,9,1,1
BRDA:90,10,0,61
BRDA:90,10,1,1
BRDA:96,11,0,60
BRDA:96,11,1,1
BRDA:131,12,0,42
BRDA:131,12,1,1
BRDA:131,13,0,41
BRDA:131,13,1,1
BRDA:133,14,0,40
BRDA:133,14,1,1
BRDA:134,15,0,39
BRDA:134,15,1,1
BRDA:144,16,0,30
BRDA:144,16,1,1
BRDA:145,17,0,29
BRDA:145,17,1,1
BRDA:148,18,0,27
BRDA:148,18,1,2
BRDA:149,19,0,26
BRDA:149,19,1,1
BRDA:152,20,0,25
BRDA:152,20,1,1
BRDA:153,21,0,24
BRDA:153,21,1,1
BRDA:164,22,0,23
BRDA:164,22,1,1
BRDA:165,23,0,21
BRDA:165,23,1,2
BRDA:166,24,0,21
BRDA:166,24,1,0
BRDA:169,25,0,20
BRDA:169,25,1,1
BRDA:172,26,0,17
BRDA:172,26,1,3
BRDA:186,27,0,8
BRDA:186,27,1,8
BRDA:193,28,0,3
BRDA:193,28,1,0
BRDA:194,29,0,3
BRDA:194,29,1,0
BRDA:197,30,0,2
BRDA:197,30,1,1
BRDA:208,31,0,11
BRDA:208,31,1,1
BRDA:209,32,0,10
BRDA:209,32,1,1
BRDA:212,33,0,8
BRDA:212,33,1,2
BRDA:213,34,0,8
BRDA:213,34,1,0
BRDA:224,35,0,6
BRDA:224,35,1,1
BRDA:225,36,0,4
BRDA:225,36,1,2
BRDA:226,37,0,4
BRDA:226,37,1,0
BRDA:229,38,0,3
BRDA:229,38,1,1
BRDA:231,39,0,2
BRDA:231,39,1,1
BRDA:233,40,0,2
BRDA:233,40,1,1
BRDA:243,41,0,2
BRDA:243,41,1,1
BRDA:249,42,0,8
BRDA:249,42,1,1
BRDA:250,43,0,5
BRDA:250,43,1,3
BRDA:251,44,0,5
BRDA:251,44,1,0
BRDA:254,45,0,3
BRDA:254,45,1,2
BRDA:276,46,0,10
BRDA:276,46,1,1
BRDA:285,47,0,5
BRDA:285,47,1,0
BRDA:288,48,0,4
BRDA:288,48,1,1
BRDA:295,49,0,2
BRDA:295,49,1,0
BRF:98
BRH:90
end_of_record
TN:
SF:/home/sarun/Desktop/Capstone_Pawan_Completed/contracts/contracts/test/MaliciousReceiver.sol
FN:13,constructor
FN:17,setAttack
FN:23,submitMilestone
FN:27,tryReenterApprove
FN:32,tryReenterResolve
FN:37,tryReenterCancel
FNF:6
FNH:6
FNDA:4,constructor
FNDA:4,setAttack
FNDA:2,submitMilestone
FNDA:1,tryReenterApprove
FNDA:1,tryReenterResolve
FNDA:1,tryReenterCancel
DA:14,4
DA:18,4
DA:19,4
DA:20,4
DA:24,2
DA:28,1
DA:29,1
DA:33,1
DA:34,1
DA:38,1
DA:39,1
DA:43,1
DA:44,1
DA:45,0
LF:14
LH:13
BRDA:28,1,0,1
BRDA:28,1,1,0
BRDA:33,2,0,1
BRDA:33,2,1,0
BRDA:38,3,0,1
BRDA:38,3,1,0
BRDA:43,4,0,1
BRDA:43,4,1,0
BRF:8
BRH:4
end_of_record
